#-----------------------------------------------------------
# Webtalk v2015.2 (64-bit)
# SW Build 1266856 on Fri Jun 26 16:35:25 MDT 2015
# 
# Start of session at: Tue Jan 30 23:02:26 2018
# Process ID: 8548
# Log file: C:/Xilinx/MyProjects/project_1/project_1.sdk/webtalk/webtalk.log
# Journal file: C:/Xilinx/MyProjects/project_1/project_1.sdk/webtalk\webtalk.jou
#-----------------------------------------------------------
source sdk_webtalk.tcl
# webtalk_init -webtalk_dir C:\\Xilinx\\MyProjects\\project_1\\project_1.sdk\\webtalk
# webtalk_register_client -client project
# webtalk_add_data -client project -key date_generated -value "Tue Jan 30 23:02:25 2018" -context "software_version_and_target_device"
# webtalk_add_data -client project -key product_version -value "SDK v2015.2" -context "software_version_and_target_device"
# webtalk_add_data -client project -key build_version -value "2015.2" -context "software_version_and_target_device"
# webtalk_add_data -client project -key os_platform -value "amd64" -context "software_version_and_target_device"
# webtalk_add_data -client project -key registration_id -value "" -context "software_version_and_target_device"
# webtalk_add_data -client project -key tool_flow -value "SDK" -context "software_version_and_target_device"
# webtalk_add_data -client project -key beta -value "false" -context "software_version_and_target_device"
# webtalk_add_data -client project -key route_design -value "NA" -context "software_version_and_target_device"
# webtalk_add_data -client project -key target_family -value "NA" -context "software_version_and_target_device"
# webtalk_add_data -client project -key target_device -value "NA" -context "software_version_and_target_device"
# webtalk_add_data -client project -key target_package -value "NA" -context "software_version_and_target_device"
# webtalk_add_data -client project -key target_speed -value "NA" -context "software_version_and_target_device"
# webtalk_add_data -client project -key random_id -value "ibrg819sr4pvpgf3pu77jng8it" -context "software_version_and_target_device"
# webtalk_add_data -client project -key project_id -value "2015.2_1" -context "software_version_and_target_device"
# webtalk_add_data -client project -key project_iteration -value "1" -context "software_version_and_target_device"
# webtalk_add_data -client project -key os_name -value "" -context "user_environment"
# webtalk_add_data -client project -key os_release -value "" -context "user_environment"
# webtalk_add_data -client project -key cpu_name -value "" -context "user_environment"
# webtalk_add_data -client project -key cpu_speed -value "" -context "user_environment"
# webtalk_add_data -client project -key total_processors -value "" -context "user_environment"
# webtalk_add_data -client project -key system_ram -value "" -context "user_environment"
# webtalk_register_client -client sdk
# webtalk_add_data -client sdk -key uid -value "1517381187188" -context "sdk\\\\hardware/1517381187188"
# webtalk_add_data -client sdk -key isZynq -value "true" -context "sdk\\\\hardware/1517381187188"
# webtalk_add_data -client sdk -key Processors -value "2" -context "sdk\\\\hardware/1517381187188"
# webtalk_add_data -client sdk -key VivadoVersion -value "2015.2" -context "sdk\\\\hardware/1517381187188"
# webtalk_add_data -client sdk -key Arch -value "zynq" -context "sdk\\\\hardware/1517381187188"
# webtalk_add_data -client sdk -key Device -value "7z010" -context "sdk\\\\hardware/1517381187188"
# webtalk_add_data -client sdk -key IsHandoff -value "true" -context "sdk\\\\hardware/1517381187188"
# webtalk_add_data -client sdk -key uid -value "1517381311570" -context "sdk\\\\bsp/1517381311570"
# webtalk_add_data -client sdk -key hwid -value "1517381187188" -context "sdk\\\\bsp/1517381311570"
# webtalk_add_data -client sdk -key os -value "standalone" -context "sdk\\\\bsp/1517381311570"
# webtalk_add_data -client sdk -key apptemplate -value "hello_world" -context "sdk\\\\bsp/1517381311570"
# webtalk_add_data -client sdk -key uid -value "1517381317350" -context "sdk\\\\application/1517381317350"
# webtalk_add_data -client sdk -key hwid -value "1517381187188" -context "sdk\\\\application/1517381317350"
# webtalk_add_data -client sdk -key bspid -value "1517381311570" -context "sdk\\\\application/1517381317350"
# webtalk_add_data -client sdk -key newbsp -value "true" -context "sdk\\\\application/1517381317350"
# webtalk_add_data -client sdk -key os -value "standalone" -context "sdk\\\\application/1517381317350"
# webtalk_add_data -client sdk -key apptemplate -value "hello_world" -context "sdk\\\\application/1517381317350"
# webtalk_add_data -client sdk -key uid -value "1517381408018" -context "sdk\\\\bsp/1517381408018"
# webtalk_add_data -client sdk -key hwid -value "1517381187188" -context "sdk\\\\bsp/1517381408018"
# webtalk_add_data -client sdk -key os -value "standalone" -context "sdk\\\\bsp/1517381408018"
# webtalk_add_data -client sdk -key apptemplate -value "memory_tests" -context "sdk\\\\bsp/1517381408018"
# webtalk_add_data -client sdk -key uid -value "1517381411689" -context "sdk\\\\application/1517381411689"
# webtalk_add_data -client sdk -key hwid -value "1517381187188" -context "sdk\\\\application/1517381411689"
# webtalk_add_data -client sdk -key bspid -value "1517381408018" -context "sdk\\\\application/1517381411689"
# webtalk_add_data -client sdk -key newbsp -value "true" -context "sdk\\\\application/1517381411689"
# webtalk_add_data -client sdk -key os -value "standalone" -context "sdk\\\\application/1517381411689"
# webtalk_add_data -client sdk -key apptemplate -value "memory_tests" -context "sdk\\\\application/1517381411689"
# webtalk_transmit -clientid 3435141212 -regid "" -xml C:\\Xilinx\\MyProjects\\project_1\\project_1.sdk\\webtalk\\usage_statistics_ext_sdk.xml -html C:\\Xilinx\\MyProjects\\project_1\\project_1.sdk\\webtalk\\usage_statistics_ext_sdk.html -wdm C:\\Xilinx\\MyProjects\\project_1\\project_1.sdk\\webtalk\\sdk_webtalk.wdm -intro "<H3>SDK Usage Report</H3><BR>"

    while executing
"webtalk_transmit -clientid 3435141212 -regid "" -xml C:\\Xilinx\\MyProjects\\project_1\\project_1.sdk\\webtalk\\usage_statistics_ext_sdk.xml -html C:\..."
    (file "sdk_webtalk.tcl" line 52)
INFO: [Common 17-206] Exiting Webtalk at Tue Jan 30 23:02:30 2018...
