#-----------------------------------------------------------
# Vivado v2015.2 (64-bit)
# SW Build 1266856 on Fri Jun 26 16:35:25 MDT 2015
# IP Build 1264090 on Wed Jun 24 14:22:01 MDT 2015
# Start of session at: Tue Mar 20 15:03:26 2018
# Process ID: 356
# Log file: C:/Users/Lauro/Desktop/CECS-461/Lab_3/lab3/vivado.log
# Journal file: C:/Users/Lauro/Desktop/CECS-461/Lab_3/lab3\vivado.jou
#-----------------------------------------------------------
start_gui
open_project C:/Users/Lauro/Desktop/CECS-461/Lab_3/lab3/lab3.xpr
Scanning sources...
Finished scanning sources
INFO: [IP_Flow 19-234] Refreshing IP repositories
INFO: [IP_Flow 19-1700] Loaded user IP repository 'c:/Users/Lauro/Desktop/CECS-461/Lab_3/CustomIP'.
INFO: [IP_Flow 19-2313] Loaded Vivado IP repository 'C:/Xilinx/Vivado/2015.2/data/ip'.
open_project: Time (s): cpu = 00:00:21 ; elapsed = 00:00:10 . Memory (MB): peak = 765.086 ; gain = 165.492
open_bd_design {C:/Users/Lauro/Desktop/CECS-461/Lab_3/lab3/lab3.srcs/sources_1/bd/system/system.bd}
Adding component instance block -- xilinx.com:ip:processing_system7:5.5 - processing_system7_0
Adding component instance block -- xilinx.com:ip:axi_gpio:2.0 - switches
Adding component instance block -- xilinx.com:ip:proc_sys_reset:5.0 - rst_processing_system7_0_100M
Adding component instance block -- xilinx.com:ip:axi_gpio:2.0 - buttons
Adding component instance block -- xilinx.com:user:led_ip:1.0 - led_ip
Adding component instance block -- xilinx.com:ip:axi_bram_ctrl:4.0 - axi_bram_ctrl_0
Adding component instance block -- xilinx.com:ip:blk_mem_gen:8.2 - axi_bram_ctrl_0_bram
Adding component instance block -- xilinx.com:ip:axi_crossbar:2.1 - xbar
Adding component instance block -- xilinx.com:ip:axi_protocol_converter:2.1 - auto_pc
Adding component instance block -- xilinx.com:ip:axi_protocol_converter:2.1 - auto_pc
Adding component instance block -- xilinx.com:ip:axi_protocol_converter:2.1 - auto_pc
Adding component instance block -- xilinx.com:ip:axi_protocol_converter:2.1 - auto_pc
Successfully read diagram <system> from BD file <C:/Users/Lauro/Desktop/CECS-461/Lab_3/lab3/lab3.srcs/sources_1/bd/system/system.bd>
open_bd_design: Time (s): cpu = 00:00:07 ; elapsed = 00:00:05 . Memory (MB): peak = 818.465 ; gain = 53.379
file copy -force C:/Users/Lauro/Desktop/CECS-461/Lab_3/lab3/lab3.runs/impl_1/system_wrapper.sysdef C:/Users/Lauro/Desktop/CECS-461/Lab_3/lab3/lab3.sdk/system_wrapper.hdf

launch_sdk -workspace C:/Users/Lauro/Desktop/CECS-461/Lab_3/lab3/lab3.sdk -hwspec C:/Users/Lauro/Desktop/CECS-461/Lab_3/lab3/lab3.sdk/system_wrapper.hdf
INFO: [Vivado 12-393] Launching SDK...
INFO: [Vivado 12-417] Running xsdk -workspace C:/Users/Lauro/Desktop/CECS-461/Lab_3/lab3/lab3.sdk -hwspec C:/Users/Lauro/Desktop/CECS-461/Lab_3/lab3/lab3.sdk/system_wrapper.hdf
INFO: [Vivado 12-3157] SDK launch initiated. Please check console for any further messages.
file copy -force C:/Users/Lauro/Desktop/CECS-461/Lab_3/lab3/lab3.runs/impl_1/system_wrapper.sysdef C:/Users/Lauro/Desktop/CECS-461/Lab_3/lab3/lab3.sdk/system_wrapper.hdf

launch_sdk -workspace C:/Users/Lauro/Desktop/CECS-461/Lab_3/lab3/lab3.sdk -hwspec C:/Users/Lauro/Desktop/CECS-461/Lab_3/lab3/lab3.sdk/system_wrapper.hdf
INFO: [Vivado 12-393] Launching SDK...
INFO: [Vivado 12-417] Running xsdk -workspace C:/Users/Lauro/Desktop/CECS-461/Lab_3/lab3/lab3.sdk -hwspec C:/Users/Lauro/Desktop/CECS-461/Lab_3/lab3/lab3.sdk/system_wrapper.hdf
INFO: [Vivado 12-3157] SDK launch initiated. Please check console for any further messages.
open_bd_design {C:/Users/Lauro/Desktop/CECS-461/Lab_3/lab3/lab3.srcs/sources_1/bd/system/system.bd}
exit
INFO: [Common 17-206] Exiting Vivado at Tue Mar 20 15:38:58 2018...
