#-----------------------------------------------------------
# Vivado v2015.2 (64-bit)
# SW Build 1266856 on Fri Jun 26 16:35:25 MDT 2015
# IP Build 1264090 on Wed Jun 24 14:22:01 MDT 2015
# Start of session at: Tue Apr 03 03:57:34 2018
# Process ID: 10428
# Log file: C:/Users/Lauro/Desktop/CECS-461/Lab_3/lab3/vivado.log
# Journal file: C:/Users/Lauro/Desktop/CECS-461/Lab_3/lab3\vivado.jou
#-----------------------------------------------------------
start_gui
open_project C:/Users/Lauro/Desktop/CECS-461/Lab_3/lab3/lab3.xpr
Scanning sources...
Finished scanning sources
INFO: [IP_Flow 19-234] Refreshing IP repositories
INFO: [IP_Flow 19-1700] Loaded user IP repository 'c:/Users/Lauro/Desktop/CECS-461/Lab_3/CustomIP'.
INFO: [IP_Flow 19-2313] Loaded Vivado IP repository 'C:/Xilinx/Vivado/2015.2/data/ip'.
open_project: Time (s): cpu = 00:00:15 ; elapsed = 00:00:12 . Memory (MB): peak = 749.141 ; gain = 165.684
save_project_as project_1 C:/Users/Lauro/Desktop/CECS-461/Lab_4/project_1 -force
save_project_as: Time (s): cpu = 00:00:05 ; elapsed = 00:00:09 . Memory (MB): peak = 764.871 ; gain = 3.762
exit
INFO: [Common 17-206] Exiting Vivado at Tue Apr 03 04:32:03 2018...
