#-----------------------------------------------------------
# Webtalk v2015.2 (64-bit)
# SW Build 1266856 on Fri Jun 26 16:35:25 MDT 2015
# 
# Start of session at: Tue Mar 20 15:09:53 2018
# Process ID: 7516
# Log file: C:/Users/Lauro/Desktop/CECS-461/Lab_3/lab3/lab3.sdk/webtalk/webtalk.log
# Journal file: C:/Users/Lauro/Desktop/CECS-461/Lab_3/lab3/lab3.sdk/webtalk\webtalk.jou
#-----------------------------------------------------------
source sdk_webtalk.tcl
# webtalk_init -webtalk_dir C:\\Users\\Lauro\\Desktop\\CECS-461\\Lab_3\\lab3\\lab3.sdk\\webtalk
# webtalk_register_client -client project
# webtalk_add_data -client project -key date_generated -value "Tue Mar 20 15:09:52 2018" -context "software_version_and_target_device"
# webtalk_add_data -client project -key product_version -value "SDK v2015.2" -context "software_version_and_target_device"
# webtalk_add_data -client project -key build_version -value "2015.2" -context "software_version_and_target_device"
# webtalk_add_data -client project -key os_platform -value "amd64" -context "software_version_and_target_device"
# webtalk_add_data -client project -key registration_id -value "" -context "software_version_and_target_device"
# webtalk_add_data -client project -key tool_flow -value "SDK" -context "software_version_and_target_device"
# webtalk_add_data -client project -key beta -value "false" -context "software_version_and_target_device"
# webtalk_add_data -client project -key route_design -value "NA" -context "software_version_and_target_device"
# webtalk_add_data -client project -key target_family -value "NA" -context "software_version_and_target_device"
# webtalk_add_data -client project -key target_device -value "NA" -context "software_version_and_target_device"
# webtalk_add_data -client project -key target_package -value "NA" -context "software_version_and_target_device"
# webtalk_add_data -client project -key target_speed -value "NA" -context "software_version_and_target_device"
# webtalk_add_data -client project -key random_id -value "r81qs745o0t7s7ghevo6lcnusi" -context "software_version_and_target_device"
# webtalk_add_data -client project -key project_id -value "2015.2_25" -context "software_version_and_target_device"
# webtalk_add_data -client project -key project_iteration -value "25" -context "software_version_and_target_device"
# webtalk_add_data -client project -key os_name -value "" -context "user_environment"
# webtalk_add_data -client project -key os_release -value "" -context "user_environment"
# webtalk_add_data -client project -key cpu_name -value "" -context "user_environment"
# webtalk_add_data -client project -key cpu_speed -value "" -context "user_environment"
# webtalk_add_data -client project -key total_processors -value "" -context "user_environment"
# webtalk_add_data -client project -key system_ram -value "" -context "user_environment"
# webtalk_register_client -client sdk
# webtalk_add_data -client sdk -key uid -value "1521583747679" -context "sdk\\\\hardware/1521583747679"
# webtalk_add_data -client sdk -key isZynq -value "true" -context "sdk\\\\hardware/1521583747679"
# webtalk_add_data -client sdk -key Processors -value "2" -context "sdk\\\\hardware/1521583747679"
# webtalk_add_data -client sdk -key VivadoVersion -value "2015.2" -context "sdk\\\\hardware/1521583747679"
# webtalk_add_data -client sdk -key Arch -value "zynq" -context "sdk\\\\hardware/1521583747679"
# webtalk_add_data -client sdk -key Device -value "7z010" -context "sdk\\\\hardware/1521583747679"
# webtalk_add_data -client sdk -key IsHandoff -value "true" -context "sdk\\\\hardware/1521583747679"
# webtalk_transmit -clientid 1212739615 -regid "" -xml C:\\Users\\Lauro\\Desktop\\CECS-461\\Lab_3\\lab3\\lab3.sdk\\webtalk\\usage_statistics_ext_sdk.xml -html C:\\Users\\Lauro\\Desktop\\CECS-461\\Lab_3\\lab3\\lab3.sdk\\webtalk\\usage_statistics_ext_sdk.html -wdm C:\\Users\\Lauro\\Desktop\\CECS-461\\Lab_3\\lab3\\lab3.sdk\\webtalk\\sdk_webtalk.wdm -intro "<H3>SDK Usage Report</H3><BR>"

    while executing
"webtalk_transmit -clientid 1212739615 -regid "" -xml C:\\Users\\Lauro\\Desktop\\CECS-461\\Lab_3\\lab3\\lab3.sdk\\webtalk\\usage_statistics_ext_sdk.xml..."
    (file "sdk_webtalk.tcl" line 32)
INFO: [Common 17-206] Exiting Webtalk at Tue Mar 20 15:09:57 2018...
