#
# A fatal error has been detected by the Java Runtime Environment:
#
#  Internal Error (0xc000000d), pid=6828, tid=13712
#
# JRE version: Java(TM) SE Runtime Environment (8.0_25-b18) (build 1.8.0_25-b18)
# Java VM: Java HotSpot(TM) 64-Bit Server VM (25.25-b02 mixed mode windows-amd64 compressed oops)
# Problematic frame:
# C  [ntdll.dll+0x10b2b0]
#
# Failed to write core dump. Minidumps are not enabled by default on client versions of Windows
#
# If you would like to submit a bug report, please visit:
#   http://bugreport.sun.com/bugreport/crash.jsp
#

---------------  T H R E A D  ---------------

Current thread (0x00000000160d7800):  VMThread [stack: 0x0000000017dd0000,0x0000000017ed0000] [id=13712]

siginfo: ExceptionCode=0xc000000d

Registers:
RAX=0x00007ff93353aa85, RBX=0xfffffffffffffffe, RCX=0x0000000017ecee00, RDX=0x00000000000004b4
RSP=0x0000000017ecf270, RBP=0x00007ff9240c7408, RSI=0x0000000000000000, RDI=0x0000000000000e90
R8 =0x0000000000327000, R9 =0x0000000000000002, R10=0x0000000000000001, R11=0x0000000000000000
R12=0x000000001d69ec60, R13=0x000000001d6f2030, R14=0x000000001d69ed68, R15=0x0000000017ecf3e8
RIP=0x00007ff93713b2b0, EFLAGS=0x0000000000000206

Top of Stack: (sp=0x0000000017ecf270)
0x0000000017ecf270:   0000000000000057 fffffffffffffffe
0x0000000017ecf280:   0000000000000000 0000000000000e90
0x0000000017ecf290:   00000000c000000d 0000000000000000
0x0000000017ecf2a0:   00007ff93713b2b0 0000000000000000
0x0000000017ecf2b0:   0000000000000000 0000000000000000
0x0000000017ecf2c0:   0000000000000000 0000000000000000
0x0000000017ecf2d0:   0000000000000000 0000000000000000
0x0000000017ecf2e0:   0000000000000000 0000000000000000
0x0000000017ecf2f0:   0000000000000000 0000000000000000
0x0000000017ecf300:   0000000000000000 0000000000000000
0x0000000017ecf310:   0000000000000000 0000000000000000
0x0000000017ecf320:   0000000000000000 0000000000000000
0x0000000017ecf330:   0000bb4c09841824 0000000000000201
0x0000000017ecf340:   000000000000670f 00007ff9370e7b97
0x0000000017ecf350:   0000000028c40a90 0000000000000000
0x0000000017ecf360:   0000000000800000 00000000000f0000 

Instructions: (pc=0x00007ff93713b2b0)
0x00007ff93713b290:   b7 f9 ff c7 44 24 20 0d 00 00 c0 b9 57 00 00 00
0x00007ff93713b2a0:   e8 4b 63 f3 ff 90 48 8d 4c 24 20 e8 90 00 f1 ff
0x00007ff93713b2b0:   eb 00 48 8b 8c 24 c0 00 00 00 48 33 cc e8 ce 57
0x00007ff93713b2c0:   f8 ff 48 81 c4 d8 00 00 00 c3 40 55 48 83 ec 20 


Register to memory mapping:

RAX=0x00007ff93353aa85 is an unknown value
RBX=0xfffffffffffffffe is an unknown value
RCX=0x0000000017ecee00 is an unknown value
RDX=0x00000000000004b4 is an unknown value
RSP=0x0000000017ecf270 is an unknown value
RBP=0x00007ff9240c7408 is an unknown value
RSI=0x0000000000000000 is an unknown value
RDI=0x0000000000000e90 is an unknown value
R8 =0x0000000000327000 is an unknown value
R9 =0x0000000000000002 is an unknown value
R10=0x0000000000000001 is an unknown value
R11=0x0000000000000000 is an unknown value
R12=0x000000001d69ec60 is an unknown value
R13=0x000000001d6f2030 is an unknown value
R14=0x000000001d69ed68 is an unknown value
R15=0x0000000017ecf3e8 is an unknown value


Stack: [0x0000000017dd0000,0x0000000017ed0000],  sp=0x0000000017ecf270,  free space=1020k
Native frames: (J=compiled Java code, j=interpreted, Vv=VM code, C=native code)
C  [ntdll.dll+0x10b2b0]
C  [ntdll.dll+0xb7b97]
C  [KERNEL32.DLL+0x1180a]
C  [MSVCR110.dll+0x752d]
C  [MSVCR110.dll+0x14cde]
C  [MSVCR110.dll+0x13edc]
C  [MSVCR110.dll+0x239e]
C  [MSVCR110.dll+0xaf9e]
C  [MSVCP110.dll+0x397b9]
C  [librdi_common.dll+0x135d02]
C  [librdi_common.dll+0x13447b]
C  0x00007ff8c2d0c33c
C  0x00007ff8c2d0c5be
C  [ntdll.dll+0x11493]
C  [ntdll.dll+0x406b5]
C  [ntdll.dll+0x40574]
C  [KERNEL32.DLL+0xf06a]
C  [MSVCR100.dll+0x20ccd]
V  [jvm.dll+0x1f9c55]
V  [jvm.dll+0x2325e7]
V  [jvm.dll+0x231826]
V  [jvm.dll+0x231cc1]
V  [jvm.dll+0x231ede]
V  [jvm.dll+0x2852fa]
C  [MSVCR100.dll+0x21d9f]
C  [MSVCR100.dll+0x21e3b]
C  [KERNEL32.DLL+0x11fe4]
C  [ntdll.dll+0x6efc1]

VM_Operation (0x000000000014f500): Exit, mode: safepoint, requested by thread 0x00000000047c2800


---------------  P R O C E S S  ---------------

Java Threads: ( => current thread )
  0x000000001d12d000 JavaThread "Spawner Reaper" daemon [_thread_in_native, id=3752, stack(0x0000000030b20000,0x0000000030c20000)]
  0x000000001b941000 JavaThread "TCF Locator DNS Lookup" daemon [_thread_blocked, id=5772, stack(0x00000000252d0000,0x00000000253d0000)]
  0x000000001b93f000 JavaThread "TCF Locator Timer" daemon [_thread_blocked, id=1324, stack(0x00000000251d0000,0x00000000252d0000)]
  0x000000001b940800 JavaThread "TCF Locator Receiver" daemon [_thread_in_native, id=11200, stack(0x00000000250d0000,0x00000000251d0000)]
  0x000000001b93e000 JavaThread "TCF Timer Dispatcher" daemon [_thread_blocked, id=8696, stack(0x0000000024ed0000,0x0000000024fd0000)]
  0x0000000019528000 JavaThread "EMF Reference Cleaner" daemon [_thread_blocked, id=192, stack(0x000000001eaa0000,0x000000001eba0000)]
  0x0000000018297800 JavaThread "Service Thread" daemon [_thread_blocked, id=5424, stack(0x0000000018bd0000,0x0000000018cd0000)]
  0x0000000018206800 JavaThread "C1 CompilerThread3" daemon [_thread_blocked, id=1648, stack(0x0000000018ad0000,0x0000000018bd0000)]
  0x0000000018201800 JavaThread "C2 CompilerThread2" daemon [_thread_blocked, id=8644, stack(0x00000000189d0000,0x0000000018ad0000)]
  0x00000000181fb800 JavaThread "C2 CompilerThread1" daemon [_thread_blocked, id=4500, stack(0x00000000188d0000,0x00000000189d0000)]
  0x00000000160ee800 JavaThread "C2 CompilerThread0" daemon [_thread_blocked, id=4248, stack(0x00000000187d0000,0x00000000188d0000)]
  0x00000000160ed000 JavaThread "Attach Listener" daemon [_thread_blocked, id=13020, stack(0x00000000186d0000,0x00000000187d0000)]
  0x00000000160ec000 JavaThread "Signal Dispatcher" daemon [_thread_blocked, id=11688, stack(0x00000000185d0000,0x00000000186d0000)]
  0x00000000048b8800 JavaThread "Finalizer" daemon [_thread_blocked, id=4648, stack(0x0000000017fd0000,0x00000000180d0000)]
  0x00000000160db800 JavaThread "Reference Handler" daemon [_thread_blocked, id=6984, stack(0x0000000017ed0000,0x0000000017fd0000)]
  0x00000000047c2800 JavaThread "main" [_thread_blocked, id=2640, stack(0x0000000000050000,0x0000000000150000)]

Other Threads:
=>0x00000000160d7800 VMThread [stack: 0x0000000017dd0000,0x0000000017ed0000] [id=13712]

VM state:at safepoint (shutting down)

VM Mutex/Monitor currently owned by a thread:  ([mutex/lock_event])
[0x000000000491da10] Threads_lock - owner thread: 0x00000000160d7800

Heap:
 PSYoungGen      total 98304K, used 49325K [0x00000000f5580000, 0x00000000fcd00000, 0x0000000100000000)
  eden space 77312K, 63% used [0x00000000f5580000,0x00000000f85ab5c8,0x00000000fa100000)
  from space 20992K, 0% used [0x00000000fb680000,0x00000000fb680000,0x00000000fcb00000)
  to   space 22016K, 0% used [0x00000000fa100000,0x00000000fa100000,0x00000000fb680000)
 ParOldGen       total 84992K, used 42032K [0x00000000e0000000, 0x00000000e5300000, 0x00000000f5580000)
  object space 84992K, 49% used [0x00000000e0000000,0x00000000e290c348,0x00000000e5300000)
 Metaspace       used 77983K, capacity 83580K, committed 83800K, reserved 1122304K
  class space    used 9764K, capacity 11504K, committed 11608K, reserved 1048576K

Card table byte_map: [0x0000000013ce0000,0x0000000013df0000] byte_map_base: 0x00000000135e0000

Marking Bits: (ParMarkBitMap*) 0x000000006981d490
 Begin Bits: [0x00000000145f0000, 0x0000000014df0000)
 End Bits:   [0x0000000014df0000, 0x00000000155f0000)

Polling page: 0x0000000004280000

CodeCache: size=245760Kb used=25147Kb max_used=25147Kb free=220612Kb
 bounds [0x0000000004920000, 0x00000000061f0000, 0x0000000013920000]
 total_blobs=8127 nmethods=7288 adapters=748
 compilation: enabled

Compilation events (10 events):
Event: 114.255 Thread 0x0000000018206800 8808       3       org.eclipse.osgi.internal.serviceregistry.ServiceRegistry::removeServiceRegistration (139 bytes)
Event: 114.255 Thread 0x0000000018206800 nmethod 8808 0x000000000594ffd0 code [0x00000000059501e0, 0x0000000005950c48]
Event: 114.256 Thread 0x0000000018206800 8807   !   3       org.eclipse.osgi.internal.serviceregistry.ServiceRegistrationImpl::unregister (253 bytes)
Event: 114.258 Thread 0x0000000018206800 nmethod 8807 0x0000000005946b50 code [0x0000000005946f40, 0x0000000005949498]
Event: 114.343 Thread 0x0000000018206800 8809   !   3       org.eclipse.osgi.internal.baseadaptor.BaseStorage::compact (215 bytes)
Event: 114.345 Thread 0x0000000018206800 nmethod 8809 0x00000000061ded50 code [0x00000000061df180, 0x00000000061e15b8]
Event: 114.392 Thread 0x0000000018206800 8810       3       org.eclipse.osgi.framework.internal.core.AbstractBundle::close (52 bytes)
Event: 114.393 Thread 0x0000000018206800 nmethod 8810 0x0000000006169210 code [0x0000000006169440, 0x000000000616a128]
Event: 114.394 Thread 0x0000000018206800 8811       1       java.util.logging.LogManager$LoggerContext::getOwner (5 bytes)
Event: 114.395 Thread 0x0000000018206800 nmethod 8811 0x00000000056d6d50 code [0x00000000056d6ea0, 0x00000000056d6fb0]

GC Heap History (10 events):
Event: 13.617 GC heap before
{Heap before GC invocations=14 (full 3):
 PSYoungGen      total 78336K, used 1194K [0x00000000f5580000, 0x00000000fc600000, 0x0000000100000000)
  eden space 59392K, 0% used [0x00000000f5580000,0x00000000f5580000,0x00000000f8f80000)
  from space 18944K, 6% used [0x00000000f8f80000,0x00000000f90aa8e8,0x00000000fa200000)
  to   space 19456K, 0% used [0x00000000fb300000,0x00000000fb300000,0x00000000fc600000)
 ParOldGen       total 58368K, used 31787K [0x00000000e0000000, 0x00000000e3900000, 0x00000000f5580000)
  object space 58368K, 54% used [0x00000000e0000000,0x00000000e1f0ac08,0x00000000e3900000)
 Metaspace       used 54697K, capacity 58992K, committed 59028K, reserved 1099776K
  class space    used 6773K, capacity 8125K, committed 8152K, reserved 1048576K
Event: 13.834 GC heap after
Heap after GC invocations=14 (full 3):
 PSYoungGen      total 78336K, used 0K [0x00000000f5580000, 0x00000000fc600000, 0x0000000100000000)
  eden space 59392K, 0% used [0x00000000f5580000,0x00000000f5580000,0x00000000f8f80000)
  from space 18944K, 0% used [0x00000000f8f80000,0x00000000f8f80000,0x00000000fa200000)
  to   space 19456K, 0% used [0x00000000fb300000,0x00000000fb300000,0x00000000fc600000)
 ParOldGen       total 84992K, used 28436K [0x00000000e0000000, 0x00000000e5300000, 0x00000000f5580000)
  object space 84992K, 33% used [0x00000000e0000000,0x00000000e1bc50a0,0x00000000e5300000)
 Metaspace       used 54697K, capacity 58992K, committed 59028K, reserved 1099776K
  class space    used 6773K, capacity 8125K, committed 8152K, reserved 1048576K
}
Event: 20.417 GC heap before
{Heap before GC invocations=15 (full 3):
 PSYoungGen      total 78336K, used 59364K [0x00000000f5580000, 0x00000000fc600000, 0x0000000100000000)
  eden space 59392K, 99% used [0x00000000f5580000,0x00000000f8f79220,0x00000000f8f80000)
  from space 18944K, 0% used [0x00000000f8f80000,0x00000000f8f80000,0x00000000fa200000)
  to   space 19456K, 0% used [0x00000000fb300000,0x00000000fb300000,0x00000000fc600000)
 ParOldGen       total 84992K, used 28436K [0x00000000e0000000, 0x00000000e5300000, 0x00000000f5580000)
  object space 84992K, 33% used [0x00000000e0000000,0x00000000e1bc50a0,0x00000000e5300000)
 Metaspace       used 65195K, capacity 70354K, committed 70488K, reserved 1110016K
  class space    used 8196K, capacity 9758K, committed 9816K, reserved 1048576K
Event: 20.428 GC heap after
Heap after GC invocations=15 (full 3):
 PSYoungGen      total 83456K, used 13781K [0x00000000f5580000, 0x00000000fc100000, 0x0000000100000000)
  eden space 69120K, 0% used [0x00000000f5580000,0x00000000f5580000,0x00000000f9900000)
  from space 14336K, 96% used [0x00000000fb300000,0x00000000fc0757a0,0x00000000fc100000)
  to   space 20480K, 0% used [0x00000000f9900000,0x00000000f9900000,0x00000000fad00000)
 ParOldGen       total 84992K, used 28444K [0x00000000e0000000, 0x00000000e5300000, 0x00000000f5580000)
  object space 84992K, 33% used [0x00000000e0000000,0x00000000e1bc70a0,0x00000000e5300000)
 Metaspace       used 65195K, capacity 70354K, committed 70488K, reserved 1110016K
  class space    used 8196K, capacity 9758K, committed 9816K, reserved 1048576K
}
Event: 59.688 GC heap before
{Heap before GC invocations=16 (full 3):
 PSYoungGen      total 83456K, used 82892K [0x00000000f5580000, 0x00000000fc100000, 0x0000000100000000)
  eden space 69120K, 99% used [0x00000000f5580000,0x00000000f98fd968,0x00000000f9900000)
  from space 14336K, 96% used [0x00000000fb300000,0x00000000fc0757a0,0x00000000fc100000)
  to   space 20480K, 0% used [0x00000000f9900000,0x00000000f9900000,0x00000000fad00000)
 ParOldGen       total 84992K, used 28444K [0x00000000e0000000, 0x00000000e5300000, 0x00000000f5580000)
  object space 84992K, 33% used [0x00000000e0000000,0x00000000e1bc70a0,0x00000000e5300000)
 Metaspace       used 70779K, capacity 76210K, committed 76376K, reserved 1116160K
  class space    used 8915K, capacity 10573K, committed 10584K, reserved 1048576K
Event: 59.697 GC heap after
Heap after GC invocations=16 (full 3):
 PSYoungGen      total 89600K, used 13602K [0x00000000f5580000, 0x00000000fcb00000, 0x0000000100000000)
  eden space 69120K, 0% used [0x00000000f5580000,0x00000000f5580000,0x00000000f9900000)
  from space 20480K, 66% used [0x00000000f9900000,0x00000000fa648a18,0x00000000fad00000)
  to   space 20992K, 0% used [0x00000000fb680000,0x00000000fb680000,0x00000000fcb00000)
 ParOldGen       total 84992K, used 28452K [0x00000000e0000000, 0x00000000e5300000, 0x00000000f5580000)
  object space 84992K, 33% used [0x00000000e0000000,0x00000000e1bc90a0,0x00000000e5300000)
 Metaspace       used 70779K, capacity 76210K, committed 76376K, reserved 1116160K
  class space    used 8915K, capacity 10573K, committed 10584K, reserved 1048576K
}
Event: 85.942 GC heap before
{Heap before GC invocations=17 (full 3):
 PSYoungGen      total 89600K, used 78949K [0x00000000f5580000, 0x00000000fcb00000, 0x0000000100000000)
  eden space 69120K, 94% used [0x00000000f5580000,0x00000000f9550ce0,0x00000000f9900000)
  from space 20480K, 66% used [0x00000000f9900000,0x00000000fa648a18,0x00000000fad00000)
  to   space 20992K, 0% used [0x00000000fb680000,0x00000000fb680000,0x00000000fcb00000)
 ParOldGen       total 84992K, used 28452K [0x00000000e0000000, 0x00000000e5300000, 0x00000000f5580000)
  object space 84992K, 33% used [0x00000000e0000000,0x00000000e1bc90a0,0x00000000e5300000)
 Metaspace       used 76121K, capacity 81614K, committed 81752K, reserved 1120256K
  class space    used 9548K, capacity 11276K, committed 11352K, reserved 1048576K
Event: 85.953 GC heap after
Heap after GC invocations=17 (full 3):
 PSYoungGen      total 98304K, used 15475K [0x00000000f5580000, 0x00000000fcd00000, 0x0000000100000000)
  eden space 77312K, 0% used [0x00000000f5580000,0x00000000f5580000,0x00000000fa100000)
  from space 20992K, 73% used [0x00000000fb680000,0x00000000fc59cd10,0x00000000fcb00000)
  to   space 22016K, 0% used [0x00000000fa100000,0x00000000fa100000,0x00000000fb680000)
 ParOldGen       total 84992K, used 28460K [0x00000000e0000000, 0x00000000e5300000, 0x00000000f5580000)
  object space 84992K, 33% used [0x00000000e0000000,0x00000000e1bcb0a0,0x00000000e5300000)
 Metaspace       used 76121K, capacity 81614K, committed 81752K, reserved 1120256K
  class space    used 9548K, capacity 11276K, committed 11352K, reserved 1048576K
}
Event: 85.953 GC heap before
{Heap before GC invocations=18 (full 4):
 PSYoungGen      total 98304K, used 15475K [0x00000000f5580000, 0x00000000fcd00000, 0x0000000100000000)
  eden space 77312K, 0% used [0x00000000f5580000,0x00000000f5580000,0x00000000fa100000)
  from space 20992K, 73% used [0x00000000fb680000,0x00000000fc59cd10,0x00000000fcb00000)
  to   space 22016K, 0% used [0x00000000fa100000,0x00000000fa100000,0x00000000fb680000)
 ParOldGen       total 84992K, used 28460K [0x00000000e0000000, 0x00000000e5300000, 0x00000000f5580000)
  object space 84992K, 33% used [0x00000000e0000000,0x00000000e1bcb0a0,0x00000000e5300000)
 Metaspace       used 76121K, capacity 81614K, committed 81752K, reserved 1120256K
  class space    used 9548K, capacity 11276K, committed 11352K, reserved 1048576K
Event: 86.286 GC heap after
Heap after GC invocations=18 (full 4):
 PSYoungGen      total 98304K, used 0K [0x00000000f5580000, 0x00000000fcd00000, 0x0000000100000000)
  eden space 77312K, 0% used [0x00000000f5580000,0x00000000f5580000,0x00000000fa100000)
  from space 20992K, 0% used [0x00000000fb680000,0x00000000fb680000,0x00000000fcb00000)
  to   space 22016K, 0% used [0x00000000fa100000,0x00000000fa100000,0x00000000fb680000)
 ParOldGen       total 84992K, used 42032K [0x00000000e0000000, 0x00000000e5300000, 0x00000000f5580000)
  object space 84992K, 49% used [0x00000000e0000000,0x00000000e290c348,0x00000000e5300000)
 Metaspace       used 76121K, capacity 81614K, committed 81752K, reserved 1120256K
  class space    used 9548K, capacity 11276K, committed 11352K, reserved 1048576K
}

Deoptimization events (10 events):
Event: 113.563 Thread 0x00000000047c2800 Uncommon trap: reason=unreached action=reinterpret pc=0x0000000005fc1720 method=org.eclipse.e4.ui.model.application.commands.impl.CommandImpl.eIsSet(I)Z @ 139
Event: 113.570 Thread 0x00000000047c2800 Uncommon trap: reason=bimorphic action=maybe_recompile pc=0x00000000061ba2a4 method=org.eclipse.emf.ecore.impl.ETypedElementImpl.getEType()Lorg/eclipse/emf/ecore/EClassifier; @ 18
Event: 113.570 Thread 0x00000000047c2800 Uncommon trap: reason=bimorphic action=maybe_recompile pc=0x00000000061ba2a4 method=org.eclipse.emf.ecore.impl.ETypedElementImpl.getEType()Lorg/eclipse/emf/ecore/EClassifier; @ 18
Event: 113.617 Thread 0x00000000047c2800 Uncommon trap: reason=class_check action=maybe_recompile pc=0x0000000005e8e4c0 method=org.eclipse.e4.core.internal.contexts.TrackableComputationExt.update(Lorg/eclipse/e4/core/internal/contexts/ContextChangeEvent;)Z @ 62
Event: 113.618 Thread 0x00000000047c2800 Uncommon trap: reason=class_check action=maybe_recompile pc=0x0000000005e25be4 method=org.eclipse.e4.core.internal.contexts.ContextObjectSupplier$ContextInjectionListener.update(Lorg/eclipse/e4/core/contexts/IEclipseContext;I[Ljava/lang/Object;)Z @ 173
Event: 113.618 Thread 0x00000000047c2800 Uncommon trap: reason=class_check action=maybe_recompile pc=0x0000000005e8e4c0 method=org.eclipse.e4.core.internal.contexts.TrackableComputationExt.update(Lorg/eclipse/e4/core/internal/contexts/ContextChangeEvent;)Z @ 62
Event: 113.618 Thread 0x00000000047c2800 Uncommon trap: reason=class_check action=maybe_recompile pc=0x0000000005e25be4 method=org.eclipse.e4.core.internal.contexts.ContextObjectSupplier$ContextInjectionListener.update(Lorg/eclipse/e4/core/contexts/IEclipseContext;I[Ljava/lang/Object;)Z @ 173
Event: 113.618 Thread 0x00000000047c2800 Uncommon trap: reason=class_check action=maybe_recompile pc=0x0000000005e8e4c0 method=org.eclipse.e4.core.internal.contexts.TrackableComputationExt.update(Lorg/eclipse/e4/core/internal/contexts/ContextChangeEvent;)Z @ 62
Event: 113.618 Thread 0x00000000047c2800 Uncommon trap: reason=class_check action=maybe_recompile pc=0x0000000005e25be4 method=org.eclipse.e4.core.internal.contexts.ContextObjectSupplier$ContextInjectionListener.update(Lorg/eclipse/e4/core/contexts/IEclipseContext;I[Ljava/lang/Object;)Z @ 173
Event: 114.208 Thread 0x00000000047c2800 Uncommon trap: reason=null_check action=make_not_entrant pc=0x000000000522834c method=org.eclipse.core.runtime.internal.adaptor.EclipseLazyStarter.shouldActivateFor(Ljava/lang/String;Lorg/eclipse/osgi/baseadaptor/BaseData;Lorg/eclipse/core/runtime/internal—ΩŸd\@

Internal exceptions (10 events):
Event: 111.697 Thread 0x000000001d135800 Exception <a 'java/net/SocketException': Connection reset by peer: socket write error> (0x00000000f757e988) thrown at [D:\re\workspace\8-2-build-windows-amd64-cygwin\jdk8u25\1677\hotspot\src\share\vm\prims\jni.cpp, line 742]
Event: 111.698 Thread 0x000000001d13b000 Exception <a 'java/net/SocketException': Socket closed> (0x00000000f787b6a8) thrown at [D:\re\workspace\8-2-build-windows-amd64-cygwin\jdk8u25\1677\hotspot\src\share\vm\prims\jni.cpp, line 742]
Event: 111.698 Thread 0x000000001b942000 Exception <a 'java/lang/InterruptedException'> (0x00000000f7893870) thrown at [D:\re\workspace\8-2-build-windows-amd64-cygwin\jdk8u25\1677\hotspot\src\share\vm\runtime\objectMonitor.cpp, line 1682]
Event: 111.800 Thread 0x00000000047c2800 Implicit null exception at 0x0000000006041904 to 0x0000000006041c69
Event: 111.876 Thread 0x000000001d138800 Exception <a 'java/io/FileNotFoundException'> (0x00000000f7c488d0) thrown at [D:\re\workspace\8-2-build-windows-amd64-cygwin\jdk8u25\1677\hotspot\src\share\vm\prims\jni.cpp, line 716]
Event: 114.208 Thread 0x00000000047c2800 Implicit null exception at 0x0000000005226873 to 0x0000000005228341
Event: 114.254 Thread 0x00000000194ed800 Exception <a 'java/lang/InterruptedException': sleep interrupted> (0x00000000f83474f8) thrown at [D:\re\workspace\8-2-build-windows-amd64-cygwin\jdk8u25\1677\hotspot\src\share\vm\prims\jvm.cpp, line 3141]
Event: 114.255 Thread 0x0000000019256000 Exception <a 'java/lang/InterruptedException'> (0x00000000f8408920) thrown at [D:\re\workspace\8-2-build-windows-amd64-cygwin\jdk8u25\1677\hotspot\src\share\vm\runtime\objectMonitor.cpp, line 1682]
Event: 114.256 Thread 0x0000000018480800 Exception <a 'java/lang/InterruptedException'> (0x00000000f842f3b0) thrown at [D:\re\workspace\8-2-build-windows-amd64-cygwin\jdk8u25\1677\hotspot\src\share\vm\runtime\objectMonitor.cpp, line 1682]
Event: 114.392 Thread 0x0000000019606800 Exception <a 'java/lang/InterruptedException'> (0x00000000f83457b0) thrown at [D:\re\workspace\8-2-build-windows-amd64-cygwin\jdk8u25\1677\hotspot\src\share\vm\runtime\objectMonitor.cpp, line 1682]

Events (10 events):
Event: 114.393 loading class java/util/IdentityHashMap$KeyIterator done
Event: 114.393 Thread 0x000000001d135800 Thread added: 0x000000001d135800
Event: 114.393 Executing VM operation: RevokeBias
Event: 114.393 Executing VM operation: RevokeBias done
Event: 114.393 Executing VM operation: RevokeBias
Event: 114.393 Executing VM operation: RevokeBias done
Event: 114.393 Executing VM operation: RevokeBias
Event: 114.393 Executing VM operation: RevokeBias done
Event: 114.393 Thread 0x000000001d135800 Thread exited: 0x000000001d135800
Event: 114.395 Executing VM operation: Exit


Dynamic libraries:
0x0000000000400000 - 0x000000000044f000 	C:\Xilinx\SDK\2015.2\eclipse\win64.o\eclipse.exe
0x00007ff937030000 - 0x00007ff937210000 	C:\WINDOWS\SYSTEM32\ntdll.dll
0x00007ff934dc0000 - 0x00007ff934e6e000 	C:\WINDOWS\System32\KERNEL32.DLL
0x00007ff9334e0000 - 0x00007ff933746000 	C:\WINDOWS\System32\KERNELBASE.dll
0x00007ff936d40000 - 0x00007ff936ecf000 	C:\WINDOWS\System32\USER32.dll
0x00007ff934340000 - 0x00007ff934360000 	C:\WINDOWS\System32\win32u.dll
0x00007ff9351c0000 - 0x00007ff9351e8000 	C:\WINDOWS\System32\GDI32.dll
0x00007ff933a50000 - 0x00007ff933be3000 	C:\WINDOWS\System32\gdi32full.dll
0x00007ff934360000 - 0x00007ff9343fb000 	C:\WINDOWS\System32\msvcp_win.dll
0x00007ff934400000 - 0x00007ff9344f6000 	C:\WINDOWS\System32\ucrtbase.dll
0x00007ff934d10000 - 0x00007ff934dad000 	C:\WINDOWS\System32\msvcrt.dll
0x00007ff927820000 - 0x00007ff927a89000 	C:\WINDOWS\WinSxS\amd64_microsoft.windows.common-controls_6595b64144ccf1df_6.0.16299.309_none_15cfd4c4935e6b11\COMCTL32.dll
0x00007ff934840000 - 0x00007ff934b48000 	C:\WINDOWS\System32\combase.dll
0x00007ff9366c0000 - 0x00007ff9367df000 	C:\WINDOWS\System32\RPCRT4.dll
0x00007ff933750000 - 0x00007ff9337c2000 	C:\WINDOWS\System32\bcryptPrimitives.dll
0x00007ff936690000 - 0x00007ff9366bd000 	C:\WINDOWS\System32\IMM32.DLL
0x0000000072000000 - 0x0000000072012000 	C:\Xilinx\SDK\2015.2\eclipse\win64.o\plugins\org.eclipse.equinox.launcher.win32.win32.x86_64_1.1.200.v20140116-2212\eclipse_1503.dll
0x00007ff936c30000 - 0x00007ff936cd1000 	C:\WINDOWS\System32\ADVAPI32.dll
0x00007ff936630000 - 0x00007ff93668b000 	C:\WINDOWS\System32\sechost.dll
0x00007ff92da80000 - 0x00007ff92da8a000 	C:\WINDOWS\SYSTEM32\VERSION.dll
0x00007ff931940000 - 0x00007ff9319d5000 	C:\WINDOWS\system32\uxtheme.dll
0x00007ff935050000 - 0x00007ff9351b7000 	C:\WINDOWS\System32\MSCTF.dll
0x00007ff934500000 - 0x00007ff9345c5000 	C:\WINDOWS\System32\OLEAUT32.dll
0x00007ff90af50000 - 0x00007ff90aff9000 	C:\Program Files\Common Files\microsoft shared\ink\tiptsf.dll
0x0000000069040000 - 0x000000006989a000 	C:\Xilinx\SDK\2015.2\tps\win64\jre\bin\server\jvm.dll
0x00007ff934db0000 - 0x00007ff934db8000 	C:\WINDOWS\System32\PSAPI.DLL
0x00007ff92abf0000 - 0x00007ff92abf9000 	C:\WINDOWS\SYSTEM32\WSOCK32.dll
0x00007ff930530000 - 0x00007ff930553000 	C:\WINDOWS\SYSTEM32\WINMM.dll
0x000000006b910000 - 0x000000006b9e2000 	C:\WINDOWS\SYSTEM32\MSVCR100.dll
0x00007ff936f90000 - 0x00007ff936ffc000 	C:\WINDOWS\System32\WS2_32.dll
0x00007ff930430000 - 0x00007ff93045a000 	C:\WINDOWS\SYSTEM32\winmmbase.dll
0x00007ff933a00000 - 0x00007ff933a4a000 	C:\WINDOWS\System32\cfgmgr32.dll
0x0000000068f00000 - 0x0000000068f0f000 	C:\Xilinx\SDK\2015.2\tps\win64\jre\bin\verify.dll
0x0000000068ed0000 - 0x0000000068ef8000 	C:\Xilinx\SDK\2015.2\tps\win64\jre\bin\java.dll
0x0000000068eb0000 - 0x0000000068ec6000 	C:\Xilinx\SDK\2015.2\tps\win64\jre\bin\zip.dll
0x00007ff9351f0000 - 0x00007ff936626000 	C:\WINDOWS\System32\SHELL32.dll
0x00007ff936ed0000 - 0x00007ff936f76000 	C:\WINDOWS\System32\shcore.dll
0x00007ff933bf0000 - 0x00007ff934337000 	C:\WINDOWS\System32\windows.storage.dll
0x00007ff9347e0000 - 0x00007ff934831000 	C:\WINDOWS\System32\shlwapi.dll
0x00007ff933410000 - 0x00007ff933421000 	C:\WINDOWS\System32\kernel.appcore.dll
0x00007ff9333a0000 - 0x00007ff9333ec000 	C:\WINDOWS\System32\powrprof.dll
0x00007ff9333f0000 - 0x00007ff93340b000 	C:\WINDOWS\System32\profapi.dll
0x00007ff932dd0000 - 0x00007ff932de7000 	C:\WINDOWS\SYSTEM32\CRYPTSP.dll
0x00007ff932810000 - 0x00007ff932843000 	C:\WINDOWS\system32\rsaenh.dll
0x00007ff932ee0000 - 0x00007ff932f05000 	C:\WINDOWS\SYSTEM32\bcrypt.dll
0x00007ff9332b0000 - 0x00007ff9332d9000 	C:\WINDOWS\SYSTEM32\USERENV.dll
0x00007ff932df0000 - 0x00007ff932dfb000 	C:\WINDOWS\SYSTEM32\CRYPTBASE.dll
0x0000000068e90000 - 0x0000000068eaa000 	C:\Xilinx\SDK\2015.2\tps\win64\jre\bin\net.dll
0x00007ff932c10000 - 0x00007ff932c76000 	C:\WINDOWS\system32\mswsock.dll
0x00007ff9329a0000 - 0x00007ff9329d9000 	C:\WINDOWS\SYSTEM32\IPHLPAPI.DLL
0x00007ff935040000 - 0x00007ff935048000 	C:\WINDOWS\System32\NSI.dll
0x00007ff92bd30000 - 0x00007ff92bd46000 	C:\WINDOWS\SYSTEM32\dhcpcsvc6.DLL
0x00007ff92bff0000 - 0x00007ff92c00a000 	C:\WINDOWS\SYSTEM32\dhcpcsvc.DLL
0x0000000068e70000 - 0x0000000068e81000 	C:\Xilinx\SDK\2015.2\tps\win64\jre\bin\nio.dll
0x00007ff919290000 - 0x00007ff919328000 	C:\WINDOWS\System32\TextInputFramework.dll
0x00007ff92c120000 - 0x00007ff92c40e000 	C:\WINDOWS\System32\CoreUIComponents.dll
0x00007ff92f9b0000 - 0x00007ff92fa8c000 	C:\WINDOWS\System32\CoreMessaging.dll
0x00007ff9324b0000 - 0x00007ff9324e1000 	C:\WINDOWS\SYSTEM32\ntmarta.dll
0x00007ff930ae0000 - 0x00007ff930c16000 	C:\WINDOWS\SYSTEM32\wintypes.dll
0x00007ff931c00000 - 0x00007ff931c2a000 	C:\WINDOWS\system32\dwmapi.dll
0x00007ff934630000 - 0x00007ff9346ce000 	C:\WINDOWS\System32\clbcatq.dll
0x00007ff913710000 - 0x00007ff913916000 	C:\Windows\System32\uiautomationcore.dll
0x00007ff9331e0000 - 0x00007ff93327a000 	C:\WINDOWS\SYSTEM32\sxs.dll
0x00007ff92b400000 - 0x00007ff92b46e000 	C:\Windows\System32\OLEACC.dll
0x00007ff907690000 - 0x00007ff9076a6000 	C:\WINDOWS\system32\napinsp.dll
0x00007ff907670000 - 0x00007ff90768a000 	C:\WINDOWS\system32\pnrpnsp.dll
0x00007ff930d60000 - 0x00007ff930d78000 	C:\WINDOWS\system32\NLAapi.dll
0x00007ff9329e0000 - 0x00007ff932a96000 	C:\WINDOWS\SYSTEM32\DNSAPI.dll
0x00007ff911120000 - 0x00007ff91112e000 	C:\WINDOWS\System32\winrnr.dll
0x00007ff92acb0000 - 0x00007ff92acc5000 	C:\WINDOWS\System32\wshbth.dll
0x000000006ba00000 - 0x000000006ba0a000 	C:\Program Files\National Instruments\Shared\mDNS Responder\nimdnsNSP.dll
0x00007ff907650000 - 0x00007ff907666000 	C:\WINDOWS\SYSTEM32\VCRUNTIME140.dll
0x000000006b9f0000 - 0x000000006ba00000 	C:\WINDOWS\SYSTEM32\nimdnsResponder.dll
0x00007ff925760000 - 0x00007ff92576a000 	C:\Windows\System32\rasadhlp.dll
0x00007ff925a20000 - 0x00007ff925a90000 	C:\WINDOWS\System32\fwpuclnt.dll
0x00007ff934e70000 - 0x00007ff934fb9000 	C:\WINDOWS\System32\ole32.dll
0x000000001bfc0000 - 0x000000001c068000 	C:\Users\Lauro\.Xilinx\SDK\2015.2\org.eclipse.osgi\bundles\287\1\.cp\swt-win32-4335.dll
0x00007ff9346d0000 - 0x00007ff9347da000 	C:\WINDOWS\System32\comdlg32.dll
0x00007ff9337d0000 - 0x00007ff93399e000 	C:\WINDOWS\System32\CRYPT32.dll
0x00007ff933380000 - 0x00007ff933392000 	C:\WINDOWS\System32\MSASN1.dll
0x00007ff92d4c0000 - 0x00007ff92d546000 	C:\WINDOWS\SYSTEM32\WINSPOOL.DRV
0x00007ff8d2010000 - 0x00007ff8d2029000 	C:\WINDOWS\SYSTEM32\USP10.dll
0x00007ff923410000 - 0x00007ff923744000 	C:\WINDOWS\SYSTEM32\WININET.dll
0x00007ff930fe0000 - 0x00007ff931191000 	C:\WINDOWS\SYSTEM32\propsys.dll
0x000000001c100000 - 0x000000001c11e000 	C:\Users\Lauro\.Xilinx\SDK\2015.2\org.eclipse.osgi\bundles\287\1\.cp\swt-gdip-win32-4335.dll
0x00007ff92b4b0000 - 0x00007ff92b64c000 	C:\WINDOWS\WinSxS\amd64_microsoft.windows.gdiplus_6595b64144ccf1df_1.1.16299.309_none_46bac7a9edf0e4df\gdiplus.dll
0x00007ff92ca10000 - 0x00007ff92cbbb000 	C:\WINDOWS\SYSTEM32\WindowsCodecs.dll
0x0000000180000000 - 0x0000000180012000 	C:\Users\Lauro\.Xilinx\SDK\2015.2\org.eclipse.osgi\bundles\113\1\.cp\os\win32\x86_64\localfile_1_0_0.dll
0x00007ff92e850000 - 0x00007ff92e861000 	C:\Users\Lauro\.Xilinx\SDK\2015.2\org.eclipse.osgi\bundles\116\1\.cp\jWinHttp-1.0.0.dll
0x00007ff930c80000 - 0x00007ff930d5e000 	C:\WINDOWS\SYSTEM32\WINHTTP.dll
0x00007ff931cf0000 - 0x00007ff931e6b000 	C:\WINDOWS\system32\twinapi.appcore.dll
0x00007ff931eb0000 - 0x00007ff931ed0000 	C:\WINDOWS\system32\RMCLIENT.dll
0x00007ff914ab0000 - 0x00007ff914b31000 	C:\WINDOWS\SYSTEM32\twinapi.dll
0x00007ff91e8a0000 - 0x00007ff91e8b0000 	C:\Xilinx\SDK\2015.2\lib\win64.o\librdi_repo_manager.dll
0x00007ff900460000 - 0x00007ff90048a000 	C:\Xilinx\SDK\2015.2\lib\win64.o\libisl_sysinfo.dll
0x00007ff8ff700000 - 0x00007ff8ff754000 	C:\Xilinx\SDK\2015.2\lib\win64.o\librdi_commonxillic.dll
0x00007ff8c3560000 - 0x00007ff8c3ea3000 	C:\Xilinx\SDK\2015.2\lib\win64.o\librdi_common.dll
0x00007ff9240c0000 - 0x00007ff924194000 	C:\WINDOWS\SYSTEM32\MSVCR110.dll
0x00007ff923a70000 - 0x00007ff923b17000 	C:\WINDOWS\SYSTEM32\MSVCP110.dll
0x00007ff8c4f90000 - 0x00007ff8c5178000 	C:\Xilinx\SDK\2015.2\lib\win64.o\librdi_hsm.dll
0x00007ff8c5430000 - 0x00007ff8c5650000 	C:\Xilinx\SDK\2015.2\lib\win64.o\libXil_lmgr11.dll
0x00007ff9339a0000 - 0x00007ff9339f8000 	C:\WINDOWS\System32\WINTRUST.dll
0x00007ff925510000 - 0x00007ff925532000 	C:\Xilinx\SDK\2015.2\lib\win64.o\libboost_filesystem.dll
0x00007ff8f9410000 - 0x00007ff8f950a000 	C:\Xilinx\SDK\2015.2\lib\win64.o\libboost_regex.dll
0x00007ff925500000 - 0x00007ff925509000 	C:\Xilinx\SDK\2015.2\lib\win64.o\libboost_system.dll
0x00007ff8c5180000 - 0x00007ff8c5428000 	C:\Xilinx\SDK\2015.2\lib\win64.o\libCOIN-all.dll
0x00007ff9255a0000 - 0x00007ff9255b0000 	C:\Xilinx\SDK\2015.2\lib\win64.o\libboost_date_time.dll
0x00007ff8f96c0000 - 0x00007ff8f9734000 	C:\Xilinx\SDK\2015.2\lib\win64.o\libboost_program_options.dll
0x00007ff925580000 - 0x00007ff925593000 	C:\Xilinx\SDK\2015.2\lib\win64.o\libboost_signals.dll
0x00007ff921db0000 - 0x00007ff921dcd000 	C:\Xilinx\SDK\2015.2\lib\win64.o\libboost_thread.dll
0x00007ff8f9640000 - 0x00007ff8f96c0000 	C:\Xilinx\SDK\2015.2\lib\win64.o\libhdlpsolve.dll
0x00007ff8f8b00000 - 0x00007ff8f8b9a000 	C:\Xilinx\SDK\2015.2\lib\win64.o\libhdxml.dll
0x00007ff8c2f50000 - 0x00007ff8c355a200 	C:\Xilinx\SDK\2015.2\lib\win64.o\libisl_iostreams.dll
0x00007ff921d60000 - 0x00007ff921d83000 	C:\Xilinx\SDK\2015.2\lib\win64.o\libisl_iosutils.dll
0x00007ff8d1ba0000 - 0x00007ff8d1cd0000 	C:\Xilinx\SDK\2015.2\lib\win64.o\librdi_curl.dll
0x00007ff91b460000 - 0x00007ff91b478000 	C:\Xilinx\SDK\2015.2\lib\win64.o\librdiconfig.dll
0x00007ff92e610000 - 0x00007ff92e625000 	C:\Xilinx\SDK\2015.2\lib\win64.o\pthreadVC2.dll
0x00007ff925a90000 - 0x00007ff925c5c000 	C:\WINDOWS\SYSTEM32\urlmon.dll
0x00007ff934b50000 - 0x00007ff934b6d000 	C:\WINDOWS\System32\imagehlp.dll
0x0000000068f10000 - 0x0000000069037000 	C:\Xilinx\SDK\2015.2\lib\win64.o\tcl85t.dll
0x00007ff91e920000 - 0x00007ff91e943000 	C:\WINDOWS\SYSTEM32\VCOMP110.DLL
0x00007ff8fed10000 - 0x00007ff8fed33000 	C:\Xilinx\SDK\2015.2\lib\win64.o\librdizlib.dll
0x00007ff8f8d10000 - 0x00007ff8f8d53000 	C:\Xilinx\SDK\2015.2\lib\win64.o\librdi_hdf.dll
0x00007ff8c1dd0000 - 0x00007ff8c1f8a000 	C:\Xilinx\SDK\2015.2\lib\win64.o\librdi_ippcw.dll
0x00007ff9239f0000 - 0x00007ff923a07000 	C:\WINDOWS\SYSTEM32\NETAPI32.dll
0x00007ff9239b0000 - 0x00007ff9239bb000 	C:\Xilinx\SDK\2015.2\lib\win64.o\libboost_chrono.dll
0x00007ff919440000 - 0x00007ff919456000 	C:\Xilinx\SDK\2015.2\lib\win64.o\libboost_iostreams.dll
0x00007ff925780000 - 0x00007ff925a19000 	C:\WINDOWS\SYSTEM32\iertutil.dll

VM Arguments:
jvm_args: -Dcom.xilinx.sdk.args.hwspec=C:/Users/Lauro/Desktop/CECS-461/Midterm2_LauroCabral/Midterm2_LauroCabral.sdk/system_wrapper.hdf -Xms64m -Xmx512m & 
java_command: <unknown>
java_class_path (initial): C:\Xilinx\SDK\2015.2\eclipse\win64.o\\plugins/org.eclipse.equinox.launcher_1.3.0.v20130327-1440.jar
Launcher Type: generic

Environment Variables:
USERNAME=Lauro
OS=Windows_NT
PROCESSOR_IDENTIFIER=Intel64 Family 6 Model 60 Stepping 3, GenuineIntel



---------------  S Y S T E M  ---------------

OS: Windows 8 , 64 bit Build 9200 

CPU:total 8 (4 cores per cpu, 2 threads per core) family 6 model 60 stepping 3, cmov, cx8, fxsr, mmx, sse, sse2, sse3, ssse3, sse4.1, sse4.2, popcnt, avx, avx2, aes, clmul, erms, lzcnt, ht, tsc, tscinvbit, bmi1, bmi2

Memory: 4k page, physical 16677948k(10577204k free), swap 19168316k(11755568k free)

vm_info: Java HotSpot(TM) 64-Bit Server VM (25.25-b02) for windows-amd64 JRE (1.8.0_25-b18), built on Oct  7 2014 14:25:37 by "java_re" with MS VC++ 10.0 (VS2010)

time: Tue Apr 03 17:20:50 2018
elapsed time: 115 seconds (0d 0h 1m 55s)

