#-----------------------------------------------------------
# Vivado v2015.2 (64-bit)
# SW Build 1266856 on Fri Jun 26 16:35:25 MDT 2015
# IP Build 1264090 on Wed Jun 24 14:22:01 MDT 2015
# Start of session at: Tue Apr 03 17:05:28 2018
# Process ID: 4012
# Log file: C:/Users/Lauro/Desktop/CECS-461/Midterm2_LauroCabral/vivado.log
# Journal file: C:/Users/Lauro/Desktop/CECS-461/Midterm2_LauroCabral\vivado.jou
#-----------------------------------------------------------
start_gui
open_project C:/Users/Lauro/Desktop/CECS-461/Midterm2_LauroCabral/Midterm2_LauroCabral.xpr
Scanning sources...
Finished scanning sources
INFO: [IP_Flow 19-234] Refreshing IP repositories
INFO: [IP_Flow 19-1704] No user IP repositories specified
INFO: [IP_Flow 19-2313] Loaded Vivado IP repository 'C:/Xilinx/Vivado/2015.2/data/ip'.
open_project: Time (s): cpu = 00:00:16 ; elapsed = 00:00:08 . Memory (MB): peak = 840.336 ; gain = 250.043
set_property  ip_repo_paths  C:/Users/Lauro/Desktop/CECS-461/Midterm2_LauroCabral/CustomIP [current_project]
update_ip_catalog
INFO: [IP_Flow 19-234] Refreshing IP repositories
INFO: [IP_Flow 19-1700] Loaded user IP repository 'c:/Users/Lauro/Desktop/CECS-461/Midterm2_LauroCabral/CustomIP'.
open_bd_design {C:/Users/Lauro/Desktop/CECS-461/Midterm2_LauroCabral/Midterm2_LauroCabral.srcs/sources_1/bd/system/system.bd}
Adding component instance block -- xilinx.com:ip:processing_system7:5.5 - processing_system7_0
Adding component instance block -- xilinx.com:ip:axi_gpio:2.0 - switches
Adding component instance block -- xilinx.com:ip:proc_sys_reset:5.0 - rst_processing_system7_0_100M
Adding component instance block -- xilinx.com:ip:axi_gpio:2.0 - buttons
Adding component instance block -- xilinx.com:ip:axi_crossbar:2.1 - xbar
Adding component instance block -- xilinx.com:ip:axi_protocol_converter:2.1 - auto_pc
Successfully read diagram <system> from BD file <C:/Users/Lauro/Desktop/CECS-461/Midterm2_LauroCabral/Midterm2_LauroCabral.srcs/sources_1/bd/system/system.bd>
startgroup
create_bd_cell -type ip -vlnv xilinx.com:user:led_ip:1.0 led_ip_0
endgroup
regenerate_bd_layout
set_property -dict [list CONFIG.LED_WIDTH {4}] [get_bd_cells led_ip_0]
regenerate_bd_layout
set_property name led_ip [get_bd_cells led_ip_0]
regenerate_bd_layout
apply_bd_automation -rule xilinx.com:bd_rule:axi4 -config {Master "/processing_system7_0/M_AXI_GP0" Clk "Auto" }  [get_bd_intf_pins led_ip/S00_AXI]
</led_ip/S00_AXI/S00_AXI_reg> is being mapped into </processing_system7_0/Data> at <0x43C00000[ 64K ]>
regenerate_bd_layout
startgroup
create_bd_port -dir O -from 3 -to 0 LED
connect_bd_net [get_bd_pins /led_ip/LED] [get_bd_ports LED]
endgroup
regenerate_bd_layout
validate_bd_design
INFO: [Ipptcl 7-578] No Compatible Board Interface found.Board Tab not created
validate_bd_design: Time (s): cpu = 00:00:07 ; elapsed = 00:00:07 . Memory (MB): peak = 949.586 ; gain = 16.121
add_files -fileset constrs_1 -norecurse C:/Users/Lauro/Desktop/CECS-461/Midterm2_LauroCabral/CustomIP/lab3_zybo.xdc
generate_target all [get_files  C:/Users/Lauro/Desktop/CECS-461/Midterm2_LauroCabral/Midterm2_LauroCabral.srcs/sources_1/bd/system/system.bd]
INFO: [BD 41-1662] The design 'system.bd' is already validated. Therefore parameter propagation will not be re-run.
VHDL Output written to : C:/Users/Lauro/Desktop/CECS-461/Midterm2_LauroCabral/Midterm2_LauroCabral.srcs/sources_1/bd/system/hdl/system.vhd
VHDL Output written to : C:/Users/Lauro/Desktop/CECS-461/Midterm2_LauroCabral/Midterm2_LauroCabral.srcs/sources_1/bd/system/hdl/system_wrapper.vhd
Wrote  : <C:/Users/Lauro/Desktop/CECS-461/Midterm2_LauroCabral/Midterm2_LauroCabral.srcs/sources_1/bd/system/system.bd> 
INFO: [IP_Flow 19-1686] Generating 'Instantiation Template' target for IP 'system_processing_system7_0_0'...
INFO: [IP_Flow 19-1686] Generating 'Simulation' target for IP 'system_processing_system7_0_0'...
WARNING: [xilinx.com:ip:processing_system7:5.5-1] system_processing_system7_0_0: The Zynq BFM requires an AXI BFM license to run. Please ensure that you have purchased and setup the AXI BFM license prior to running simulation with this block. Please contact your Xilinx sales office for more information on purchasing this license
INFO: [IP_Flow 19-1686] Generating 'Miscellaneous' target for IP 'system_processing_system7_0_0'...
INFO: [IP_Flow 19-1686] Generating 'Change Log' target for IP 'system_processing_system7_0_0'...
INFO: [BD 41-1029] Generation completed for the IP Integrator block processing_system7_0 .
INFO: [IP_Flow 19-1686] Generating 'Instantiation Template' target for IP 'system_axi_gpio_0_0'...
INFO: [IP_Flow 19-1686] Generating 'Simulation' target for IP 'system_axi_gpio_0_0'...
INFO: [IP_Flow 19-1686] Generating 'Change Log' target for IP 'system_axi_gpio_0_0'...
INFO: [BD 41-1029] Generation completed for the IP Integrator block switches .
INFO: [IP_Flow 19-1686] Generating 'Instantiation Template' target for IP 'system_rst_processing_system7_0_100M_0'...
INFO: [IP_Flow 19-1686] Generating 'Simulation' target for IP 'system_rst_processing_system7_0_100M_0'...
INFO: [IP_Flow 19-1686] Generating 'Change Log' target for IP 'system_rst_processing_system7_0_100M_0'...
INFO: [BD 41-1029] Generation completed for the IP Integrator block rst_processing_system7_0_100M .
INFO: [IP_Flow 19-1686] Generating 'Instantiation Template' target for IP 'system_axi_gpio_0_1'...
INFO: [IP_Flow 19-1686] Generating 'Simulation' target for IP 'system_axi_gpio_0_1'...
INFO: [IP_Flow 19-1686] Generating 'Change Log' target for IP 'system_axi_gpio_0_1'...
INFO: [BD 41-1029] Generation completed for the IP Integrator block buttons .
INFO: [IP_Flow 19-1686] Generating 'Instantiation Template' target for IP 'system_xbar_0'...
INFO: [IP_Flow 19-1686] Generating 'Synthesis' target for IP 'system_xbar_0'...
WARNING: [IP_Flow 19-1687] The current project language is set to VHDL. However IP 'system_xbar_0' does not support 'VHDL Synthesis' output products, delivering 'Verilog Synthesis' output products instead.
INFO: [IP_Flow 19-1686] Generating 'Simulation' target for IP 'system_xbar_0'...
WARNING: [IP_Flow 19-1687] The current project language is set to VHDL. However IP 'system_xbar_0' does not support 'VHDL Simulation' output products, delivering 'Verilog Simulation' output products instead.
INFO: [IP_Flow 19-1686] Generating 'Change Log' target for IP 'system_xbar_0'...
INFO: [BD 41-1029] Generation completed for the IP Integrator block processing_system7_0_axi_periph/xbar .
INFO: [IP_Flow 19-1686] Generating 'Instantiation Template' target for IP 'system_led_ip_0_0'...
INFO: [IP_Flow 19-1686] Generating 'Synthesis' target for IP 'system_led_ip_0_0'...
WARNING: [IP_Flow 19-1687] The current project language is set to VHDL. However IP 'system_led_ip_0_0' does not support 'VHDL Synthesis' output products, delivering 'Verilog Synthesis' output products instead.
INFO: [IP_Flow 19-1686] Generating 'Simulation' target for IP 'system_led_ip_0_0'...
WARNING: [IP_Flow 19-1687] The current project language is set to VHDL. However IP 'system_led_ip_0_0' does not support 'VHDL Simulation' output products, delivering 'Verilog Simulation' output products instead.
INFO: [IP_Flow 19-1686] Generating 'Software Driver' target for IP 'system_led_ip_0_0'...
INFO: [BD 41-1029] Generation completed for the IP Integrator block led_ip .
INFO: [IP_Flow 19-1686] Generating 'Instantiation Template' target for IP 'system_auto_pc_0'...
INFO: [IP_Flow 19-1686] Generating 'Synthesis' target for IP 'system_auto_pc_0'...
WARNING: [IP_Flow 19-1687] The current project language is set to VHDL. However IP 'system_auto_pc_0' does not support 'VHDL Synthesis' output products, delivering 'Verilog Synthesis' output products instead.
INFO: [IP_Flow 19-1686] Generating 'Simulation' target for IP 'system_auto_pc_0'...
WARNING: [IP_Flow 19-1687] The current project language is set to VHDL. However IP 'system_auto_pc_0' does not support 'VHDL Simulation' output products, delivering 'Verilog Simulation' output products instead.
INFO: [IP_Flow 19-1686] Generating 'Change Log' target for IP 'system_auto_pc_0'...
INFO: [BD 41-1029] Generation completed for the IP Integrator block processing_system7_0_axi_periph/s00_couplers/auto_pc .
INFO: [BD 41-1379] This design does not contain any processor.
Exporting to file C:/Users/Lauro/Desktop/CECS-461/Midterm2_LauroCabral/Midterm2_LauroCabral.srcs/sources_1/bd/system/hw_handoff/system.hwh
Generated Block Design Tcl file C:/Users/Lauro/Desktop/CECS-461/Midterm2_LauroCabral/Midterm2_LauroCabral.srcs/sources_1/bd/system/hw_handoff/system_bd.tcl
Generated Hardware Definition File C:/Users/Lauro/Desktop/CECS-461/Midterm2_LauroCabral/Midterm2_LauroCabral.srcs/sources_1/bd/system/hdl/system.hwdef
generate_target: Time (s): cpu = 00:00:07 ; elapsed = 00:00:06 . Memory (MB): peak = 1024.867 ; gain = 63.590
save_bd_design
Wrote  : <C:/Users/Lauro/Desktop/CECS-461/Midterm2_LauroCabral/Midterm2_LauroCabral.srcs/sources_1/bd/system/system.bd> 
reset_run synth_1
launch_runs impl_1 -to_step write_bitstream -jobs 4
[Tue Apr 03 17:14:34 2018] Launched synth_1...
Run output will be captured here: C:/Users/Lauro/Desktop/CECS-461/Midterm2_LauroCabral/Midterm2_LauroCabral.runs/synth_1/runme.log
[Tue Apr 03 17:14:34 2018] Launched impl_1...
Run output will be captured here: C:/Users/Lauro/Desktop/CECS-461/Midterm2_LauroCabral/Midterm2_LauroCabral.runs/impl_1/runme.log
open_bd_design {C:/Users/Lauro/Desktop/CECS-461/Midterm2_LauroCabral/Midterm2_LauroCabral.srcs/sources_1/bd/system/system.bd}
file copy -force C:/Users/Lauro/Desktop/CECS-461/Midterm2_LauroCabral/Midterm2_LauroCabral.runs/impl_1/system_wrapper.sysdef C:/Users/Lauro/Desktop/CECS-461/Midterm2_LauroCabral/Midterm2_LauroCabral.sdk/system_wrapper.hdf

launch_sdk -workspace C:/Users/Lauro/Desktop/CECS-461/Midterm2_LauroCabral/Midterm2_LauroCabral.sdk -hwspec C:/Users/Lauro/Desktop/CECS-461/Midterm2_LauroCabral/Midterm2_LauroCabral.sdk/system_wrapper.hdf
INFO: [Vivado 12-393] Launching SDK...
INFO: [Vivado 12-417] Running xsdk -workspace C:/Users/Lauro/Desktop/CECS-461/Midterm2_LauroCabral/Midterm2_LauroCabral.sdk -hwspec C:/Users/Lauro/Desktop/CECS-461/Midterm2_LauroCabral/Midterm2_LauroCabral.sdk/system_wrapper.hdf
INFO: [Vivado 12-3157] SDK launch initiated. Please check console for any further messages.
file copy -force C:/Users/Lauro/Desktop/CECS-461/Midterm2_LauroCabral/Midterm2_LauroCabral.runs/impl_1/system_wrapper.sysdef C:/Users/Lauro/Desktop/CECS-461/Midterm2_LauroCabral/Midterm2_LauroCabral.sdk/system_wrapper.hdf

launch_sdk -workspace C:/Users/Lauro/Desktop/CECS-461/Midterm2_LauroCabral/Midterm2_LauroCabral.sdk -hwspec C:/Users/Lauro/Desktop/CECS-461/Midterm2_LauroCabral/Midterm2_LauroCabral.sdk/system_wrapper.hdf
INFO: [Vivado 12-393] Launching SDK...
INFO: [Vivado 12-417] Running xsdk -workspace C:/Users/Lauro/Desktop/CECS-461/Midterm2_LauroCabral/Midterm2_LauroCabral.sdk -hwspec C:/Users/Lauro/Desktop/CECS-461/Midterm2_LauroCabral/Midterm2_LauroCabral.sdk/system_wrapper.hdf
INFO: [Vivado 12-3157] SDK launch initiated. Please check console for any further messages.
exit
INFO: [Common 17-206] Exiting Vivado at Tue Apr 03 17:36:56 2018...
