#
# A fatal error has been detected by the Java Runtime Environment:
#
#  Internal Error (0xc000000d), pid=3716, tid=4916
#
# JRE version: Java(TM) SE Runtime Environment (8.0_25-b18) (build 1.8.0_25-b18)
# Java VM: Java HotSpot(TM) 64-Bit Server VM (25.25-b02 mixed mode windows-amd64 compressed oops)
# Problematic frame:
# C  [ntdll.dll+0x10b2b0]
#
# Failed to write core dump. Minidumps are not enabled by default on client versions of Windows
#
# If you would like to submit a bug report, please visit:
#   http://bugreport.sun.com/bugreport/crash.jsp
#

---------------  T H R E A D  ---------------

Current thread (0x00000000160a8000):  VMThread [stack: 0x0000000017db0000,0x0000000017eb0000] [id=4916]

siginfo: ExceptionCode=0xc000000d

Registers:
RAX=0x0000000018ece500, RBX=0xfffffffffffffffe, RCX=0x0000000000000001, RDX=0x000000001b78e4d0
RSP=0x0000000017eaf270, RBP=0x00007ff9afa97408, RSI=0x0000000000000000, RDI=0x0000000000000e94
R8 =0x0000000000000700, R9 =0x000000000014f7b0, R10=0x00007ff9c15909cf, R11=0x000000001b78e640
R12=0x00000000279a4a90, R13=0x000000002a2bbb00, R14=0x00000000279a4b98, R15=0x0000000017eaf3e8
RIP=0x00007ff9c165b2b0, EFLAGS=0x0000000000000206

Top of Stack: (sp=0x0000000017eaf270)
0x0000000017eaf270:   0000000000000057 fffffffffffffffe
0x0000000017eaf280:   0000000000000000 0000000000000e94
0x0000000017eaf290:   00000000c000000d 0000000000000000
0x0000000017eaf2a0:   00007ff9c165b2b0 0000000000000000
0x0000000017eaf2b0:   0000000000000000 0000000000000000
0x0000000017eaf2c0:   0000000000000000 0000000000000000
0x0000000017eaf2d0:   0000000000000000 0000000000000000
0x0000000017eaf2e0:   0000000000000000 0000000000000000
0x0000000017eaf2f0:   0000000000000000 0000000000000000
0x0000000017eaf300:   0000000000000000 0000000000000000
0x0000000017eaf310:   0000000000000000 0000000000000000
0x0000000017eaf320:   0000000000000000 0000000000000000
0x0000000017eaf330:   0000857ab9b26dff 0000000000000000
0x0000000017eaf340:   0000000000000000 00007ff9c1607b97
0x0000000017eaf350:   0000000000000000 0000000000000000
0x0000000017eaf360:   0000000000000000 0000000000000000 

Instructions: (pc=0x00007ff9c165b2b0)
0x00007ff9c165b290:   b7 f9 ff c7 44 24 20 0d 00 00 c0 b9 57 00 00 00
0x00007ff9c165b2a0:   e8 4b 63 f3 ff 90 48 8d 4c 24 20 e8 90 00 f1 ff
0x00007ff9c165b2b0:   eb 00 48 8b 8c 24 c0 00 00 00 48 33 cc e8 ce 57
0x00007ff9c165b2c0:   f8 ff 48 81 c4 d8 00 00 00 c3 40 55 48 83 ec 20 


Register to memory mapping:

RAX=0x0000000018ece500 is an unknown value
RBX=0xfffffffffffffffe is an unknown value
RCX=0x0000000000000001 is an unknown value
RDX=0x000000001b78e4d0 is an unknown value
RSP=0x0000000017eaf270 is an unknown value
RBP=0x00007ff9afa97408 is an unknown value
RSI=0x0000000000000000 is an unknown value
RDI=0x0000000000000e94 is an unknown value
R8 =0x0000000000000700 is an unknown value
R9 =0x000000000014f7b0 is pointing into the stack for thread: 0x00000000046e2800
R10=0x00007ff9c15909cf is an unknown value
R11=0x000000001b78e640 is an unknown value
R12=0x00000000279a4a90 is an unknown value
R13=0x000000002a2bbb00 is an unknown value
R14=0x00000000279a4b98 is an unknown value
R15=0x0000000017eaf3e8 is an unknown value


Stack: [0x0000000017db0000,0x0000000017eb0000],  sp=0x0000000017eaf270,  free space=1020k
Native frames: (J=compiled Java code, j=interpreted, Vv=VM code, C=native code)
C  [ntdll.dll+0x10b2b0]
C  [ntdll.dll+0xb7b97]
C  [KERNEL32.DLL+0x1180a]
C  [MSVCR110.dll+0x752d]
C  [MSVCR110.dll+0x14cde]
C  [MSVCR110.dll+0x13edc]
C  [MSVCR110.dll+0x239e]
C  [MSVCR110.dll+0xaf9e]
C  [MSVCP110.dll+0x397b9]
C  [librdi_common.dll+0x135d02]
C  [librdi_common.dll+0x13447b]
C  0x00007ff9af6b2400
C  0x00007ff9af6b2682
C  [ntdll.dll+0x11493]
C  [ntdll.dll+0x406b5]
C  [ntdll.dll+0x40574]
C  [KERNEL32.DLL+0xf06a]
C  [MSVCR100.dll+0x20ccd]
V  [jvm.dll+0x1f9c55]
V  [jvm.dll+0x2325e7]
V  [jvm.dll+0x231826]
V  [jvm.dll+0x231cc1]
V  [jvm.dll+0x231ede]
V  [jvm.dll+0x2852fa]
C  [MSVCR100.dll+0x21d9f]
C  [MSVCR100.dll+0x21e3b]
C  [KERNEL32.DLL+0x11fe4]
C  [ntdll.dll+0x6efc1]

VM_Operation (0x000000000014f500): Exit, mode: safepoint, requested by thread 0x00000000046e2800


---------------  P R O C E S S  ---------------

Java Threads: ( => current thread )
  0x000000001add8800 JavaThread "Thread-17" daemon [_thread_blocked, id=5188, stack(0x000000002ea80000,0x000000002eb80000)]
  0x0000000022642000 JavaThread "TCF Locator DNS Lookup" daemon [_thread_blocked, id=3468, stack(0x00000000252a0000,0x00000000253a0000)]
  0x0000000022647800 JavaThread "TCF Locator Timer" daemon [_thread_blocked, id=5180, stack(0x00000000251a0000,0x00000000252a0000)]
  0x0000000022645000 JavaThread "TCF Locator Receiver" daemon [_thread_in_native, id=7932, stack(0x00000000250a0000,0x00000000251a0000)]
  0x000000001adde000 JavaThread "TCF Timer Dispatcher" daemon [_thread_blocked, id=11656, stack(0x0000000024ea0000,0x0000000024fa0000)]
  0x000000001ceb9800 JavaThread "EMF Reference Cleaner" daemon [_thread_blocked, id=688, stack(0x000000001d9d0000,0x000000001dad0000)]
  0x0000000018271800 JavaThread "Service Thread" daemon [_thread_blocked, id=948, stack(0x0000000018bb0000,0x0000000018cb0000)]
  0x00000000181e6800 JavaThread "C1 CompilerThread3" daemon [_thread_blocked, id=11948, stack(0x0000000018ab0000,0x0000000018bb0000)]
  0x00000000181e5800 JavaThread "C2 CompilerThread2" daemon [_thread_blocked, id=2264, stack(0x00000000189b0000,0x0000000018ab0000)]
  0x00000000181e0000 JavaThread "C2 CompilerThread1" daemon [_thread_blocked, id=12956, stack(0x00000000188b0000,0x00000000189b0000)]
  0x00000000181d9000 JavaThread "C2 CompilerThread0" daemon [_thread_blocked, id=4688, stack(0x00000000187b0000,0x00000000188b0000)]
  0x00000000160be800 JavaThread "Attach Listener" daemon [_thread_blocked, id=10892, stack(0x00000000186b0000,0x00000000187b0000)]
  0x00000000160bd800 JavaThread "Signal Dispatcher" daemon [_thread_blocked, id=2876, stack(0x00000000185b0000,0x00000000186b0000)]
  0x00000000047d8000 JavaThread "Finalizer" daemon [_thread_blocked, id=2024, stack(0x0000000017fb0000,0x00000000180b0000)]
  0x00000000160ac000 JavaThread "Reference Handler" daemon [_thread_blocked, id=11724, stack(0x0000000017eb0000,0x0000000017fb0000)]
  0x00000000046e2800 JavaThread "main" [_thread_blocked, id=12068, stack(0x0000000000050000,0x0000000000150000)]

Other Threads:
=>0x00000000160a8000 VMThread [stack: 0x0000000017db0000,0x0000000017eb0000] [id=4916]

VM state:at safepoint (shutting down)

VM Mutex/Monitor currently owned by a thread:  ([mutex/lock_event])
[0x000000000483e7c0] Threads_lock - owner thread: 0x00000000160a8000

Heap:
 PSYoungGen      total 99840K, used 39977K [0x00000000f5580000, 0x00000000fcf00000, 0x0000000100000000)
  eden space 81408K, 38% used [0x00000000f5580000,0x00000000f7409d80,0x00000000fa500000)
  from space 18432K, 47% used [0x00000000fbd00000,0x00000000fc5809f0,0x00000000fcf00000)
  to   space 21504K, 0% used [0x00000000fa500000,0x00000000fa500000,0x00000000fba00000)
 ParOldGen       total 84480K, used 42942K [0x00000000e0000000, 0x00000000e5280000, 0x00000000f5580000)
  object space 84480K, 50% used [0x00000000e0000000,0x00000000e29efb50,0x00000000e5280000)
 Metaspace       used 76497K, capacity 81878K, committed 82008K, reserved 1120256K
  class space    used 9574K, capacity 11304K, committed 11352K, reserved 1048576K

Card table byte_map: [0x0000000013c00000,0x0000000013d10000] byte_map_base: 0x0000000013500000

Marking Bits: (ParMarkBitMap*) 0x0000000077f7d490
 Begin Bits: [0x00000000145c0000, 0x0000000014dc0000)
 End Bits:   [0x0000000014dc0000, 0x00000000155c0000)

Polling page: 0x00000000045d0000

CodeCache: size=245760Kb used=22362Kb max_used=22583Kb free=223397Kb
 bounds [0x0000000004840000, 0x0000000005e80000, 0x0000000013840000]
 total_blobs=7340 nmethods=6499 adapters=750
 compilation: enabled

Compilation events (10 events):
Event: 97.543 Thread 0x00000000181e6800 7791  s    3       org.eclipse.equinox.internal.ds.model.ServiceComponentProp::setState (6 bytes)
Event: 97.543 Thread 0x00000000181e6800 nmethod 7791 0x0000000004cbee90 code [0x0000000004cbefe0, 0x0000000004cbf290]
Event: 97.569 Thread 0x00000000181e6800 7796       3       java.io.File::list (33 bytes)
Event: 97.570 Thread 0x00000000181e6800 nmethod 7796 0x0000000005505690 code [0x0000000005505860, 0x0000000005505f88]
Event: 97.571 Thread 0x00000000181e5800 7797       4       java.io.WinNTFileSystem::resolve (231 bytes)
Event: 97.582 Thread 0x00000000181e5800 nmethod 7797 0x0000000005800090 code [0x0000000005800240, 0x0000000005800b30]
Event: 97.595 Thread 0x00000000181e6800 7798   !   3       org.eclipse.osgi.internal.baseadaptor.BaseStorage::compact (215 bytes)
Event: 97.597 Thread 0x00000000181e6800 nmethod 7798 0x0000000005a75bd0 code [0x0000000005a76000, 0x0000000005a78468]
Event: 97.630 Thread 0x00000000181e6800 7799       3       org.eclipse.osgi.framework.internal.core.AbstractBundle::close (52 bytes)
Event: 97.631 Thread 0x00000000181e6800 nmethod 7799 0x0000000005309810 code [0x0000000005309a40, 0x000000000530a728]

GC Heap History (10 events):
Event: 13.804 GC heap before
{Heap before GC invocations=13 (full 2):
 PSYoungGen      total 75264K, used 21397K [0x00000000f5580000, 0x00000000fb700000, 0x0000000100000000)
  eden space 59904K, 10% used [0x00000000f5580000,0x00000000f5b66be8,0x00000000f9000000)
  from space 15360K, 99% used [0x00000000fa280000,0x00000000fb17e878,0x00000000fb180000)
  to   space 18944K, 0% used [0x00000000f9000000,0x00000000f9000000,0x00000000fa280000)
 ParOldGen       total 58880K, used 22417K [0x00000000e0000000, 0x00000000e3980000, 0x00000000f5580000)
  object space 58880K, 38% used [0x00000000e0000000,0x00000000e15e45c8,0x00000000e3980000)
 Metaspace       used 54737K, capacity 58936K, committed 59028K, reserved 1099776K
  class space    used 6771K, capacity 8085K, committed 8152K, reserved 1048576K
Event: 13.813 GC heap after
Heap after GC invocations=13 (full 2):
 PSYoungGen      total 78848K, used 1093K [0x00000000f5580000, 0x00000000fc880000, 0x0000000100000000)
  eden space 59904K, 0% used [0x00000000f5580000,0x00000000f5580000,0x00000000f9000000)
  from space 18944K, 5% used [0x00000000f9000000,0x00000000f9111678,0x00000000fa280000)
  to   space 19456K, 0% used [0x00000000fb580000,0x00000000fb580000,0x00000000fc880000)
 ParOldGen       total 58880K, used 32709K [0x00000000e0000000, 0x00000000e3980000, 0x00000000f5580000)
  object space 58880K, 55% used [0x00000000e0000000,0x00000000e1ff1590,0x00000000e3980000)
 Metaspace       used 54737K, capacity 58936K, committed 59028K, reserved 1099776K
  class space    used 6771K, capacity 8085K, committed 8152K, reserved 1048576K
}
Event: 13.813 GC heap before
{Heap before GC invocations=14 (full 3):
 PSYoungGen      total 78848K, used 1093K [0x00000000f5580000, 0x00000000fc880000, 0x0000000100000000)
  eden space 59904K, 0% used [0x00000000f5580000,0x00000000f5580000,0x00000000f9000000)
  from space 18944K, 5% used [0x00000000f9000000,0x00000000f9111678,0x00000000fa280000)
  to   space 19456K, 0% used [0x00000000fb580000,0x00000000fb580000,0x00000000fc880000)
 ParOldGen       total 58880K, used 32709K [0x00000000e0000000, 0x00000000e3980000, 0x00000000f5580000)
  object space 58880K, 55% used [0x00000000e0000000,0x00000000e1ff1590,0x00000000e3980000)
 Metaspace       used 54737K, capacity 58936K, committed 59028K, reserved 1099776K
  class space    used 6771K, capacity 8085K, committed 8152K, reserved 1048576K
Event: 14.054 GC heap after
Heap after GC invocations=14 (full 3):
 PSYoungGen      total 78848K, used 0K [0x00000000f5580000, 0x00000000fc880000, 0x0000000100000000)
  eden space 59904K, 0% used [0x00000000f5580000,0x00000000f5580000,0x00000000f9000000)
  from space 18944K, 0% used [0x00000000f9000000,0x00000000f9000000,0x00000000fa280000)
  to   space 19456K, 0% used [0x00000000fb580000,0x00000000fb580000,0x00000000fc880000)
 ParOldGen       total 84480K, used 28395K [0x00000000e0000000, 0x00000000e5280000, 0x00000000f5580000)
  object space 84480K, 33% used [0x00000000e0000000,0x00000000e1bbad48,0x00000000e5280000)
 Metaspace       used 54737K, capacity 58936K, committed 59028K, reserved 1099776K
  class space    used 6771K, capacity 8085K, committed 8152K, reserved 1048576K
}
Event: 14.444 GC heap before
{Heap before GC invocations=15 (full 3):
 PSYoungGen      total 78848K, used 59904K [0x00000000f5580000, 0x00000000fc880000, 0x0000000100000000)
  eden space 59904K, 100% used [0x00000000f5580000,0x00000000f9000000,0x00000000f9000000)
  from space 18944K, 0% used [0x00000000f9000000,0x00000000f9000000,0x00000000fa280000)
  to   space 19456K, 0% used [0x00000000fb580000,0x00000000fb580000,0x00000000fc880000)
 ParOldGen       total 84480K, used 28395K [0x00000000e0000000, 0x00000000e5280000, 0x00000000f5580000)
  object space 84480K, 33% used [0x00000000e0000000,0x00000000e1bbad48,0x00000000e5280000)
 Metaspace       used 58017K, capacity 62174K, committed 62424K, reserved 1103872K
  class space    used 7261K, capacity 8606K, committed 8664K, reserved 1048576K
Event: 14.452 GC heap after
Heap after GC invocations=15 (full 3):
 PSYoungGen      total 82944K, used 9665K [0x00000000f5580000, 0x00000000fc080000, 0x0000000100000000)
  eden space 71680K, 0% used [0x00000000f5580000,0x00000000f5580000,0x00000000f9b80000)
  from space 11264K, 85% used [0x00000000fb580000,0x00000000fbef05c8,0x00000000fc080000)
  to   space 18944K, 0% used [0x00000000f9b80000,0x00000000f9b80000,0x00000000fae00000)
 ParOldGen       total 84480K, used 28403K [0x00000000e0000000, 0x00000000e5280000, 0x00000000f5580000)
  object space 84480K, 33% used [0x00000000e0000000,0x00000000e1bbcd48,0x00000000e5280000)
 Metaspace       used 58017K, capacity 62174K, committed 62424K, reserved 1103872K
  class space    used 7261K, capacity 8606K, committed 8664K, reserved 1048576K
}
Event: 28.728 GC heap before
{Heap before GC invocations=16 (full 3):
 PSYoungGen      total 82944K, used 81345K [0x00000000f5580000, 0x00000000fc080000, 0x0000000100000000)
  eden space 71680K, 100% used [0x00000000f5580000,0x00000000f9b80000,0x00000000f9b80000)
  from space 11264K, 85% used [0x00000000fb580000,0x00000000fbef05c8,0x00000000fc080000)
  to   space 18944K, 0% used [0x00000000f9b80000,0x00000000f9b80000,0x00000000fae00000)
 ParOldGen       total 84480K, used 28403K [0x00000000e0000000, 0x00000000e5280000, 0x00000000f5580000)
  object space 84480K, 33% used [0x00000000e0000000,0x00000000e1bbcd48,0x00000000e5280000)
 Metaspace       used 69169K, capacity 74412K, committed 74712K, reserved 1114112K
  class space    used 8728K, capacity 10383K, committed 10456K, reserved 1048576K
Event: 28.741 GC heap after
Heap after GC invocations=16 (full 3):
 PSYoungGen      total 90624K, used 18940K [0x00000000f5580000, 0x00000000fd300000, 0x0000000100000000)
  eden space 71680K, 0% used [0x00000000f5580000,0x00000000f5580000,0x00000000f9b80000)
  from space 18944K, 99% used [0x00000000f9b80000,0x00000000fadff1b0,0x00000000fae00000)
  to   space 22528K, 0% used [0x00000000fbd00000,0x00000000fbd00000,0x00000000fd300000)
 ParOldGen       total 84480K, used 31130K [0x00000000e0000000, 0x00000000e5280000, 0x00000000f5580000)
  object space 84480K, 36% used [0x00000000e0000000,0x00000000e1e669c8,0x00000000e5280000)
 Metaspace       used 69169K, capacity 74412K, committed 74712K, reserved 1114112K
  class space    used 8728K, capacity 10383K, committed 10456K, reserved 1048576K
}
Event: 85.567 GC heap before
{Heap before GC invocations=17 (full 3):
 PSYoungGen      total 90624K, used 90620K [0x00000000f5580000, 0x00000000fd300000, 0x0000000100000000)
  eden space 71680K, 100% used [0x00000000f5580000,0x00000000f9b80000,0x00000000f9b80000)
  from space 18944K, 99% used [0x00000000f9b80000,0x00000000fadff1b0,0x00000000fae00000)
  to   space 22528K, 0% used [0x00000000fbd00000,0x00000000fbd00000,0x00000000fd300000)
 ParOldGen       total 84480K, used 31130K [0x00000000e0000000, 0x00000000e5280000, 0x00000000f5580000)
  object space 84480K, 36% used [0x00000000e0000000,0x00000000e1e669c8,0x00000000e5280000)
 Metaspace       used 75019K, capacity 80518K, committed 80600K, reserved 1118208K
  class space    used 9397K, capacity 11172K, committed 11224K, reserved 1048576K
Event: 85.580 GC heap after
Heap after GC invocations=17 (full 3):
 PSYoungGen      total 99840K, used 8706K [0x00000000f5580000, 0x00000000fcf00000, 0x0000000100000000)
  eden space 81408K, 0% used [0x00000000f5580000,0x00000000f5580000,0x00000000fa500000)
  from space 18432K, 47% used [0x00000000fbd00000,0x00000000fc5809f0,0x00000000fcf00000)
  to   space 21504K, 0% used [0x00000000fa500000,0x00000000fa500000,0x00000000fba00000)
 ParOldGen       total 84480K, used 42942K [0x00000000e0000000, 0x00000000e5280000, 0x00000000f5580000)
  object space 84480K, 50% used [0x00000000e0000000,0x00000000e29efb50,0x00000000e5280000)
 Metaspace       used 75019K, capacity 80518K, committed 80600K, reserved 1118208K
  class space    used 9397K, capacity 11172K, committed 11224K, reserved 1048576K
}

Deoptimization events (10 events):
Event: 96.745 Thread 0x00000000046e2800 Uncommon trap: reason=unreached action=reinterpret pc=0x0000000005d3ec74 method=org.eclipse.swt.widgets.Display.drawMenuBars()V @ 4
Event: 96.780 Thread 0x0000000019233000 Uncommon trap: reason=bimorphic action=maybe_recompile pc=0x000000000531e1c8 method=java.util.Properties.load0(Ljava/util/Properties$LineReader;)V @ 242
Event: 96.821 Thread 0x00000000046e2800 Uncommon trap: reason=class_check action=maybe_recompile pc=0x00000000049fdcd8 method=org.eclipse.emf.common.util.BasicEMap.ensureEntryDataExists()V @ 37
Event: 96.825 Thread 0x00000000046e2800 Uncommon trap: reason=unreached action=reinterpret pc=0x000000000523694c method=org.eclipse.e4.ui.model.application.ui.impl.UIElementImpl.eIsSet(I)Z @ 184
Event: 96.856 Thread 0x00000000046e2800 Uncommon trap: reason=bimorphic action=maybe_recompile pc=0x0000000005dffc24 method=org.eclipse.emf.ecore.impl.ETypedElementImpl.getEType()Lorg/eclipse/emf/ecore/EClassifier; @ 18
Event: 96.856 Thread 0x00000000046e2800 Uncommon trap: reason=bimorphic action=maybe_recompile pc=0x0000000005dffc24 method=org.eclipse.emf.ecore.impl.ETypedElementImpl.getEType()Lorg/eclipse/emf/ecore/EClassifier; @ 18
Event: 96.908 Thread 0x00000000046e2800 Uncommon trap: reason=class_check action=maybe_recompile pc=0x0000000005e55b8c method=org.eclipse.e4.core.internal.contexts.TrackableComputationExt.update(Lorg/eclipse/e4/core/internal/contexts/ContextChangeEvent;)Z @ 62
Event: 96.908 Thread 0x00000000046e2800 Uncommon trap: reason=class_check action=maybe_recompile pc=0x0000000005e55b8c method=org.eclipse.e4.core.internal.contexts.TrackableComputationExt.update(Lorg/eclipse/e4/core/internal/contexts/ContextChangeEvent;)Z @ 62
Event: 96.908 Thread 0x00000000046e2800 Uncommon trap: reason=class_check action=maybe_recompile pc=0x0000000005e55b8c method=org.eclipse.e4.core.internal.contexts.TrackableComputationExt.update(Lorg/eclipse/e4/core/internal/contexts/ContextChangeEvent;)Z @ 62
Event: 97.487 Thread 0x00000000046e2800 Uncommon trap: reason=null_check action=make_not_entrant pc=0x0000000005131dd4 method=org.eclipse.core.runtime.internal.adaptor.EclipseLazyStarter.shouldActivateFor(Ljava/lang/String;Lorg/eclipse/osgi/baseadaptor/BaseData;Lorg/eclipse/core/runtime/internalT³²/X@

Internal exceptions (10 events):
Event: 96.573 Thread 0x0000000019237000 Exception <a 'sun/net/ConnectionResetException': > (0x00000000f627d0b0) thrown at [D:\re\workspace\8-2-build-windows-amd64-cygwin\jdk8u25\1677\hotspot\src\share\vm\prims\jni.cpp, line 742]
Event: 96.574 Thread 0x0000000019238800 Exception <a 'java/net/SocketException': Connection reset by peer: socket write error> (0x00000000f656cd08) thrown at [D:\re\workspace\8-2-build-windows-amd64-cygwin\jdk8u25\1677\hotspot\src\share\vm\prims\jni.cpp, line 742]
Event: 96.575 Thread 0x0000000019233000 Exception <a 'java/net/SocketException': Socket closed> (0x00000000f6587f10) thrown at [D:\re\workspace\8-2-build-windows-amd64-cygwin\jdk8u25\1677\hotspot\src\share\vm\prims\jni.cpp, line 742]
Event: 96.575 Thread 0x0000000022646000 Exception <a 'java/lang/InterruptedException'> (0x00000000f65a3108) thrown at [D:\re\workspace\8-2-build-windows-amd64-cygwin\jdk8u25\1677\hotspot\src\share\vm\runtime\objectMonitor.cpp, line 1682]
Event: 96.948 Thread 0x0000000022650800 Exception <a 'java/lang/InterruptedException'> (0x00000000f6df1c08) thrown at [D:\re\workspace\8-2-build-windows-amd64-cygwin\jdk8u25\1677\hotspot\src\share\vm\runtime\objectMonitor.cpp, line 1682]
Event: 97.487 Thread 0x00000000046e2800 Implicit null exception at 0x00000000051306cf to 0x0000000005131dc9
Event: 97.538 Thread 0x0000000019153000 Exception <a 'java/lang/InterruptedException': sleep interrupted> (0x00000000f71c1298) thrown at [D:\re\workspace\8-2-build-windows-amd64-cygwin\jdk8u25\1677\hotspot\src\share\vm\prims\jvm.cpp, line 3141]
Event: 97.539 Thread 0x000000001add9800 Exception <a 'java/lang/InterruptedException'> (0x00000000f709a738) thrown at [D:\re\workspace\8-2-build-windows-amd64-cygwin\jdk8u25\1677\hotspot\src\share\vm\runtime\objectMonitor.cpp, line 1682]
Event: 97.539 Thread 0x0000000018e8c000 Exception <a 'java/lang/InterruptedException'> (0x00000000f728ca98) thrown at [D:\re\workspace\8-2-build-windows-amd64-cygwin\jdk8u25\1677\hotspot\src\share\vm\runtime\objectMonitor.cpp, line 1682]
Event: 97.630 Thread 0x00000000195a5000 Exception <a 'java/lang/InterruptedException'> (0x00000000f71bf888) thrown at [D:\re\workspace\8-2-build-windows-amd64-cygwin\jdk8u25\1677\hotspot\src\share\vm\runtime\objectMonitor.cpp, line 1682]

Events (10 events):
Event: 97.631 loading class java/util/IdentityHashMap$KeyIterator done
Event: 97.631 Thread 0x0000000019234000 Thread added: 0x0000000019234000
Event: 97.631 Executing VM operation: RevokeBias
Event: 97.631 Executing VM operation: RevokeBias done
Event: 97.631 Executing VM operation: RevokeBias
Event: 97.631 Executing VM operation: RevokeBias done
Event: 97.631 Executing VM operation: RevokeBias
Event: 97.631 Executing VM operation: RevokeBias done
Event: 97.631 Thread 0x0000000019234000 Thread exited: 0x0000000019234000
Event: 97.632 Executing VM operation: Exit


Dynamic libraries:
0x0000000000400000 - 0x000000000044f000 	C:\Xilinx\SDK\2015.2\eclipse\win64.o\eclipse.exe
0x00007ff9c1550000 - 0x00007ff9c1730000 	C:\WINDOWS\SYSTEM32\ntdll.dll
0x00007ff9bf840000 - 0x00007ff9bf8ee000 	C:\WINDOWS\System32\KERNEL32.DLL
0x00007ff9be710000 - 0x00007ff9be976000 	C:\WINDOWS\System32\KERNELBASE.dll
0x00007ff9c1330000 - 0x00007ff9c14bf000 	C:\WINDOWS\System32\USER32.dll
0x00007ff9be640000 - 0x00007ff9be660000 	C:\WINDOWS\System32\win32u.dll
0x00007ff9bec80000 - 0x00007ff9beca8000 	C:\WINDOWS\System32\GDI32.dll
0x00007ff9be1d0000 - 0x00007ff9be363000 	C:\WINDOWS\System32\gdi32full.dll
0x00007ff9be980000 - 0x00007ff9bea1b000 	C:\WINDOWS\System32\msvcp_win.dll
0x00007ff9be370000 - 0x00007ff9be466000 	C:\WINDOWS\System32\ucrtbase.dll
0x00007ff9bf5b0000 - 0x00007ff9bf64d000 	C:\WINDOWS\System32\msvcrt.dll
0x00007ff9b1260000 - 0x00007ff9b14c9000 	C:\WINDOWS\WinSxS\amd64_microsoft.windows.common-controls_6595b64144ccf1df_6.0.16299.248_none_15ced204935f55d7\COMCTL32.dll
0x00007ff9bf8f0000 - 0x00007ff9bfbf8000 	C:\WINDOWS\System32\combase.dll
0x00007ff9bf490000 - 0x00007ff9bf5af000 	C:\WINDOWS\System32\RPCRT4.dll
0x00007ff9be150000 - 0x00007ff9be1c2000 	C:\WINDOWS\System32\bcryptPrimitives.dll
0x00007ff9beb70000 - 0x00007ff9beb9d000 	C:\WINDOWS\System32\IMM32.DLL
0x0000000072000000 - 0x0000000072012000 	C:\Xilinx\SDK\2015.2\eclipse\win64.o\plugins\org.eclipse.equinox.launcher.win32.win32.x86_64_1.1.200.v20140116-2212\eclipse_1503.dll
0x00007ff9bf6d0000 - 0x00007ff9bf771000 	C:\WINDOWS\System32\ADVAPI32.dll
0x00007ff9bf650000 - 0x00007ff9bf6ab000 	C:\WINDOWS\System32\sechost.dll
0x00007ff9b72e0000 - 0x00007ff9b72ea000 	C:\WINDOWS\SYSTEM32\VERSION.dll
0x00007ff9bb710000 - 0x00007ff9bb7a5000 	C:\WINDOWS\system32\uxtheme.dll
0x00007ff9bf2c0000 - 0x00007ff9bf427000 	C:\WINDOWS\System32\MSCTF.dll
0x00007ff9c11f0000 - 0x00007ff9c12b5000 	C:\WINDOWS\System32\OLEAUT32.dll
0x00007ff9942b0000 - 0x00007ff994359000 	C:\Program Files\Common Files\microsoft shared\ink\tiptsf.dll
0x00000000777a0000 - 0x0000000077ffa000 	C:\Xilinx\SDK\2015.2\tps\win64\jre\bin\server\jvm.dll
0x00007ff9bf830000 - 0x00007ff9bf838000 	C:\WINDOWS\System32\PSAPI.DLL
0x00007ff9bbac0000 - 0x00007ff9bbac9000 	C:\WINDOWS\SYSTEM32\WSOCK32.dll
0x00007ff9b9080000 - 0x00007ff9b90a3000 	C:\WINDOWS\SYSTEM32\WINMM.dll
0x0000000050fa0000 - 0x0000000051072000 	C:\WINDOWS\SYSTEM32\MSVCR100.dll
0x00007ff9c12c0000 - 0x00007ff9c132c000 	C:\WINDOWS\System32\WS2_32.dll
0x00007ff9b9020000 - 0x00007ff9b904a000 	C:\WINDOWS\SYSTEM32\WINMMBASE.dll
0x00007ff9be6c0000 - 0x00007ff9be70a000 	C:\WINDOWS\System32\cfgmgr32.dll
0x0000000050040000 - 0x000000005004f000 	C:\Xilinx\SDK\2015.2\tps\win64\jre\bin\verify.dll
0x0000000050010000 - 0x0000000050038000 	C:\Xilinx\SDK\2015.2\tps\win64\jre\bin\java.dll
0x0000000077650000 - 0x0000000077666000 	C:\Xilinx\SDK\2015.2\tps\win64\jre\bin\zip.dll
0x00007ff9bfc10000 - 0x00007ff9c1046000 	C:\WINDOWS\System32\SHELL32.dll
0x00007ff9bf780000 - 0x00007ff9bf826000 	C:\WINDOWS\System32\shcore.dll
0x00007ff9bda00000 - 0x00007ff9be147000 	C:\WINDOWS\System32\windows.storage.dll
0x00007ff9beba0000 - 0x00007ff9bebf1000 	C:\WINDOWS\System32\shlwapi.dll
0x00007ff9bd910000 - 0x00007ff9bd921000 	C:\WINDOWS\System32\kernel.appcore.dll
0x00007ff9bd8a0000 - 0x00007ff9bd8ec000 	C:\WINDOWS\System32\powrprof.dll
0x00007ff9bd8f0000 - 0x00007ff9bd90b000 	C:\WINDOWS\System32\profapi.dll
0x00007ff9bd2f0000 - 0x00007ff9bd307000 	C:\WINDOWS\SYSTEM32\CRYPTSP.dll
0x00007ff9bcd40000 - 0x00007ff9bcd73000 	C:\WINDOWS\system32\rsaenh.dll
0x00007ff9bd400000 - 0x00007ff9bd425000 	C:\WINDOWS\SYSTEM32\bcrypt.dll
0x00007ff9bd7a0000 - 0x00007ff9bd7c9000 	C:\WINDOWS\SYSTEM32\USERENV.dll
0x00007ff9bd310000 - 0x00007ff9bd31b000 	C:\WINDOWS\SYSTEM32\CRYPTBASE.dll
0x0000000077630000 - 0x000000007764a000 	C:\Xilinx\SDK\2015.2\tps\win64\jre\bin\net.dll
0x00007ff9bd130000 - 0x00007ff9bd196000 	C:\WINDOWS\system32\mswsock.dll
0x00007ff9bcec0000 - 0x00007ff9bcef9000 	C:\WINDOWS\SYSTEM32\IPHLPAPI.DLL
0x00007ff9becb0000 - 0x00007ff9becb8000 	C:\WINDOWS\System32\NSI.dll
0x00007ff9b47b0000 - 0x00007ff9b47c6000 	C:\WINDOWS\SYSTEM32\dhcpcsvc6.DLL
0x00007ff9b4de0000 - 0x00007ff9b4dfa000 	C:\WINDOWS\SYSTEM32\dhcpcsvc.DLL
0x0000000077610000 - 0x0000000077621000 	C:\Xilinx\SDK\2015.2\tps\win64\jre\bin\nio.dll
0x00007ff9a4dc0000 - 0x00007ff9a4e58000 	C:\WINDOWS\System32\TextInputFramework.dll
0x00007ff9b4f40000 - 0x00007ff9b522e000 	C:\WINDOWS\System32\CoreUIComponents.dll
0x00007ff9ba4f0000 - 0x00007ff9ba5cc000 	C:\WINDOWS\System32\CoreMessaging.dll
0x00007ff9bc990000 - 0x00007ff9bc9c1000 	C:\WINDOWS\SYSTEM32\ntmarta.dll
0x00007ff9b90b0000 - 0x00007ff9b91e6000 	C:\WINDOWS\SYSTEM32\wintypes.dll
0x00007ff9bc130000 - 0x00007ff9bc15a000 	C:\WINDOWS\system32\dwmapi.dll
0x00007ff9becc0000 - 0x00007ff9bed5e000 	C:\WINDOWS\System32\clbcatq.dll
0x00007ff9a0be0000 - 0x00007ff9a0de6000 	C:\Windows\System32\uiautomationcore.dll
0x00007ff9bd700000 - 0x00007ff9bd79a000 	C:\WINDOWS\SYSTEM32\sxs.dll
0x00007ff9b3fa0000 - 0x00007ff9b400e000 	C:\Windows\System32\OLEACC.dll
0x00007ff98a880000 - 0x00007ff98a896000 	C:\WINDOWS\system32\napinsp.dll
0x00007ff98a860000 - 0x00007ff98a87a000 	C:\WINDOWS\system32\pnrpnsp.dll
0x00007ff9ba5d0000 - 0x00007ff9ba5e8000 	C:\WINDOWS\system32\NLAapi.dll
0x00007ff9bcf00000 - 0x00007ff9bcfb6000 	C:\WINDOWS\SYSTEM32\DNSAPI.dll
0x00007ff99b910000 - 0x00007ff99b91e000 	C:\WINDOWS\System32\winrnr.dll
0x00007ff9b7320000 - 0x00007ff9b7335000 	C:\WINDOWS\System32\wshbth.dll
0x0000000051d70000 - 0x0000000051d7a000 	C:\Program Files\National Instruments\Shared\mDNS Responder\nimdnsNSP.dll
0x00007ff994940000 - 0x00007ff994956000 	C:\WINDOWS\SYSTEM32\VCRUNTIME140.dll
0x0000000051d60000 - 0x0000000051d70000 	C:\WINDOWS\SYSTEM32\nimdnsResponder.dll
0x00007ff9af080000 - 0x00007ff9af08a000 	C:\Windows\System32\rasadhlp.dll
0x00007ff9af9c0000 - 0x00007ff9afa30000 	C:\WINDOWS\System32\fwpuclnt.dll
0x00007ff9bea20000 - 0x00007ff9beb69000 	C:\WINDOWS\System32\ole32.dll
0x000000001bfd0000 - 0x000000001c078000 	C:\Users\Lauro\.Xilinx\SDK\2015.2\org.eclipse.osgi\bundles\287\1\.cp\swt-win32-4335.dll
0x00007ff9bf1b0000 - 0x00007ff9bf2ba000 	C:\WINDOWS\System32\comdlg32.dll
0x00007ff9be470000 - 0x00007ff9be63e000 	C:\WINDOWS\System32\CRYPT32.dll
0x00007ff9bd930000 - 0x00007ff9bd942000 	C:\WINDOWS\System32\MSASN1.dll
0x00007ff9b5be0000 - 0x00007ff9b5c66000 	C:\WINDOWS\SYSTEM32\WINSPOOL.DRV
0x00007ff9ba7c0000 - 0x00007ff9ba7d9000 	C:\WINDOWS\SYSTEM32\USP10.dll
0x00007ff9ad0b0000 - 0x00007ff9ad3e4000 	C:\WINDOWS\SYSTEM32\WININET.dll
0x00007ff9bbdb0000 - 0x00007ff9bbf61000 	C:\WINDOWS\SYSTEM32\propsys.dll
0x000000001c110000 - 0x000000001c12e000 	C:\Users\Lauro\.Xilinx\SDK\2015.2\org.eclipse.osgi\bundles\287\1\.cp\swt-gdip-win32-4335.dll
0x00007ff9b4010000 - 0x00007ff9b41ac000 	C:\WINDOWS\WinSxS\amd64_microsoft.windows.gdiplus_6595b64144ccf1df_1.1.16299.248_none_46b9c4e9edf1cfa5\gdiplus.dll
0x00007ff9b5410000 - 0x00007ff9b55bb000 	C:\WINDOWS\SYSTEM32\WindowsCodecs.dll
0x0000000180000000 - 0x0000000180012000 	C:\Users\Lauro\.Xilinx\SDK\2015.2\org.eclipse.osgi\bundles\113\1\.cp\os\win32\x86_64\localfile_1_0_0.dll
0x00007ff9afc60000 - 0x00007ff9afc71000 	C:\Users\Lauro\.Xilinx\SDK\2015.2\org.eclipse.osgi\bundles\116\1\.cp\jWinHttp-1.0.0.dll
0x00007ff9b8a50000 - 0x00007ff9b8b2e000 	C:\WINDOWS\SYSTEM32\WINHTTP.dll
0x00007ff9bc220000 - 0x00007ff9bc39b000 	C:\WINDOWS\system32\twinapi.appcore.dll
0x00007ff9bc3e0000 - 0x00007ff9bc400000 	C:\WINDOWS\system32\RMCLIENT.dll
0x00007ff9a3030000 - 0x00007ff9a30b1000 	C:\WINDOWS\SYSTEM32\twinapi.dll
0x00007ff9af7d0000 - 0x00007ff9af7e0000 	C:\Xilinx\SDK\2015.2\lib\win64.o\librdi_repo_manager.dll
0x00007ff9af3b0000 - 0x00007ff9af3da000 	C:\Xilinx\SDK\2015.2\lib\win64.o\libisl_sysinfo.dll
0x00007ff996fb0000 - 0x00007ff997198000 	C:\Xilinx\SDK\2015.2\lib\win64.o\librdi_hsm.dll
0x00007ff9ae300000 - 0x00007ff9ae354000 	C:\Xilinx\SDK\2015.2\lib\win64.o\librdi_commonxillic.dll
0x00007ff95f310000 - 0x00007ff95fc53000 	C:\Xilinx\SDK\2015.2\lib\win64.o\librdi_common.dll
0x00007ff9ad7f0000 - 0x00007ff9ad897000 	C:\WINDOWS\SYSTEM32\MSVCP110.dll
0x00007ff9afa90000 - 0x00007ff9afb64000 	C:\WINDOWS\SYSTEM32\MSVCR110.dll
0x00007ff9af850000 - 0x00007ff9af872000 	C:\Xilinx\SDK\2015.2\lib\win64.o\libboost_filesystem.dll
0x00007ff99cbb0000 - 0x00007ff99cdd0000 	C:\Xilinx\SDK\2015.2\lib\win64.o\libXil_lmgr11.dll
0x00007ff9aeb50000 - 0x00007ff9aec4a000 	C:\Xilinx\SDK\2015.2\lib\win64.o\libboost_regex.dll
0x00007ff9be660000 - 0x00007ff9be6b8000 	C:\WINDOWS\System32\WINTRUST.dll
0x00007ff9ba7f0000 - 0x00007ff9ba7f9000 	C:\Xilinx\SDK\2015.2\lib\win64.o\libboost_system.dll
0x00007ff9ade30000 - 0x00007ff9ade73000 	C:\Xilinx\SDK\2015.2\lib\win64.o\librdi_hdf.dll
0x00007ff96ae70000 - 0x00007ff96b02a000 	C:\Xilinx\SDK\2015.2\lib\win64.o\librdi_ippcw.dll
0x0000000077670000 - 0x0000000077797000 	C:\Xilinx\SDK\2015.2\lib\win64.o\tcl85t.dll
0x00007ff96b2c0000 - 0x00007ff96b568000 	C:\Xilinx\SDK\2015.2\lib\win64.o\libCOIN-all.dll
0x00007ff9ba8e0000 - 0x00007ff9ba8f0000 	C:\Xilinx\SDK\2015.2\lib\win64.o\libboost_date_time.dll
0x00007ff9af720000 - 0x00007ff9af794000 	C:\Xilinx\SDK\2015.2\lib\win64.o\libboost_program_options.dll
0x00007ff9af7e0000 - 0x00007ff9af7f3000 	C:\Xilinx\SDK\2015.2\lib\win64.o\libboost_signals.dll
0x00007ff9af700000 - 0x00007ff9af71d000 	C:\Xilinx\SDK\2015.2\lib\win64.o\libboost_thread.dll
0x00007ff9ac5c0000 - 0x00007ff9ac640000 	C:\Xilinx\SDK\2015.2\lib\win64.o\libhdlpsolve.dll
0x00007ff95b940000 - 0x00007ff95bf4a200 	C:\Xilinx\SDK\2015.2\lib\win64.o\libisl_iostreams.dll
0x00007ff9ab3b0000 - 0x00007ff9ab44a000 	C:\Xilinx\SDK\2015.2\lib\win64.o\libhdxml.dll
0x00007ff9af3e0000 - 0x00007ff9af403000 	C:\Xilinx\SDK\2015.2\lib\win64.o\libisl_iosutils.dll
0x00007ff99ca80000 - 0x00007ff99cbb0000 	C:\Xilinx\SDK\2015.2\lib\win64.o\librdi_curl.dll
0x00007ff9aeb00000 - 0x00007ff9aeb23000 	C:\Xilinx\SDK\2015.2\lib\win64.o\librdizlib.dll
0x00007ff9aeb30000 - 0x00007ff9aeb48000 	C:\Xilinx\SDK\2015.2\lib\win64.o\librdiconfig.dll
0x00007ff9afc40000 - 0x00007ff9afc55000 	C:\Xilinx\SDK\2015.2\lib\win64.o\pthreadVC2.dll
0x00007ff9ac3b0000 - 0x00007ff9ac57c000 	C:\WINDOWS\SYSTEM32\urlmon.dll
0x00007ff98bb20000 - 0x00007ff98bb43000 	C:\WINDOWS\SYSTEM32\VCOMP110.DLL
0x00007ff9bf6b0000 - 0x00007ff9bf6cd000 	C:\WINDOWS\System32\imagehlp.dll
0x00007ff9af410000 - 0x00007ff9af427000 	C:\WINDOWS\SYSTEM32\NETAPI32.dll
0x00007ff9ba7b0000 - 0x00007ff9ba7bb000 	C:\Xilinx\SDK\2015.2\lib\win64.o\libboost_chrono.dll
0x00007ff9ae710000 - 0x00007ff9ae726000 	C:\Xilinx\SDK\2015.2\lib\win64.o\libboost_iostreams.dll
0x00007ff9ac010000 - 0x00007ff9ac2a9000 	C:\WINDOWS\SYSTEM32\iertutil.dll

VM Arguments:
jvm_args: -Dcom.xilinx.sdk.args.hwspec=C:/Users/Lauro/Desktop/CECS-461/Example_GPIO/gpioExample/gpioExample.sdk/design_1_wrapper.hdf -Xms64m -Xmx512m & 
java_command: <unknown>
java_class_path (initial): C:\Xilinx\SDK\2015.2\eclipse\win64.o\\plugins/org.eclipse.equinox.launcher_1.3.0.v20130327-1440.jar
Launcher Type: generic

Environment Variables:
USERNAME=Lauro
OS=Windows_NT
PROCESSOR_IDENTIFIER=Intel64 Family 6 Model 60 Stepping 3, GenuineIntel



---------------  S Y S T E M  ---------------

OS: Windows 8 , 64 bit Build 9200 

CPU:total 8 (4 cores per cpu, 2 threads per core) family 6 model 60 stepping 3, cmov, cx8, fxsr, mmx, sse, sse2, sse3, ssse3, sse4.1, sse4.2, popcnt, avx, avx2, aes, clmul, erms, lzcnt, ht, tsc, tscinvbit, bmi1, bmi2

Memory: 4k page, physical 16677948k(12191344k free), swap 19168316k(13596528k free)

vm_info: Java HotSpot(TM) 64-Bit Server VM (25.25-b02) for windows-amd64 JRE (1.8.0_25-b18), built on Oct  7 2014 14:25:37 by "java_re" with MS VC++ 10.0 (VS2010)

time: Wed Feb 21 07:53:06 2018
elapsed time: 99 seconds (0d 0h 1m 39s)

