#
# A fatal error has been detected by the Java Runtime Environment:
#
#  Internal Error (0xc000000d), pid=7108, tid=12156
#
# JRE version: Java(TM) SE Runtime Environment (8.0_25-b18) (build 1.8.0_25-b18)
# Java VM: Java HotSpot(TM) 64-Bit Server VM (25.25-b02 mixed mode windows-amd64 compressed oops)
# Problematic frame:
# C  [ntdll.dll+0x10b2b0]
#
# Failed to write core dump. Minidumps are not enabled by default on client versions of Windows
#
# If you would like to submit a bug report, please visit:
#   http://bugreport.sun.com/bugreport/crash.jsp
#

---------------  T H R E A D  ---------------

Current thread (0x00000000160f7800):  VMThread [stack: 0x0000000017dd0000,0x0000000017ed0000] [id=12156]

siginfo: ExceptionCode=0xc000000d

Registers:
RAX=0x0000000000000102, RBX=0xfffffffffffffffe, RCX=0x000000001dc757e0, RDX=0x0000000018f59370
RSP=0x0000000017ecf270, RBP=0x00007ff9afa97408, RSI=0x0000000000000000, RDI=0x000000000000081c
R8 =0x0000000000000000, R9 =0x000000003177f7b0, R10=0x00007ff9c15909cf, R11=0x0000000000000000
R12=0x000000002c1c44b0, R13=0x000000002bf606b0, R14=0x000000002c1c45b8, R15=0x0000000017ecf3e8
RIP=0x00007ff9c165b2b0, EFLAGS=0x0000000000000202

Top of Stack: (sp=0x0000000017ecf270)
0x0000000017ecf270:   0000000000000057 fffffffffffffffe
0x0000000017ecf280:   0000000000000000 000000000000081c
0x0000000017ecf290:   00000000c000000d 0000000000000000
0x0000000017ecf2a0:   00007ff9c165b2b0 0000000000000000
0x0000000017ecf2b0:   0000000000000000 0000000000000000
0x0000000017ecf2c0:   0000000000000000 0000000000000000
0x0000000017ecf2d0:   0000000000000000 0000000000000000
0x0000000017ecf2e0:   0000000000000000 0000000000000000
0x0000000017ecf2f0:   0000000000000000 0000000000000000
0x0000000017ecf300:   0000000000000000 0000000000000000
0x0000000017ecf310:   0000000000000000 0000000000000000
0x0000000017ecf320:   0000000000000000 0000000000000000
0x0000000017ecf330:   0000a9d717425592 0000000000000000
0x0000000017ecf340:   0000000000000000 00007ff9c1607b97
0x0000000017ecf350:   0000000000000000 0000000000000000
0x0000000017ecf360:   0000000000000000 0000000000000000 

Instructions: (pc=0x00007ff9c165b2b0)
0x00007ff9c165b290:   b7 f9 ff c7 44 24 20 0d 00 00 c0 b9 57 00 00 00
0x00007ff9c165b2a0:   e8 4b 63 f3 ff 90 48 8d 4c 24 20 e8 90 00 f1 ff
0x00007ff9c165b2b0:   eb 00 48 8b 8c 24 c0 00 00 00 48 33 cc e8 ce 57
0x00007ff9c165b2c0:   f8 ff 48 81 c4 d8 00 00 00 c3 40 55 48 83 ec 20 


Register to memory mapping:

RAX=0x0000000000000102 is an unknown value
RBX=0xfffffffffffffffe is an unknown value
RCX=0x000000001dc757e0 is an unknown value
RDX=0x0000000018f59370 is an unknown value
RSP=0x0000000017ecf270 is an unknown value
RBP=0x00007ff9afa97408 is an unknown value
RSI=0x0000000000000000 is an unknown value
RDI=0x000000000000081c is an unknown value
R8 =0x0000000000000000 is an unknown value
R9 =0x000000003177f7b0 is pointing into the stack for thread: 0x000000001941f000
R10=0x00007ff9c15909cf is an unknown value
R11=0x0000000000000000 is an unknown value
R12=0x000000002c1c44b0 is an unknown value
R13=0x000000002bf606b0 is an unknown value
R14=0x000000002c1c45b8 is an unknown value
R15=0x0000000017ecf3e8 is an unknown value


Stack: [0x0000000017dd0000,0x0000000017ed0000],  sp=0x0000000017ecf270,  free space=1020k
Native frames: (J=compiled Java code, j=interpreted, Vv=VM code, C=native code)
C  [ntdll.dll+0x10b2b0]
C  [ntdll.dll+0xb7b97]
C  [KERNEL32.DLL+0x1180a]
C  [MSVCR110.dll+0x752d]
C  [MSVCR110.dll+0x14cde]
C  [MSVCR110.dll+0x13edc]
C  [MSVCR110.dll+0x239e]
C  [MSVCR110.dll+0xaf9e]
C  [MSVCP110.dll+0x397b9]
C  [librdi_common.dll+0x135d02]
C  [librdi_common.dll+0x13447b]
C  0x00007ff9af6f2400
C  0x00007ff9af6f2682
C  [ntdll.dll+0x11493]
C  [ntdll.dll+0x406b5]
C  [ntdll.dll+0x40574]
C  [KERNEL32.DLL+0xf06a]
C  [MSVCR100.dll+0x20ccd]
V  [jvm.dll+0x1f9c55]
V  [jvm.dll+0x2325e7]
V  [jvm.dll+0x231826]
V  [jvm.dll+0x231cc1]
V  [jvm.dll+0x231ede]
V  [jvm.dll+0x2852fa]
C  [MSVCR100.dll+0x21d9f]
C  [MSVCR100.dll+0x21e3b]
C  [KERNEL32.DLL+0x11fe4]
C  [ntdll.dll+0x6efc1]

VM_Operation (0x000000000014f500): Exit, mode: safepoint, requested by thread 0x0000000004842800


---------------  P R O C E S S  ---------------

Java Threads: ( => current thread )
  0x000000001941f000 JavaThread "pool-1-thread-2" [_thread_blocked, id=3620, stack(0x0000000031680000,0x0000000031780000)]
  0x000000001941f800 JavaThread "pool-1-thread-1" [_thread_blocked, id=11764, stack(0x0000000030480000,0x0000000030580000)]
  0x000000001941c000 JavaThread "Thread-18" daemon [_thread_blocked, id=4624, stack(0x0000000030380000,0x0000000030480000)]
  0x000000001d701000 JavaThread "TCF Locator DNS Lookup" daemon [_thread_blocked, id=2644, stack(0x0000000026110000,0x0000000026210000)]
  0x000000001d703800 JavaThread "TCF Locator Timer" daemon [_thread_blocked, id=3752, stack(0x0000000026010000,0x0000000026110000)]
  0x000000001d701800 JavaThread "TCF Locator Receiver" daemon [_thread_in_native, id=8344, stack(0x0000000025f10000,0x0000000026010000)]
  0x000000001d705000 JavaThread "TCF Timer Dispatcher" daemon [_thread_blocked, id=12180, stack(0x0000000025d10000,0x0000000025e10000)]
  0x000000001ab72000 JavaThread "EMF Reference Cleaner" daemon [_thread_blocked, id=12772, stack(0x000000001c5a0000,0x000000001c6a0000)]
  0x00000000182a1800 JavaThread "Service Thread" daemon [_thread_blocked, id=11064, stack(0x0000000018bd0000,0x0000000018cd0000)]
  0x0000000018217000 JavaThread "C1 CompilerThread3" daemon [_thread_blocked, id=3412, stack(0x0000000018ad0000,0x0000000018bd0000)]
  0x0000000018203000 JavaThread "C2 CompilerThread2" daemon [_thread_blocked, id=3940, stack(0x00000000189d0000,0x0000000018ad0000)]
  0x00000000181fd000 JavaThread "C2 CompilerThread1" daemon [_thread_blocked, id=6140, stack(0x00000000188d0000,0x00000000189d0000)]
  0x00000000181fa800 JavaThread "C2 CompilerThread0" daemon [_thread_blocked, id=2496, stack(0x00000000187d0000,0x00000000188d0000)]
  0x00000000181f9800 JavaThread "Attach Listener" daemon [_thread_blocked, id=9748, stack(0x00000000186d0000,0x00000000187d0000)]
  0x00000000181f8800 JavaThread "Signal Dispatcher" daemon [_thread_blocked, id=2404, stack(0x00000000185d0000,0x00000000186d0000)]
  0x0000000004938800 JavaThread "Finalizer" daemon [_thread_blocked, id=7320, stack(0x0000000017fd0000,0x00000000180d0000)]
  0x0000000004932000 JavaThread "Reference Handler" daemon [_thread_blocked, id=12828, stack(0x0000000017ed0000,0x0000000017fd0000)]
  0x0000000004842800 JavaThread "main" [_thread_blocked, id=7336, stack(0x0000000000050000,0x0000000000150000)]

Other Threads:
=>0x00000000160f7800 VMThread [stack: 0x0000000017dd0000,0x0000000017ed0000] [id=12156]

VM state:at safepoint (shutting down)

VM Mutex/Monitor currently owned by a thread:  ([mutex/lock_event])
[0x000000000483e6c0] Threads_lock - owner thread: 0x00000000160f7800

Heap:
 PSYoungGen      total 78336K, used 21221K [0x00000000f5580000, 0x00000000fb800000, 0x0000000100000000)
  eden space 57344K, 18% used [0x00000000f5580000,0x00000000f5fc2878,0x00000000f8d80000)
  from space 20992K, 51% used [0x00000000f8d80000,0x00000000f97f6f60,0x00000000fa200000)
  to   space 19968K, 0% used [0x00000000fa480000,0x00000000fa480000,0x00000000fb800000)
 ParOldGen       total 112640K, used 30699K [0x00000000e0000000, 0x00000000e6e00000, 0x00000000f5580000)
  object space 112640K, 27% used [0x00000000e0000000,0x00000000e1dfad70,0x00000000e6e00000)
 Metaspace       used 75002K, capacity 81196K, committed 81496K, reserved 1120256K
  class space    used 9394K, capacity 11288K, committed 11352K, reserved 1048576K

Card table byte_map: [0x0000000013d00000,0x0000000013e10000] byte_map_base: 0x0000000013600000

Marking Bits: (ParMarkBitMap*) 0x0000000077f7d490
 Begin Bits: [0x0000000014610000, 0x0000000014e10000)
 End Bits:   [0x0000000014e10000, 0x0000000015610000)

Polling page: 0x0000000004180000

CodeCache: size=245760Kb used=23374Kb max_used=23374Kb free=222385Kb
 bounds [0x0000000004940000, 0x0000000006050000, 0x0000000013940000]
 total_blobs=7570 nmethods=6732 adapters=747
 compilation: enabled

Compilation events (10 events):
Event: 195.946 Thread 0x0000000018217000 nmethod 8182 0x0000000005812810 code [0x0000000005812960, 0x0000000005812a70]
Event: 195.946 Thread 0x0000000018217000 8176  s    3       org.eclipse.equinox.internal.ds.model.ServiceComponentProp::setState (6 bytes)
Event: 195.946 Thread 0x0000000018217000 nmethod 8176 0x0000000004f65e90 code [0x0000000004f65fe0, 0x0000000004f66290]
Event: 195.971 Thread 0x0000000018217000 8184       3       java.io.File::list (33 bytes)
Event: 195.971 Thread 0x0000000018217000 nmethod 8184 0x0000000006013390 code [0x0000000006013560, 0x0000000006013c88]
Event: 195.972 Thread 0x0000000018203000 nmethod 8169 0x000000000603c890 code [0x000000000603cb20, 0x000000000603e550]
Event: 195.988 Thread 0x0000000018217000 8185   !   3       org.eclipse.osgi.internal.baseadaptor.BaseStorage::compact (215 bytes)
Event: 195.989 Thread 0x0000000018217000 nmethod 8185 0x0000000006040950 code [0x0000000006040d80, 0x0000000006043198]
Event: 196.013 Thread 0x0000000018217000 8186       3       org.eclipse.osgi.framework.internal.core.AbstractBundle::close (52 bytes)
Event: 196.013 Thread 0x0000000018217000 nmethod 8186 0x00000000056d1c50 code [0x00000000056d1e80, 0x00000000056d2b68]

GC Heap History (10 events):
Event: 5.176 GC heap before
{Heap before GC invocations=12 (full 3):
 PSYoungGen      total 65536K, used 13679K [0x00000000f5580000, 0x00000000fb280000, 0x0000000100000000)
  eden space 46592K, 0% used [0x00000000f5580000,0x00000000f5580000,0x00000000f8300000)
  from space 18944K, 72% used [0x00000000f8300000,0x00000000f905bca0,0x00000000f9580000)
  to   space 19968K, 0% used [0x00000000f9f00000,0x00000000f9f00000,0x00000000fb280000)
 ParOldGen       total 86528K, used 27161K [0x00000000e0000000, 0x00000000e5480000, 0x00000000f5580000)
  object space 86528K, 31% used [0x00000000e0000000,0x00000000e1a86760,0x00000000e5480000)
 Metaspace       used 54674K, capacity 58838K, committed 59028K, reserved 1099776K
  class space    used 6771K, capacity 8068K, committed 8152K, reserved 1048576K
Event: 5.331 GC heap after
Heap after GC invocations=12 (full 3):
 PSYoungGen      total 65536K, used 0K [0x00000000f5580000, 0x00000000fb280000, 0x0000000100000000)
  eden space 46592K, 0% used [0x00000000f5580000,0x00000000f5580000,0x00000000f8300000)
  from space 18944K, 0% used [0x00000000f8300000,0x00000000f8300000,0x00000000f9580000)
  to   space 19968K, 0% used [0x00000000f9f00000,0x00000000f9f00000,0x00000000fb280000)
 ParOldGen       total 112640K, used 30667K [0x00000000e0000000, 0x00000000e6e00000, 0x00000000f5580000)
  object space 112640K, 27% used [0x00000000e0000000,0x00000000e1df2d70,0x00000000e6e00000)
 Metaspace       used 54674K, capacity 58838K, committed 59028K, reserved 1099776K
  class space    used 6771K, capacity 8068K, committed 8152K, reserved 1048576K
}
Event: 8.056 GC heap before
{Heap before GC invocations=13 (full 3):
 PSYoungGen      total 65536K, used 46592K [0x00000000f5580000, 0x00000000fb280000, 0x0000000100000000)
  eden space 46592K, 100% used [0x00000000f5580000,0x00000000f8300000,0x00000000f8300000)
  from space 18944K, 0% used [0x00000000f8300000,0x00000000f8300000,0x00000000f9580000)
  to   space 19968K, 0% used [0x00000000f9f00000,0x00000000f9f00000,0x00000000fb280000)
 ParOldGen       total 112640K, used 30667K [0x00000000e0000000, 0x00000000e6e00000, 0x00000000f5580000)
  object space 112640K, 27% used [0x00000000e0000000,0x00000000e1df2d70,0x00000000e6e00000)
 Metaspace       used 62393K, capacity 67140K, committed 67416K, reserved 1107968K
  class space    used 7821K, capacity 9198K, committed 9304K, reserved 1048576K
Event: 8.065 GC heap after
Heap after GC invocations=13 (full 3):
 PSYoungGen      total 69120K, used 11818K [0x00000000f5580000, 0x00000000faf00000, 0x0000000100000000)
  eden space 52736K, 0% used [0x00000000f5580000,0x00000000f5580000,0x00000000f8900000)
  from space 16384K, 72% used [0x00000000f9f00000,0x00000000faa8aa60,0x00000000faf00000)
  to   space 19456K, 0% used [0x00000000f8900000,0x00000000f8900000,0x00000000f9c00000)
 ParOldGen       total 112640K, used 30675K [0x00000000e0000000, 0x00000000e6e00000, 0x00000000f5580000)
  object space 112640K, 27% used [0x00000000e0000000,0x00000000e1df4d70,0x00000000e6e00000)
 Metaspace       used 62393K, capacity 67140K, committed 67416K, reserved 1107968K
  class space    used 7821K, capacity 9198K, committed 9304K, reserved 1048576K
}
Event: 23.054 GC heap before
{Heap before GC invocations=14 (full 3):
 PSYoungGen      total 69120K, used 64554K [0x00000000f5580000, 0x00000000faf00000, 0x0000000100000000)
  eden space 52736K, 99% used [0x00000000f5580000,0x00000000f88ffe90,0x00000000f8900000)
  from space 16384K, 72% used [0x00000000f9f00000,0x00000000faa8aa60,0x00000000faf00000)
  to   space 19456K, 0% used [0x00000000f8900000,0x00000000f8900000,0x00000000f9c00000)
 ParOldGen       total 112640K, used 30675K [0x00000000e0000000, 0x00000000e6e00000, 0x00000000f5580000)
  object space 112640K, 27% used [0x00000000e0000000,0x00000000e1df4d70,0x00000000e6e00000)
 Metaspace       used 70414K, capacity 75824K, committed 75864K, reserved 1114112K
  class space    used 8893K, capacity 10557K, committed 10584K, reserved 1048576K
Event: 23.063 GC heap after
Heap after GC invocations=14 (full 3):
 PSYoungGen      total 72192K, used 15651K [0x00000000f5580000, 0x00000000fb680000, 0x0000000100000000)
  eden space 52736K, 0% used [0x00000000f5580000,0x00000000f5580000,0x00000000f8900000)
  from space 19456K, 80% used [0x00000000f8900000,0x00000000f9848cb0,0x00000000f9c00000)
  to   space 20480K, 0% used [0x00000000fa280000,0x00000000fa280000,0x00000000fb680000)
 ParOldGen       total 112640K, used 30683K [0x00000000e0000000, 0x00000000e6e00000, 0x00000000f5580000)
  object space 112640K, 27% used [0x00000000e0000000,0x00000000e1df6d70,0x00000000e6e00000)
 Metaspace       used 70414K, capacity 75824K, committed 75864K, reserved 1114112K
  class space    used 8893K, capacity 10557K, committed 10584K, reserved 1048576K
}
Event: 93.951 GC heap before
{Heap before GC invocations=15 (full 3):
 PSYoungGen      total 72192K, used 68386K [0x00000000f5580000, 0x00000000fb680000, 0x0000000100000000)
  eden space 52736K, 99% used [0x00000000f5580000,0x00000000f88ffc60,0x00000000f8900000)
  from space 19456K, 80% used [0x00000000f8900000,0x00000000f9848cb0,0x00000000f9c00000)
  to   space 20480K, 0% used [0x00000000fa280000,0x00000000fa280000,0x00000000fb680000)
 ParOldGen       total 112640K, used 30683K [0x00000000e0000000, 0x00000000e6e00000, 0x00000000f5580000)
  object space 112640K, 27% used [0x00000000e0000000,0x00000000e1df6d70,0x00000000e6e00000)
 Metaspace       used 73288K, capacity 79186K, committed 79448K, reserved 1118208K
  class space    used 9247K, capacity 11051K, committed 11096K, reserved 1048576K
Event: 93.960 GC heap after
Heap after GC invocations=15 (full 3):
 PSYoungGen      total 77824K, used 13893K [0x00000000f5580000, 0x00000000fb680000, 0x0000000100000000)
  eden space 57344K, 0% used [0x00000000f5580000,0x00000000f5580000,0x00000000f8d80000)
  from space 20480K, 67% used [0x00000000fa280000,0x00000000fb011650,0x00000000fb680000)
  to   space 20992K, 0% used [0x00000000f8d80000,0x00000000f8d80000,0x00000000fa200000)
 ParOldGen       total 112640K, used 30691K [0x00000000e0000000, 0x00000000e6e00000, 0x00000000f5580000)
  object space 112640K, 27% used [0x00000000e0000000,0x00000000e1df8d70,0x00000000e6e00000)
 Metaspace       used 73288K, capacity 79186K, committed 79448K, reserved 1118208K
  class space    used 9247K, capacity 11051K, committed 11096K, reserved 1048576K
}
Event: 195.082 GC heap before
{Heap before GC invocations=16 (full 3):
 PSYoungGen      total 77824K, used 71237K [0x00000000f5580000, 0x00000000fb680000, 0x0000000100000000)
  eden space 57344K, 100% used [0x00000000f5580000,0x00000000f8d80000,0x00000000f8d80000)
  from space 20480K, 67% used [0x00000000fa280000,0x00000000fb011650,0x00000000fb680000)
  to   space 20992K, 0% used [0x00000000f8d80000,0x00000000f8d80000,0x00000000fa200000)
 ParOldGen       total 112640K, used 30691K [0x00000000e0000000, 0x00000000e6e00000, 0x00000000f5580000)
  object space 112640K, 27% used [0x00000000e0000000,0x00000000e1df8d70,0x00000000e6e00000)
 Metaspace       used 74221K, capacity 80364K, committed 80600K, reserved 1118208K
  class space    used 9321K, capacity 11224K, committed 11224K, reserved 1048576K
Event: 195.097 GC heap after
Heap after GC invocations=16 (full 3):
 PSYoungGen      total 78336K, used 10715K [0x00000000f5580000, 0x00000000fb800000, 0x0000000100000000)
  eden space 57344K, 0% used [0x00000000f5580000,0x00000000f5580000,0x00000000f8d80000)
  from space 20992K, 51% used [0x00000000f8d80000,0x00000000f97f6f60,0x00000000fa200000)
  to   space 19968K, 0% used [0x00000000fa480000,0x00000000fa480000,0x00000000fb800000)
 ParOldGen       total 112640K, used 30699K [0x00000000e0000000, 0x00000000e6e00000, 0x00000000f5580000)
  object space 112640K, 27% used [0x00000000e0000000,0x00000000e1dfad70,0x00000000e6e00000)
 Metaspace       used 74221K, capacity 80364K, committed 80600K, reserved 1118208K
  class space    used 9321K, capacity 11224K, committed 11224K, reserved 1048576K
}

Deoptimization events (10 events):
Event: 195.258 Thread 0x0000000004842800 Uncommon trap: reason=unreached action=reinterpret pc=0x0000000004c1c918 method=org.eclipse.e4.ui.model.application.commands.impl.CommandImpl.eIsSet(I)Z @ 139
Event: 195.264 Thread 0x0000000004842800 Uncommon trap: reason=bimorphic action=maybe_recompile pc=0x00000000058d8d64 method=org.eclipse.emf.ecore.impl.ETypedElementImpl.getEType()Lorg/eclipse/emf/ecore/EClassifier; @ 18
Event: 195.264 Thread 0x0000000004842800 Uncommon trap: reason=bimorphic action=maybe_recompile pc=0x00000000058d8d64 method=org.eclipse.emf.ecore.impl.ETypedElementImpl.getEType()Lorg/eclipse/emf/ecore/EClassifier; @ 18
Event: 195.305 Thread 0x0000000004842800 Uncommon trap: reason=class_check action=maybe_recompile pc=0x0000000005f92804 method=org.eclipse.e4.core.internal.contexts.TrackableComputationExt.update(Lorg/eclipse/e4/core/internal/contexts/ContextChangeEvent;)Z @ 62
Event: 195.305 Thread 0x0000000004842800 Uncommon trap: reason=class_check action=maybe_recompile pc=0x0000000004c282c0 method=org.eclipse.e4.core.internal.contexts.ContextObjectSupplier$ContextInjectionListener.update(Lorg/eclipse/e4/core/contexts/IEclipseContext;I[Ljava/lang/Object;)Z @ 173
Event: 195.305 Thread 0x0000000004842800 Uncommon trap: reason=class_check action=maybe_recompile pc=0x0000000005f92804 method=org.eclipse.e4.core.internal.contexts.TrackableComputationExt.update(Lorg/eclipse/e4/core/internal/contexts/ContextChangeEvent;)Z @ 62
Event: 195.305 Thread 0x0000000004842800 Uncommon trap: reason=class_check action=maybe_recompile pc=0x0000000004c282c0 method=org.eclipse.e4.core.internal.contexts.ContextObjectSupplier$ContextInjectionListener.update(Lorg/eclipse/e4/core/contexts/IEclipseContext;I[Ljava/lang/Object;)Z @ 173
Event: 195.305 Thread 0x0000000004842800 Uncommon trap: reason=class_check action=maybe_recompile pc=0x0000000005f92804 method=org.eclipse.e4.core.internal.contexts.TrackableComputationExt.update(Lorg/eclipse/e4/core/internal/contexts/ContextChangeEvent;)Z @ 62
Event: 195.305 Thread 0x0000000004842800 Uncommon trap: reason=class_check action=maybe_recompile pc=0x0000000004c282c0 method=org.eclipse.e4.core.internal.contexts.ContextObjectSupplier$ContextInjectionListener.update(Lorg/eclipse/e4/core/contexts/IEclipseContext;I[Ljava/lang/Object;)Z @ 173
Event: 195.895 Thread 0x0000000004842800 Uncommon trap: reason=null_check action=make_not_entrant pc=0x00000000053a8570 method=org.eclipse.core.runtime.internal.adaptor.EclipseLazyStarter.shouldActivateFor(Ljava/lang/String;Lorg/eclipse/osgi/baseadaptor/BaseData;Lorg/eclipse/core/runtime/internalnªNChh@

Internal exceptions (10 events):
Event: 194.711 Thread 0x000000001d704000 Exception <a 'java/lang/InterruptedException'> (0x00000000f842d1f0) thrown at [D:\re\workspace\8-2-build-windows-amd64-cygwin\jdk8u25\1677\hotspot\src\share\vm\runtime\objectMonitor.cpp, line 1682]
Event: 194.787 Thread 0x0000000004842800 Implicit null exception at 0x0000000004cb934c to 0x0000000004cb93a9
Event: 194.942 Thread 0x0000000019417800 Exception <a 'java/lang/InterruptedException'> (0x00000000f7f470b8) thrown at [D:\re\workspace\8-2-build-windows-amd64-cygwin\jdk8u25\1677\hotspot\src\share\vm\runtime\objectMonitor.cpp, line 1682]
Event: 195.185 Thread 0x0000000004842800 Implicit null exception at 0x0000000005cd9aea to 0x0000000005ce0161
Event: 195.344 Thread 0x0000000019413800 Exception <a 'java/lang/InterruptedException'> (0x00000000f5a7b290) thrown at [D:\re\workspace\8-2-build-windows-amd64-cygwin\jdk8u25\1677\hotspot\src\share\vm\runtime\objectMonitor.cpp, line 1682]
Event: 195.895 Thread 0x0000000004842800 Implicit null exception at 0x00000000053a7d03 to 0x00000000053a8561
Event: 195.943 Thread 0x0000000019062000 Exception <a 'java/lang/InterruptedException': sleep interrupted> (0x00000000f5e0b2f0) thrown at [D:\re\workspace\8-2-build-windows-amd64-cygwin\jdk8u25\1677\hotspot\src\share\vm\prims\jvm.cpp, line 3141]
Event: 195.944 Thread 0x000000001ab6a000 Exception <a 'java/lang/InterruptedException'> (0x00000000f5e9a868) thrown at [D:\re\workspace\8-2-build-windows-amd64-cygwin\jdk8u25\1677\hotspot\src\share\vm\runtime\objectMonitor.cpp, line 1682]
Event: 195.944 Thread 0x00000000192c1000 Exception <a 'java/lang/InterruptedException'> (0x00000000f5eb7340) thrown at [D:\re\workspace\8-2-build-windows-amd64-cygwin\jdk8u25\1677\hotspot\src\share\vm\runtime\objectMonitor.cpp, line 1682]
Event: 196.013 Thread 0x000000001aab4000 Exception <a 'java/lang/InterruptedException'> (0x00000000f5d609e0) thrown at [D:\re\workspace\8-2-build-windows-amd64-cygwin\jdk8u25\1677\hotspot\src\share\vm\runtime\objectMonitor.cpp, line 1682]

Events (10 events):
Event: 195.944 Thread 0x00000000192c1000 Thread exited: 0x00000000192c1000
Event: 196.013 Thread 0x000000001aab4000 Thread exited: 0x000000001aab4000
Event: 196.013 Thread 0x0000000018eb7000 Thread exited: 0x0000000018eb7000
Event: 196.013 loading class java/util/IdentityHashMap$KeyIterator
Event: 196.013 loading class java/util/IdentityHashMap$IdentityHashMapIterator
Event: 196.013 loading class java/util/IdentityHashMap$IdentityHashMapIterator done
Event: 196.013 loading class java/util/IdentityHashMap$KeyIterator done
Event: 196.013 Thread 0x0000000019412000 Thread added: 0x0000000019412000
Event: 196.014 Thread 0x0000000019412000 Thread exited: 0x0000000019412000
Event: 196.014 Executing VM operation: Exit


Dynamic libraries:
0x0000000000400000 - 0x000000000044f000 	C:\Xilinx\SDK\2015.2\eclipse\win64.o\eclipse.exe
0x00007ff9c1550000 - 0x00007ff9c1730000 	C:\WINDOWS\SYSTEM32\ntdll.dll
0x00007ff9bf840000 - 0x00007ff9bf8ee000 	C:\WINDOWS\System32\KERNEL32.DLL
0x00007ff9be710000 - 0x00007ff9be976000 	C:\WINDOWS\System32\KERNELBASE.dll
0x00007ff9c1330000 - 0x00007ff9c14bf000 	C:\WINDOWS\System32\USER32.dll
0x00007ff9be640000 - 0x00007ff9be660000 	C:\WINDOWS\System32\win32u.dll
0x00007ff9bec80000 - 0x00007ff9beca8000 	C:\WINDOWS\System32\GDI32.dll
0x00007ff9be1d0000 - 0x00007ff9be363000 	C:\WINDOWS\System32\gdi32full.dll
0x00007ff9be980000 - 0x00007ff9bea1b000 	C:\WINDOWS\System32\msvcp_win.dll
0x00007ff9be370000 - 0x00007ff9be466000 	C:\WINDOWS\System32\ucrtbase.dll
0x00007ff9bf5b0000 - 0x00007ff9bf64d000 	C:\WINDOWS\System32\msvcrt.dll
0x00007ff9b1260000 - 0x00007ff9b14c9000 	C:\WINDOWS\WinSxS\amd64_microsoft.windows.common-controls_6595b64144ccf1df_6.0.16299.248_none_15ced204935f55d7\COMCTL32.dll
0x00007ff9bf8f0000 - 0x00007ff9bfbf8000 	C:\WINDOWS\System32\combase.dll
0x00007ff9bf490000 - 0x00007ff9bf5af000 	C:\WINDOWS\System32\RPCRT4.dll
0x00007ff9be150000 - 0x00007ff9be1c2000 	C:\WINDOWS\System32\bcryptPrimitives.dll
0x00007ff9beb70000 - 0x00007ff9beb9d000 	C:\WINDOWS\System32\IMM32.DLL
0x0000000072000000 - 0x0000000072012000 	C:\Xilinx\SDK\2015.2\eclipse\win64.o\plugins\org.eclipse.equinox.launcher.win32.win32.x86_64_1.1.200.v20140116-2212\eclipse_1503.dll
0x00007ff9bf6d0000 - 0x00007ff9bf771000 	C:\WINDOWS\System32\ADVAPI32.dll
0x00007ff9bf650000 - 0x00007ff9bf6ab000 	C:\WINDOWS\System32\sechost.dll
0x00007ff9b72e0000 - 0x00007ff9b72ea000 	C:\WINDOWS\SYSTEM32\VERSION.dll
0x00007ff9bb710000 - 0x00007ff9bb7a5000 	C:\WINDOWS\system32\uxtheme.dll
0x00007ff9bf2c0000 - 0x00007ff9bf427000 	C:\WINDOWS\System32\MSCTF.dll
0x00007ff9c11f0000 - 0x00007ff9c12b5000 	C:\WINDOWS\System32\OLEAUT32.dll
0x00007ff9942b0000 - 0x00007ff994359000 	C:\Program Files\Common Files\microsoft shared\ink\tiptsf.dll
0x00000000777a0000 - 0x0000000077ffa000 	C:\Xilinx\SDK\2015.2\tps\win64\jre\bin\server\jvm.dll
0x00007ff9bf830000 - 0x00007ff9bf838000 	C:\WINDOWS\System32\PSAPI.DLL
0x00007ff9b9080000 - 0x00007ff9b90a3000 	C:\WINDOWS\SYSTEM32\WINMM.dll
0x00007ff9bbac0000 - 0x00007ff9bbac9000 	C:\WINDOWS\SYSTEM32\WSOCK32.dll
0x0000000050fa0000 - 0x0000000051072000 	C:\WINDOWS\SYSTEM32\MSVCR100.dll
0x00007ff9c12c0000 - 0x00007ff9c132c000 	C:\WINDOWS\System32\WS2_32.dll
0x00007ff9b9020000 - 0x00007ff9b904a000 	C:\WINDOWS\SYSTEM32\WINMMBASE.dll
0x00007ff9be6c0000 - 0x00007ff9be70a000 	C:\WINDOWS\System32\cfgmgr32.dll
0x0000000050040000 - 0x000000005004f000 	C:\Xilinx\SDK\2015.2\tps\win64\jre\bin\verify.dll
0x0000000050010000 - 0x0000000050038000 	C:\Xilinx\SDK\2015.2\tps\win64\jre\bin\java.dll
0x0000000077650000 - 0x0000000077666000 	C:\Xilinx\SDK\2015.2\tps\win64\jre\bin\zip.dll
0x00007ff9bfc10000 - 0x00007ff9c1046000 	C:\WINDOWS\System32\SHELL32.dll
0x00007ff9bf780000 - 0x00007ff9bf826000 	C:\WINDOWS\System32\shcore.dll
0x00007ff9bda00000 - 0x00007ff9be147000 	C:\WINDOWS\System32\windows.storage.dll
0x00007ff9beba0000 - 0x00007ff9bebf1000 	C:\WINDOWS\System32\shlwapi.dll
0x00007ff9bd910000 - 0x00007ff9bd921000 	C:\WINDOWS\System32\kernel.appcore.dll
0x00007ff9bd8a0000 - 0x00007ff9bd8ec000 	C:\WINDOWS\System32\powrprof.dll
0x00007ff9bd8f0000 - 0x00007ff9bd90b000 	C:\WINDOWS\System32\profapi.dll
0x00007ff9bd2f0000 - 0x00007ff9bd307000 	C:\WINDOWS\SYSTEM32\CRYPTSP.dll
0x00007ff9bcd40000 - 0x00007ff9bcd73000 	C:\WINDOWS\system32\rsaenh.dll
0x00007ff9bd400000 - 0x00007ff9bd425000 	C:\WINDOWS\SYSTEM32\bcrypt.dll
0x00007ff9bd7a0000 - 0x00007ff9bd7c9000 	C:\WINDOWS\SYSTEM32\USERENV.dll
0x00007ff9bd310000 - 0x00007ff9bd31b000 	C:\WINDOWS\SYSTEM32\CRYPTBASE.dll
0x0000000077630000 - 0x000000007764a000 	C:\Xilinx\SDK\2015.2\tps\win64\jre\bin\net.dll
0x00007ff9bd130000 - 0x00007ff9bd196000 	C:\WINDOWS\system32\mswsock.dll
0x00007ff9bcec0000 - 0x00007ff9bcef9000 	C:\WINDOWS\SYSTEM32\IPHLPAPI.DLL
0x00007ff9becb0000 - 0x00007ff9becb8000 	C:\WINDOWS\System32\NSI.dll
0x00007ff9b47b0000 - 0x00007ff9b47c6000 	C:\WINDOWS\SYSTEM32\dhcpcsvc6.DLL
0x00007ff9b4de0000 - 0x00007ff9b4dfa000 	C:\WINDOWS\SYSTEM32\dhcpcsvc.DLL
0x0000000077610000 - 0x0000000077621000 	C:\Xilinx\SDK\2015.2\tps\win64\jre\bin\nio.dll
0x00007ff9a4dc0000 - 0x00007ff9a4e58000 	C:\WINDOWS\System32\TextInputFramework.dll
0x00007ff9ba4f0000 - 0x00007ff9ba5cc000 	C:\WINDOWS\System32\CoreMessaging.dll
0x00007ff9b4f40000 - 0x00007ff9b522e000 	C:\WINDOWS\System32\CoreUIComponents.dll
0x00007ff9bc990000 - 0x00007ff9bc9c1000 	C:\WINDOWS\SYSTEM32\ntmarta.dll
0x00007ff9b90b0000 - 0x00007ff9b91e6000 	C:\WINDOWS\SYSTEM32\wintypes.dll
0x00007ff9bc130000 - 0x00007ff9bc15a000 	C:\WINDOWS\system32\dwmapi.dll
0x00007ff9becc0000 - 0x00007ff9bed5e000 	C:\WINDOWS\System32\clbcatq.dll
0x00007ff9a0be0000 - 0x00007ff9a0de6000 	C:\Windows\System32\uiautomationcore.dll
0x00007ff9bd700000 - 0x00007ff9bd79a000 	C:\WINDOWS\SYSTEM32\sxs.dll
0x00007ff9b3fa0000 - 0x00007ff9b400e000 	C:\Windows\System32\OLEACC.dll
0x00007ff98a880000 - 0x00007ff98a896000 	C:\WINDOWS\system32\napinsp.dll
0x00007ff98a860000 - 0x00007ff98a87a000 	C:\WINDOWS\system32\pnrpnsp.dll
0x00007ff9ba5d0000 - 0x00007ff9ba5e8000 	C:\WINDOWS\system32\NLAapi.dll
0x00007ff9bcf00000 - 0x00007ff9bcfb6000 	C:\WINDOWS\SYSTEM32\DNSAPI.dll
0x00007ff99b910000 - 0x00007ff99b91e000 	C:\WINDOWS\System32\winrnr.dll
0x00007ff9b7320000 - 0x00007ff9b7335000 	C:\WINDOWS\System32\wshbth.dll
0x0000000051d70000 - 0x0000000051d7a000 	C:\Program Files\National Instruments\Shared\mDNS Responder\nimdnsNSP.dll
0x0000000051d60000 - 0x0000000051d70000 	C:\WINDOWS\SYSTEM32\nimdnsResponder.dll
0x00007ff994940000 - 0x00007ff994956000 	C:\WINDOWS\SYSTEM32\VCRUNTIME140.dll
0x00007ff9af080000 - 0x00007ff9af08a000 	C:\Windows\System32\rasadhlp.dll
0x00007ff9af9c0000 - 0x00007ff9afa30000 	C:\WINDOWS\System32\fwpuclnt.dll
0x00007ff9bea20000 - 0x00007ff9beb69000 	C:\WINDOWS\System32\ole32.dll
0x000000001c2a0000 - 0x000000001c348000 	C:\Users\Lauro\.Xilinx\SDK\2015.2\org.eclipse.osgi\bundles\287\1\.cp\swt-win32-4335.dll
0x00007ff9bf1b0000 - 0x00007ff9bf2ba000 	C:\WINDOWS\System32\comdlg32.dll
0x00007ff9be470000 - 0x00007ff9be63e000 	C:\WINDOWS\System32\CRYPT32.dll
0x00007ff9bd930000 - 0x00007ff9bd942000 	C:\WINDOWS\System32\MSASN1.dll
0x00007ff9b5be0000 - 0x00007ff9b5c66000 	C:\WINDOWS\SYSTEM32\WINSPOOL.DRV
0x00007ff9ba7c0000 - 0x00007ff9ba7d9000 	C:\WINDOWS\SYSTEM32\USP10.dll
0x00007ff9ad0b0000 - 0x00007ff9ad3e4000 	C:\WINDOWS\SYSTEM32\WININET.dll
0x00007ff9bbdb0000 - 0x00007ff9bbf61000 	C:\WINDOWS\SYSTEM32\propsys.dll
0x000000001c6e0000 - 0x000000001c6fe000 	C:\Users\Lauro\.Xilinx\SDK\2015.2\org.eclipse.osgi\bundles\287\1\.cp\swt-gdip-win32-4335.dll
0x00007ff9b4010000 - 0x00007ff9b41ac000 	C:\WINDOWS\WinSxS\amd64_microsoft.windows.gdiplus_6595b64144ccf1df_1.1.16299.248_none_46b9c4e9edf1cfa5\gdiplus.dll
0x00007ff9b5410000 - 0x00007ff9b55bb000 	C:\WINDOWS\SYSTEM32\WindowsCodecs.dll
0x0000000180000000 - 0x0000000180012000 	C:\Users\Lauro\.Xilinx\SDK\2015.2\org.eclipse.osgi\bundles\113\1\.cp\os\win32\x86_64\localfile_1_0_0.dll
0x00007ff9afe70000 - 0x00007ff9afe81000 	C:\Users\Lauro\.Xilinx\SDK\2015.2\org.eclipse.osgi\bundles\116\1\.cp\jWinHttp-1.0.0.dll
0x00007ff9b8a50000 - 0x00007ff9b8b2e000 	C:\WINDOWS\SYSTEM32\WINHTTP.dll
0x00007ff9bc220000 - 0x00007ff9bc39b000 	C:\WINDOWS\system32\twinapi.appcore.dll
0x00007ff9bc3e0000 - 0x00007ff9bc400000 	C:\WINDOWS\system32\RMCLIENT.dll
0x00007ff9a3030000 - 0x00007ff9a30b1000 	C:\WINDOWS\SYSTEM32\twinapi.dll
0x00007ff9afe60000 - 0x00007ff9afe70000 	C:\Xilinx\SDK\2015.2\lib\win64.o\librdi_repo_manager.dll
0x00007ff9aeb20000 - 0x00007ff9aeb4a000 	C:\Xilinx\SDK\2015.2\lib\win64.o\libisl_sysinfo.dll
0x00007ff9ae300000 - 0x00007ff9ae354000 	C:\Xilinx\SDK\2015.2\lib\win64.o\librdi_commonxillic.dll
0x00007ff95f310000 - 0x00007ff95fc53000 	C:\Xilinx\SDK\2015.2\lib\win64.o\librdi_common.dll
0x00007ff9ad7f0000 - 0x00007ff9ad897000 	C:\WINDOWS\SYSTEM32\MSVCP110.dll
0x00007ff9afa90000 - 0x00007ff9afb64000 	C:\WINDOWS\SYSTEM32\MSVCR110.dll
0x00007ff96b350000 - 0x00007ff96b570000 	C:\Xilinx\SDK\2015.2\lib\win64.o\libXil_lmgr11.dll
0x00007ff9be660000 - 0x00007ff9be6b8000 	C:\WINDOWS\System32\WINTRUST.dll
0x00007ff9af850000 - 0x00007ff9af872000 	C:\Xilinx\SDK\2015.2\lib\win64.o\libboost_filesystem.dll
0x00007ff9aeb50000 - 0x00007ff9aec4a000 	C:\Xilinx\SDK\2015.2\lib\win64.o\libboost_regex.dll
0x00007ff9ba7f0000 - 0x00007ff9ba7f9000 	C:\Xilinx\SDK\2015.2\lib\win64.o\libboost_system.dll
0x00007ff99cb60000 - 0x00007ff99ce08000 	C:\Xilinx\SDK\2015.2\lib\win64.o\libCOIN-all.dll
0x00007ff9ba8e0000 - 0x00007ff9ba8f0000 	C:\Xilinx\SDK\2015.2\lib\win64.o\libboost_date_time.dll
0x00007ff996fb0000 - 0x00007ff997198000 	C:\Xilinx\SDK\2015.2\lib\win64.o\librdi_hsm.dll
0x00007ff9af700000 - 0x00007ff9af774000 	C:\Xilinx\SDK\2015.2\lib\win64.o\libboost_program_options.dll
0x00007ff9af3b0000 - 0x00007ff9af3cd000 	C:\Xilinx\SDK\2015.2\lib\win64.o\libboost_thread.dll
0x00007ff9adf10000 - 0x00007ff9adf90000 	C:\Xilinx\SDK\2015.2\lib\win64.o\libhdlpsolve.dll
0x00007ff9ab3b0000 - 0x00007ff9ab44a000 	C:\Xilinx\SDK\2015.2\lib\win64.o\libhdxml.dll
0x00007ff95b940000 - 0x00007ff95bf4a200 	C:\Xilinx\SDK\2015.2\lib\win64.o\libisl_iostreams.dll
0x00007ff9af7b0000 - 0x00007ff9af7d3000 	C:\Xilinx\SDK\2015.2\lib\win64.o\libisl_iosutils.dll
0x00007ff9af7e0000 - 0x00007ff9af7f3000 	C:\Xilinx\SDK\2015.2\lib\win64.o\libboost_signals.dll
0x00007ff9afc60000 - 0x00007ff9afc75000 	C:\Xilinx\SDK\2015.2\lib\win64.o\pthreadVC2.dll
0x00007ff99ca30000 - 0x00007ff99cb60000 	C:\Xilinx\SDK\2015.2\lib\win64.o\librdi_curl.dll
0x00007ff9aeb00000 - 0x00007ff9aeb18000 	C:\Xilinx\SDK\2015.2\lib\win64.o\librdiconfig.dll
0x00007ff9ade50000 - 0x00007ff9ade73000 	C:\Xilinx\SDK\2015.2\lib\win64.o\librdizlib.dll
0x0000000077670000 - 0x0000000077797000 	C:\Xilinx\SDK\2015.2\lib\win64.o\tcl85t.dll
0x00007ff9ac3b0000 - 0x00007ff9ac57c000 	C:\WINDOWS\SYSTEM32\urlmon.dll
0x00007ff98bb20000 - 0x00007ff98bb43000 	C:\WINDOWS\SYSTEM32\VCOMP110.DLL
0x00007ff9bf6b0000 - 0x00007ff9bf6cd000 	C:\WINDOWS\System32\imagehlp.dll
0x00007ff9af410000 - 0x00007ff9af427000 	C:\WINDOWS\SYSTEM32\NETAPI32.dll
0x00007ff9ac610000 - 0x00007ff9ac653000 	C:\Xilinx\SDK\2015.2\lib\win64.o\librdi_hdf.dll
0x00007ff96ae70000 - 0x00007ff96b02a000 	C:\Xilinx\SDK\2015.2\lib\win64.o\librdi_ippcw.dll
0x00007ff9ba7b0000 - 0x00007ff9ba7bb000 	C:\Xilinx\SDK\2015.2\lib\win64.o\libboost_chrono.dll
0x00007ff9ae710000 - 0x00007ff9ae726000 	C:\Xilinx\SDK\2015.2\lib\win64.o\libboost_iostreams.dll
0x00007ff9ac010000 - 0x00007ff9ac2a9000 	C:\WINDOWS\SYSTEM32\iertutil.dll

VM Arguments:
jvm_args: -Dcom.xilinx.sdk.args.hwspec=C:/Users/Lauro/Desktop/CECS-461/Example_GPIO/gpioExample/gpioExample.sdk/design_1_wrapper.hdf -Xms64m -Xmx512m & 
java_command: <unknown>
java_class_path (initial): C:\Xilinx\SDK\2015.2\eclipse\win64.o\\plugins/org.eclipse.equinox.launcher_1.3.0.v20130327-1440.jar
Launcher Type: generic

Environment Variables:
USERNAME=Lauro
OS=Windows_NT
PROCESSOR_IDENTIFIER=Intel64 Family 6 Model 60 Stepping 3, GenuineIntel



---------------  S Y S T E M  ---------------

OS: Windows 8 , 64 bit Build 9200 

CPU:total 8 (4 cores per cpu, 2 threads per core) family 6 model 60 stepping 3, cmov, cx8, fxsr, mmx, sse, sse2, sse3, ssse3, sse4.1, sse4.2, popcnt, avx, avx2, aes, clmul, erms, lzcnt, ht, tsc, tscinvbit, bmi1, bmi2

Memory: 4k page, physical 16677948k(11037148k free), swap 19168316k(12164156k free)

vm_info: Java HotSpot(TM) 64-Bit Server VM (25.25-b02) for windows-amd64 JRE (1.8.0_25-b18), built on Oct  7 2014 14:25:37 by "java_re" with MS VC++ 10.0 (VS2010)

time: Wed Feb 21 08:47:22 2018
elapsed time: 197 seconds (0d 0h 3m 17s)

