#-----------------------------------------------------------
# Vivado v2015.2 (64-bit)
# SW Build 1266856 on Fri Jun 26 16:35:25 MDT 2015
# IP Build 1264090 on Wed Jun 24 14:22:01 MDT 2015
# Start of session at: Sat Mar 17 14:49:49 2018
# Process ID: 8268
# Log file: C:/Users/Lauro/Desktop/CECS-461/EmptyProject/vivado.log
# Journal file: C:/Users/Lauro/Desktop/CECS-461/EmptyProject\vivado.jou
#-----------------------------------------------------------
start_gui
open_project C:/Users/Lauro/Desktop/CECS-461/EmptyProject/project_1.xpr
INFO: [Project 1-313] Project file moved from 'C:/Xilinx/MyProjects/project_1' since last save.
Scanning sources...
Finished scanning sources
INFO: [IP_Flow 19-234] Refreshing IP repositories
INFO: [IP_Flow 19-1704] No user IP repositories specified
INFO: [IP_Flow 19-2313] Loaded Vivado IP repository 'C:/Xilinx/Vivado/2015.2/data/ip'.
save_project_as lab3 C:/Users/Lauro/Desktop/CECS-461/Lab_3/lab3 -force
save_project_as: Time (s): cpu = 00:00:05 ; elapsed = 00:00:05 . Memory (MB): peak = 729.820 ; gain = 10.371
exit
INFO: [Common 17-206] Exiting Vivado at Sat Mar 17 14:50:41 2018...
