#-----------------------------------------------------------
# Vivado v2015.2 (64-bit)
# SW Build 1266856 on Fri Jun 26 16:35:25 MDT 2015
# IP Build 1264090 on Wed Jun 24 14:22:01 MDT 2015
# Start of session at: Sat Mar 17 15:11:03 2018
# Process ID: 7912
# Log file: C:/Users/Lauro/Desktop/CECS-461/EmptyProject/vivado.log
# Journal file: C:/Users/Lauro/Desktop/CECS-461/EmptyProject\vivado.jou
#-----------------------------------------------------------
start_gui
open_project C:/Users/Lauro/Desktop/CECS-461/EmptyProject/project_1.xpr
INFO: [Project 1-313] Project file moved from 'C:/Xilinx/MyProjects/project_1' since last save.
Scanning sources...
Finished scanning sources
INFO: [IP_Flow 19-234] Refreshing IP repositories
INFO: [IP_Flow 19-1704] No user IP repositories specified
INFO: [IP_Flow 19-2313] Loaded Vivado IP repository 'C:/Xilinx/Vivado/2015.2/data/ip'.
open_project: Time (s): cpu = 00:00:11 ; elapsed = 00:00:05 . Memory (MB): peak = 789.648 ; gain = 192.883
save_project_as lab3 C:/Users/Lauro/Desktop/CECS-461/Lab_3/lab3 -force
write_hwdef -force  -file C:/Users/Lauro/Desktop/CECS-461/Lab_3/lab3/lab3.sdk/system_wrapper.hdf
launch_sdk -workspace C:/Users/Lauro/Desktop/CECS-461/Lab_3/lab3/lab3.sdk -hwspec C:/Users/Lauro/Desktop/CECS-461/Lab_3/lab3/lab3.sdk/system_wrapper.hdf
INFO: [Vivado 12-393] Launching SDK...
INFO: [Vivado 12-417] Running xsdk -workspace C:/Users/Lauro/Desktop/CECS-461/Lab_3/lab3/lab3.sdk -hwspec C:/Users/Lauro/Desktop/CECS-461/Lab_3/lab3/lab3.sdk/system_wrapper.hdf
INFO: [Vivado 12-3157] SDK launch initiated. Please check console for any further messages.
open_bd_design {C:/Users/Lauro/Desktop/CECS-461/Lab_3/lab3/lab3.srcs/sources_1/bd/system/system.bd}
Adding component instance block -- xilinx.com:ip:processing_system7:5.5 - processing_system7_0
Successfully read diagram <system> from BD file <C:/Users/Lauro/Desktop/CECS-461/Lab_3/lab3/lab3.srcs/sources_1/bd/system/system.bd>
exit
INFO: [Common 17-206] Exiting Vivado at Sat Mar 17 15:19:42 2018...
