#
# A fatal error has been detected by the Java Runtime Environment:
#
#  Internal Error (0xc000000d), pid=10952, tid=11028
#
# JRE version: Java(TM) SE Runtime Environment (8.0_25-b18) (build 1.8.0_25-b18)
# Java VM: Java HotSpot(TM) 64-Bit Server VM (25.25-b02 mixed mode windows-amd64 compressed oops)
# Problematic frame:
# C  [ntdll.dll+0x10b2b0]
#
# Failed to write core dump. Minidumps are not enabled by default on client versions of Windows
#
# If you would like to submit a bug report, please visit:
#   http://bugreport.sun.com/bugreport/crash.jsp
#

---------------  T H R E A D  ---------------

Current thread (0x0000000016118000):  VMThread [stack: 0x0000000017e10000,0x0000000017f10000] [id=11028]

siginfo: ExceptionCode=0xc000000d

Registers:
RAX=0x0000000300000020, RBX=0xfffffffffffffffe, RCX=0x0000000000000000, RDX=0x0000000300000002
RSP=0x0000000017f0f470, RBP=0x00007ffeaaae7408, RSI=0x0000000000000000, RDI=0x00000000000015ac
R8 =0x0000000000000000, R9 =0x0000000000000000, R10=0x0000000017f0f1e0, R11=0x0000000017f0f040
R12=0x000000001d274ab0, R13=0x00000000267c9640, R14=0x000000001d274bb8, R15=0x0000000017f0f5e8
RIP=0x00007ffebf88b2b0, EFLAGS=0x0000000000000202

Top of Stack: (sp=0x0000000017f0f470)
0x0000000017f0f470:   0000000000000057 fffffffffffffffe
0x0000000017f0f480:   0000000000000000 00000000000015ac
0x0000000017f0f490:   00000000c000000d 0000000000000000
0x0000000017f0f4a0:   00007ffebf88b2b0 0000000000000000
0x0000000017f0f4b0:   0000000000000000 0000000000000000
0x0000000017f0f4c0:   0000000000000000 0000000000000000
0x0000000017f0f4d0:   0000000000000000 0000000000000000
0x0000000017f0f4e0:   0000000000000000 0000000000000000
0x0000000017f0f4f0:   0000000000000000 0000000000000000
0x0000000017f0f500:   0000000000000000 0000000000000000
0x0000000017f0f510:   0000000000000000 0000000000000000
0x0000000017f0f520:   0000000000000000 0000000004158490
0x0000000017f0f530:   00002fec0940a90d 0000000000000000
0x0000000017f0f540:   0000000000000048 00007ffebf837b97
0x0000000017f0f550:   00000000042c31f8 00000000000000c8
0x0000000017f0f560:   00007ffebf780000 0000000000000009 

Instructions: (pc=0x00007ffebf88b2b0)
0x00007ffebf88b290:   b7 f9 ff c7 44 24 20 0d 00 00 c0 b9 57 00 00 00
0x00007ffebf88b2a0:   e8 4b 63 f3 ff 90 48 8d 4c 24 20 e8 90 00 f1 ff
0x00007ffebf88b2b0:   eb 00 48 8b 8c 24 c0 00 00 00 48 33 cc e8 ce 57
0x00007ffebf88b2c0:   f8 ff 48 81 c4 d8 00 00 00 c3 40 55 48 83 ec 20 


Register to memory mapping:

RAX=0x0000000300000020 is an unknown value
RBX=0xfffffffffffffffe is an unknown value
RCX=0x0000000000000000 is an unknown value
RDX=0x0000000300000002 is an unknown value
RSP=0x0000000017f0f470 is an unknown value
RBP=0x00007ffeaaae7408 is an unknown value
RSI=0x0000000000000000 is an unknown value
RDI=0x00000000000015ac is an unknown value
R8 =0x0000000000000000 is an unknown value
R9 =0x0000000000000000 is an unknown value
R10=0x0000000017f0f1e0 is an unknown value
R11=0x0000000017f0f040 is an unknown value
R12=0x000000001d274ab0 is an unknown value
R13=0x00000000267c9640 is an unknown value
R14=0x000000001d274bb8 is an unknown value
R15=0x0000000017f0f5e8 is an unknown value


Stack: [0x0000000017e10000,0x0000000017f10000],  sp=0x0000000017f0f470,  free space=1021k
Native frames: (J=compiled Java code, j=interpreted, Vv=VM code, C=native code)
C  [ntdll.dll+0x10b2b0]
C  [ntdll.dll+0xb7b97]
C  [KERNEL32.DLL+0x1180a]
C  [MSVCR110.dll+0x752d]
C  [MSVCR110.dll+0x14cde]
C  [MSVCR110.dll+0x13edc]
C  [MSVCR110.dll+0x239e]
C  [MSVCR110.dll+0xaf9e]
C  [MSVCP110.dll+0x397b9]
C  [librdi_common.dll+0x135d02]
C  [librdi_common.dll+0x13447b]
C  0x00007ffeb81967b0
C  0x00007ffeb8196a32
C  [ntdll.dll+0x11493]
C  [ntdll.dll+0x406b5]
C  [ntdll.dll+0x40574]
C  [KERNEL32.DLL+0xf06a]
C  [MSVCR100.dll+0x20ccd]
V  [jvm.dll+0x1f9c55]
V  [jvm.dll+0x2325e7]
V  [jvm.dll+0x231826]
V  [jvm.dll+0x231cc1]
V  [jvm.dll+0x231ede]
V  [jvm.dll+0x2852fa]
C  [MSVCR100.dll+0x21d9f]
C  [MSVCR100.dll+0x21e3b]
C  [KERNEL32.DLL+0x11fe4]
C  [ntdll.dll+0x6efc1]

VM_Operation (0x000000000014f500): Exit, mode: safepoint, requested by thread 0x00000000047b2800


---------------  P R O C E S S  ---------------

Java Threads: ( => current thread )
  0x000000001ab74800 JavaThread "Spawner Reaper" daemon [_thread_in_native, id=12172, stack(0x0000000037fe0000,0x00000000380e0000)]
  0x000000001ab6f000 JavaThread "TCF Locator DNS Lookup" daemon [_thread_blocked, id=1784, stack(0x0000000024ea0000,0x0000000024fa0000)]
  0x000000001ab6e800 JavaThread "TCF Locator Timer" daemon [_thread_blocked, id=7300, stack(0x0000000024da0000,0x0000000024ea0000)]
  0x000000001ab6d000 JavaThread "TCF Locator Receiver" daemon [_thread_in_native, id=5464, stack(0x0000000024ca0000,0x0000000024da0000)]
  0x000000001afed800 JavaThread "TCF Timer Dispatcher" daemon [_thread_blocked, id=13236, stack(0x0000000024aa0000,0x0000000024ba0000)]
  0x000000001cb4a800 JavaThread "EMF Reference Cleaner" daemon [_thread_blocked, id=14708, stack(0x000000001d810000,0x000000001d910000)]
  0x00000000182cd000 JavaThread "Service Thread" daemon [_thread_blocked, id=14572, stack(0x0000000018c10000,0x0000000018d10000)]
  0x000000001824d000 JavaThread "C1 CompilerThread3" daemon [_thread_blocked, id=8800, stack(0x0000000018b10000,0x0000000018c10000)]
  0x0000000018243800 JavaThread "C2 CompilerThread2" daemon [_thread_blocked, id=10152, stack(0x0000000018a10000,0x0000000018b10000)]
  0x000000001823f800 JavaThread "C2 CompilerThread1" daemon [_thread_blocked, id=11076, stack(0x0000000018910000,0x0000000018a10000)]
  0x000000001823d000 JavaThread "C2 CompilerThread0" daemon [_thread_blocked, id=756, stack(0x0000000018810000,0x0000000018910000)]
  0x0000000018237800 JavaThread "Attach Listener" daemon [_thread_blocked, id=2248, stack(0x0000000018710000,0x0000000018810000)]
  0x0000000018236800 JavaThread "Signal Dispatcher" daemon [_thread_blocked, id=10468, stack(0x0000000018610000,0x0000000018710000)]
  0x00000000048a7000 JavaThread "Finalizer" daemon [_thread_blocked, id=11312, stack(0x0000000018010000,0x0000000018110000)]
  0x000000001611c000 JavaThread "Reference Handler" daemon [_thread_blocked, id=6704, stack(0x0000000017f10000,0x0000000018010000)]
  0x00000000047b2800 JavaThread "main" [_thread_blocked, id=14712, stack(0x0000000000050000,0x0000000000150000)]

Other Threads:
=>0x0000000016118000 VMThread [stack: 0x0000000017e10000,0x0000000017f10000] [id=11028]

VM state:at safepoint (shutting down)

VM Mutex/Monitor currently owned by a thread:  ([mutex/lock_event])
[0x00000000047ad830] Threads_lock - owner thread: 0x0000000016118000

Heap:
 PSYoungGen      total 108032K, used 44237K [0x00000000f5580000, 0x00000000fc880000, 0x0000000100000000)
  eden space 99328K, 44% used [0x00000000f5580000,0x00000000f80b3748,0x00000000fb680000)
  from space 8704K, 0% used [0x00000000fc000000,0x00000000fc000000,0x00000000fc880000)
  to   space 9216K, 0% used [0x00000000fb680000,0x00000000fb680000,0x00000000fbf80000)
 ParOldGen       total 81408K, used 38409K [0x00000000e0000000, 0x00000000e4f80000, 0x00000000f5580000)
  object space 81408K, 47% used [0x00000000e0000000,0x00000000e2582760,0x00000000e4f80000)
 Metaspace       used 84427K, capacity 90878K, committed 91096K, reserved 1128448K
  class space    used 10515K, capacity 12483K, committed 12504K, reserved 1048576K

Card table byte_map: [0x0000000013c70000,0x0000000013d80000] byte_map_base: 0x0000000013570000

Marking Bits: (ParMarkBitMap*) 0x000000005b7dd490
 Begin Bits: [0x0000000014630000, 0x0000000014e30000)
 End Bits:   [0x0000000014e30000, 0x0000000015630000)

Polling page: 0x0000000004260000

CodeCache: size=245760Kb used=38795Kb max_used=39056Kb free=206964Kb
 bounds [0x00000000048b0000, 0x0000000006f20000, 0x00000000138b0000]
 total_blobs=11458 nmethods=10611 adapters=754
 compilation: enabled

Compilation events (10 events):
Event: 1736.888 Thread 0x000000001824d000 13132       3       java.io.File::list (33 bytes)
Event: 1736.888 Thread 0x000000001824d000 nmethod 13132 0x00000000056db250 code [0x00000000056db420, 0x00000000056dbb48]
Event: 1736.899 Thread 0x0000000018243800 nmethod 13111 0x0000000006479cd0 code [0x000000000647a040, 0x000000000647c638]
Event: 1736.913 Thread 0x000000001824d000 13133   !   3       org.eclipse.osgi.internal.baseadaptor.BaseStorage::compact (215 bytes)
Event: 1736.915 Thread 0x000000001824d000 nmethod 13133 0x0000000005789390 code [0x00000000057897c0, 0x000000000578bc28]
Event: 1736.938 Thread 0x000000001824d000 13134       3       org.eclipse.osgi.framework.internal.core.AbstractBundle::close (52 bytes)
Event: 1736.939 Thread 0x000000001824d000 nmethod 13134 0x000000000517e010 code [0x000000000517e240, 0x000000000517ef28]
Event: 1736.939 Thread 0x000000001824d000 13135       1       java.util.logging.LogManager::access$500 (5 bytes)
Event: 1736.939 Thread 0x000000001824d000 nmethod 13135 0x0000000006457350 code [0x00000000064574a0, 0x0000000006457590]
Event: 1736.939 Thread 0x000000001824d000 13136   !   3       java.util.logging.LogManager::ensureLogManagerInitialized (128 bytes)

GC Heap History (10 events):
Event: 1576.445 GC heap before
{Heap before GC invocations=68 (full 28):
 PSYoungGen      total 109568K, used 320K [0x00000000f5580000, 0x00000000fca80000, 0x0000000100000000)
  eden space 99328K, 0% used [0x00000000f5580000,0x00000000f5580000,0x00000000fb680000)
  from space 10240K, 3% used [0x00000000fc080000,0x00000000fc0d0000,0x00000000fca80000)
  to   space 10240K, 0% used [0x00000000fb680000,0x00000000fb680000,0x00000000fc080000)
 ParOldGen       total 81408K, used 38685K [0x00000000e0000000, 0x00000000e4f80000, 0x00000000f5580000)
  object space 81408K, 47% used [0x00000000e0000000,0x00000000e25c76c0,0x00000000e4f80000)
 Metaspace       used 83121K, capacity 89660K, committed 89944K, reserved 1126400K
  class space    used 10367K, capacity 12314K, committed 12376K, reserved 1048576K
Event: 1576.696 GC heap after
Heap after GC invocations=68 (full 28):
 PSYoungGen      total 109568K, used 0K [0x00000000f5580000, 0x00000000fca80000, 0x0000000100000000)
  eden space 99328K, 0% used [0x00000000f5580000,0x00000000f5580000,0x00000000fb680000)
  from space 10240K, 0% used [0x00000000fc080000,0x00000000fc080000,0x00000000fca80000)
  to   space 10240K, 0% used [0x00000000fb680000,0x00000000fb680000,0x00000000fc080000)
 ParOldGen       total 81408K, used 38378K [0x00000000e0000000, 0x00000000e4f80000, 0x00000000f5580000)
  object space 81408K, 47% used [0x00000000e0000000,0x00000000e257a930,0x00000000e4f80000)
 Metaspace       used 83121K, capacity 89660K, committed 89944K, reserved 1126400K
  class space    used 10367K, capacity 12314K, committed 12376K, reserved 1048576K
}
Event: 1642.677 GC heap before
{Heap before GC invocations=69 (full 28):
 PSYoungGen      total 109568K, used 14195K [0x00000000f5580000, 0x00000000fca80000, 0x0000000100000000)
  eden space 99328K, 14% used [0x00000000f5580000,0x00000000f635cce0,0x00000000fb680000)
  from space 10240K, 0% used [0x00000000fc080000,0x00000000fc080000,0x00000000fca80000)
  to   space 10240K, 0% used [0x00000000fb680000,0x00000000fb680000,0x00000000fc080000)
 ParOldGen       total 81408K, used 38378K [0x00000000e0000000, 0x00000000e4f80000, 0x00000000f5580000)
  object space 81408K, 47% used [0x00000000e0000000,0x00000000e257a930,0x00000000e4f80000)
 Metaspace       used 83164K, capacity 89660K, committed 89944K, reserved 1126400K
  class space    used 10367K, capacity 12314K, committed 12376K, reserved 1048576K
Event: 1642.680 GC heap after
Heap after GC invocations=69 (full 28):
 PSYoungGen      total 99840K, used 288K [0x00000000f5580000, 0x00000000fc980000, 0x0000000100000000)
  eden space 99328K, 0% used [0x00000000f5580000,0x00000000f5580000,0x00000000fb680000)
  from space 512K, 56% used [0x00000000fb680000,0x00000000fb6c8000,0x00000000fb700000)
  to   space 9728K, 0% used [0x00000000fc000000,0x00000000fc000000,0x00000000fc980000)
 ParOldGen       total 81408K, used 38386K [0x00000000e0000000, 0x00000000e4f80000, 0x00000000f5580000)
  object space 81408K, 47% used [0x00000000e0000000,0x00000000e257c930,0x00000000e4f80000)
 Metaspace       used 83164K, capacity 89660K, committed 89944K, reserved 1126400K
  class space    used 10367K, capacity 12314K, committed 12376K, reserved 1048576K
}
Event: 1642.680 GC heap before
{Heap before GC invocations=70 (full 29):
 PSYoungGen      total 99840K, used 288K [0x00000000f5580000, 0x00000000fc980000, 0x0000000100000000)
  eden space 99328K, 0% used [0x00000000f5580000,0x00000000f5580000,0x00000000fb680000)
  from space 512K, 56% used [0x00000000fb680000,0x00000000fb6c8000,0x00000000fb700000)
  to   space 9728K, 0% used [0x00000000fc000000,0x00000000fc000000,0x00000000fc980000)
 ParOldGen       total 81408K, used 38386K [0x00000000e0000000, 0x00000000e4f80000, 0x00000000f5580000)
  object space 81408K, 47% used [0x00000000e0000000,0x00000000e257c930,0x00000000e4f80000)
 Metaspace       used 83164K, capacity 89660K, committed 89944K, reserved 1126400K
  class space    used 10367K, capacity 12314K, committed 12376K, reserved 1048576K
Event: 1642.893 GC heap after
Heap after GC invocations=70 (full 29):
 PSYoungGen      total 99840K, used 0K [0x00000000f5580000, 0x00000000fc980000, 0x0000000100000000)
  eden space 99328K, 0% used [0x00000000f5580000,0x00000000f5580000,0x00000000fb680000)
  from space 512K, 0% used [0x00000000fb680000,0x00000000fb680000,0x00000000fb700000)
  to   space 9728K, 0% used [0x00000000fc000000,0x00000000fc000000,0x00000000fc980000)
 ParOldGen       total 81408K, used 38382K [0x00000000e0000000, 0x00000000e4f80000, 0x00000000f5580000)
  object space 81408K, 47% used [0x00000000e0000000,0x00000000e257bae0,0x00000000e4f80000)
 Metaspace       used 83160K, capacity 89654K, committed 89944K, reserved 1126400K
  class space    used 10367K, capacity 12313K, committed 12376K, reserved 1048576K
}
Event: 1702.695 GC heap before
{Heap before GC invocations=71 (full 29):
 PSYoungGen      total 99840K, used 9655K [0x00000000f5580000, 0x00000000fc980000, 0x0000000100000000)
  eden space 99328K, 9% used [0x00000000f5580000,0x00000000f5eedc00,0x00000000fb680000)
  from space 512K, 0% used [0x00000000fb680000,0x00000000fb680000,0x00000000fb700000)
  to   space 9728K, 0% used [0x00000000fc000000,0x00000000fc000000,0x00000000fc980000)
 ParOldGen       total 81408K, used 38382K [0x00000000e0000000, 0x00000000e4f80000, 0x00000000f5580000)
  object space 81408K, 47% used [0x00000000e0000000,0x00000000e257bae0,0x00000000e4f80000)
 Metaspace       used 83170K, capacity 89654K, committed 89944K, reserved 1126400K
  class space    used 10367K, capacity 12313K, committed 12376K, reserved 1048576K
Event: 1702.698 GC heap after
Heap after GC invocations=71 (full 29):
 PSYoungGen      total 108032K, used 288K [0x00000000f5580000, 0x00000000fc880000, 0x0000000100000000)
  eden space 99328K, 0% used [0x00000000f5580000,0x00000000f5580000,0x00000000fb680000)
  from space 8704K, 3% used [0x00000000fc000000,0x00000000fc048000,0x00000000fc880000)
  to   space 9216K, 0% used [0x00000000fb680000,0x00000000fb680000,0x00000000fbf80000)
 ParOldGen       total 81408K, used 38382K [0x00000000e0000000, 0x00000000e4f80000, 0x00000000f5580000)
  object space 81408K, 47% used [0x00000000e0000000,0x00000000e257bae0,0x00000000e4f80000)
 Metaspace       used 83170K, capacity 89654K, committed 89944K, reserved 1126400K
  class space    used 10367K, capacity 12313K, committed 12376K, reserved 1048576K
}
Event: 1702.698 GC heap before
{Heap before GC invocations=72 (full 30):
 PSYoungGen      total 108032K, used 288K [0x00000000f5580000, 0x00000000fc880000, 0x0000000100000000)
  eden space 99328K, 0% used [0x00000000f5580000,0x00000000f5580000,0x00000000fb680000)
  from space 8704K, 3% used [0x00000000fc000000,0x00000000fc048000,0x00000000fc880000)
  to   space 9216K, 0% used [0x00000000fb680000,0x00000000fb680000,0x00000000fbf80000)
 ParOldGen       total 81408K, used 38382K [0x00000000e0000000, 0x00000000e4f80000, 0x00000000f5580000)
  object space 81408K, 47% used [0x00000000e0000000,0x00000000e257bae0,0x00000000e4f80000)
 Metaspace       used 83170K, capacity 89654K, committed 89944K, reserved 1126400K
  class space    used 10367K, capacity 12313K, committed 12376K, reserved 1048576K
Event: 1702.862 GC heap after
Heap after GC invocations=72 (full 30):
 PSYoungGen      total 108032K, used 0K [0x00000000f5580000, 0x00000000fc880000, 0x0000000100000000)
  eden space 99328K, 0% used [0x00000000f5580000,0x00000000f5580000,0x00000000fb680000)
  from space 8704K, 0% used [0x00000000fc000000,0x00000000fc000000,0x00000000fc880000)
  to   space 9216K, 0% used [0x00000000fb680000,0x00000000fb680000,0x00000000fbf80000)
 ParOldGen       total 81408K, used 38409K [0x00000000e0000000, 0x00000000e4f80000, 0x00000000f5580000)
  object space 81408K, 47% used [0x00000000e0000000,0x00000000e2582760,0x00000000e4f80000)
 Metaspace       used 83170K, capacity 89654K, committed 89944K, reserved 1126400K
  class space    used 10367K, capacity 12313K, committed 12376K, reserved 1048576K
}

Deoptimization events (10 events):
Event: 1736.219 Thread 0x00000000047b2800 Uncommon trap: reason=bimorphic action=maybe_recompile pc=0x0000000006ebc448 method=org.eclipse.e4.core.internal.contexts.ContextObjectSupplier$ContextInjectionListener.update(Lorg/eclipse/e4/core/contexts/IEclipseContext;I[Ljava/lang/Object;)Z @ 189
Event: 1736.219 Thread 0x00000000047b2800 Uncommon trap: reason=bimorphic action=maybe_recompile pc=0x0000000006ebc448 method=org.eclipse.e4.core.internal.contexts.ContextObjectSupplier$ContextInjectionListener.update(Lorg/eclipse/e4/core/contexts/IEclipseContext;I[Ljava/lang/Object;)Z @ 189
Event: 1736.220 Thread 0x00000000047b2800 Uncommon trap: reason=class_check action=maybe_recompile pc=0x0000000006e9c7e4 method=org.eclipse.e4.core.internal.contexts.ContextObjectSupplier$ContextInjectionListener.update(Lorg/eclipse/e4/core/contexts/IEclipseContext;I[Ljava/lang/Object;)Z @ 173
Event: 1736.220 Thread 0x00000000047b2800 Uncommon trap: reason=class_check action=maybe_recompile pc=0x0000000006e9c7e4 method=org.eclipse.e4.core.internal.contexts.ContextObjectSupplier$ContextInjectionListener.update(Lorg/eclipse/e4/core/contexts/IEclipseContext;I[Ljava/lang/Object;)Z @ 173
Event: 1736.220 Thread 0x00000000047b2800 Uncommon trap: reason=class_check action=maybe_recompile pc=0x0000000006e9c7e4 method=org.eclipse.e4.core.internal.contexts.ContextObjectSupplier$ContextInjectionListener.update(Lorg/eclipse/e4/core/contexts/IEclipseContext;I[Ljava/lang/Object;)Z @ 173
Event: 1736.803 Thread 0x00000000047b2800 Uncommon trap: reason=unreached action=reinterpret pc=0x0000000005a2e790 method=org.eclipse.swt.widgets.Display.getDefault()Lorg/eclipse/swt/widgets/Display; @ 39
Event: 1736.806 Thread 0x00000000047b2800 Uncommon trap: reason=null_check action=make_not_entrant pc=0x00000000051e6824 method=org.eclipse.core.runtime.internal.adaptor.EclipseLazyStarter.shouldActivateFor(Ljava/lang/String;Lorg/eclipse/osgi/baseadaptor/BaseData;Lorg/eclipse/core/runtime/internal˜¾Hàq#›@
Event: 1736.861 Thread 0x000000001afef000 Uncommon trap: reason=unreached action=reinterpret pc=0x000000000540d980 method=org.eclipse.core.internal.jobs.JobManager.nextJob()Lorg/eclipse/core/runtime/jobs/Job; @ 80
Event: 1736.861 Thread 0x000000001afeb800 Uncommon trap: reason=unreached action=reinterpret pc=0x000000000540d980 method=org.eclipse.core.internal.jobs.JobManager.nextJob()Lorg/eclipse/core/runtime/jobs/Job; @ 80
Event: 1736.861 Thread 0x000000001afea000 Uncommon trap: reason=unreached action=reinterpret pc=0x000000000540d980 method=org.eclipse.core.internal.jobs.JobManager.nextJob()Lorg/eclipse/core/runtime/jobs/Job; @ 80

Internal exceptions (10 events):
Event: 1734.424 Thread 0x000000001ab69000 Exception <a 'java/lang/InterruptedException'> (0x00000000f6ee8250) thrown at [D:\re\workspace\8-2-build-windows-amd64-cygwin\jdk8u25\1677\hotspot\src\share\vm\runtime\objectMonitor.cpp, line 1682]
Event: 1734.553 Thread 0x00000000047b2800 Implicit null exception at 0x000000000668b909 to 0x000000000668bc5d
Event: 1734.698 Thread 0x000000001ab68800 Exception <a 'java/io/FileNotFoundException'> (0x00000000f7752f58) thrown at [D:\re\workspace\8-2-build-windows-amd64-cygwin\jdk8u25\1677\hotspot\src\share\vm\prims\jni.cpp, line 716]
Event: 1736.191 Thread 0x00000000047b2800 Implicit null exception at 0x0000000006d2b604 to 0x0000000006d2c12d
Event: 1736.806 Thread 0x00000000047b2800 Implicit null exception at 0x00000000051e596f to 0x00000000051e6815
Event: 1736.862 Thread 0x000000001ab73000 Exception <a 'java/lang/InterruptedException'> (0x00000000f7e9c128) thrown at [D:\re\workspace\8-2-build-windows-amd64-cygwin\jdk8u25\1677\hotspot\src\share\vm\runtime\objectMonitor.cpp, line 1682]
Event: 1736.869 Thread 0x00000000193f3800 Exception <a 'java/lang/InterruptedException': sleep interrupted> (0x00000000f7ec93f8) thrown at [D:\re\workspace\8-2-build-windows-amd64-cygwin\jdk8u25\1677\hotspot\src\share\vm\prims\jvm.cpp, line 3141]
Event: 1736.871 Thread 0x000000001afee800 Exception <a 'java/lang/InterruptedException'> (0x00000000f7fc18c0) thrown at [D:\re\workspace\8-2-build-windows-amd64-cygwin\jdk8u25\1677\hotspot\src\share\vm\runtime\objectMonitor.cpp, line 1682]
Event: 1736.871 Thread 0x00000000191d1800 Exception <a 'java/lang/InterruptedException'> (0x00000000f7ff3378) thrown at [D:\re\workspace\8-2-build-windows-amd64-cygwin\jdk8u25\1677\hotspot\src\share\vm\runtime\objectMonitor.cpp, line 1682]
Event: 1736.938 Thread 0x00000000184ca000 Exception <a 'java/lang/InterruptedException'> (0x00000000f7e9b420) thrown at [D:\re\workspace\8-2-build-windows-amd64-cygwin\jdk8u25\1677\hotspot\src\share\vm\runtime\objectMonitor.cpp, line 1682]

Events (10 events):
Event: 1736.938 loading class java/util/IdentityHashMap$KeyIterator done
Event: 1736.939 Thread 0x000000001ab68800 Thread added: 0x000000001ab68800
Event: 1736.939 Executing VM operation: RevokeBias
Event: 1736.939 Executing VM operation: RevokeBias done
Event: 1736.939 Executing VM operation: RevokeBias
Event: 1736.939 Executing VM operation: RevokeBias done
Event: 1736.939 Executing VM operation: RevokeBias
Event: 1736.939 Executing VM operation: RevokeBias done
Event: 1736.939 Thread 0x000000001ab68800 Thread exited: 0x000000001ab68800
Event: 1736.940 Executing VM operation: Exit


Dynamic libraries:
0x0000000000400000 - 0x000000000044f000 	C:\Xilinx\SDK\2015.2\eclipse\win64.o\eclipse.exe
0x00007ffebf780000 - 0x00007ffebf960000 	C:\WINDOWS\SYSTEM32\ntdll.dll
0x00007ffebd070000 - 0x00007ffebd11e000 	C:\WINDOWS\System32\KERNEL32.DLL
0x00007ffebc9e0000 - 0x00007ffebcc46000 	C:\WINDOWS\System32\KERNELBASE.dll
0x00007ffebcc50000 - 0x00007ffebcddf000 	C:\WINDOWS\System32\USER32.dll
0x00007ffebc9c0000 - 0x00007ffebc9e0000 	C:\WINDOWS\System32\win32u.dll
0x00007ffebd040000 - 0x00007ffebd068000 	C:\WINDOWS\System32\GDI32.dll
0x00007ffebc000000 - 0x00007ffebc193000 	C:\WINDOWS\System32\gdi32full.dll
0x00007ffebbd50000 - 0x00007ffebbdeb000 	C:\WINDOWS\System32\msvcp_win.dll
0x00007ffebbea0000 - 0x00007ffebbf96000 	C:\WINDOWS\System32\ucrtbase.dll
0x00007ffebd6b0000 - 0x00007ffebd74d000 	C:\WINDOWS\System32\msvcrt.dll
0x00007ffeaefb0000 - 0x00007ffeaf219000 	C:\WINDOWS\WinSxS\amd64_microsoft.windows.common-controls_6595b64144ccf1df_6.0.16299.309_none_15cfd4c4935e6b11\COMCTL32.dll
0x00007ffebf430000 - 0x00007ffebf738000 	C:\WINDOWS\System32\combase.dll
0x00007ffebcf20000 - 0x00007ffebd03f000 	C:\WINDOWS\System32\RPCRT4.dll
0x00007ffebc940000 - 0x00007ffebc9b2000 	C:\WINDOWS\System32\bcryptPrimitives.dll
0x00007ffebcef0000 - 0x00007ffebcf1d000 	C:\WINDOWS\System32\IMM32.DLL
0x0000000072000000 - 0x0000000072012000 	C:\Xilinx\SDK\2015.2\eclipse\win64.o\plugins\org.eclipse.equinox.launcher.win32.win32.x86_64_1.1.200.v20140116-2212\eclipse_1503.dll
0x00007ffebedb0000 - 0x00007ffebee51000 	C:\WINDOWS\System32\ADVAPI32.dll
0x00007ffebd4b0000 - 0x00007ffebd50b000 	C:\WINDOWS\System32\sechost.dll
0x00007ffeb4370000 - 0x00007ffeb437a000 	C:\WINDOWS\SYSTEM32\VERSION.dll
0x00007ffeb91f0000 - 0x00007ffeb9285000 	C:\WINDOWS\system32\uxtheme.dll
0x00007ffebd340000 - 0x00007ffebd4a7000 	C:\WINDOWS\System32\MSCTF.dll
0x00007ffebeb90000 - 0x00007ffebec55000 	C:\WINDOWS\System32\OLEAUT32.dll
0x00007ffead5c0000 - 0x00007ffead669000 	C:\Program Files\Common Files\microsoft shared\ink\tiptsf.dll
0x000000005b000000 - 0x000000005b85a000 	C:\Xilinx\SDK\2015.2\tps\win64\jre\bin\server\jvm.dll
0x00007ffebd120000 - 0x00007ffebd128000 	C:\WINDOWS\System32\PSAPI.DLL
0x00007ffeb78a0000 - 0x00007ffeb78c3000 	C:\WINDOWS\SYSTEM32\WINMM.dll
0x00007ffeb9ce0000 - 0x00007ffeb9ce9000 	C:\WINDOWS\SYSTEM32\WSOCK32.dll
0x000000005bb80000 - 0x000000005bc52000 	C:\WINDOWS\SYSTEM32\MSVCR100.dll
0x00007ffebec60000 - 0x00007ffebeccc000 	C:\WINDOWS\System32\WS2_32.dll
0x00007ffeb7490000 - 0x00007ffeb74ba000 	C:\WINDOWS\SYSTEM32\winmmbase.dll
0x00007ffebc1a0000 - 0x00007ffebc1ea000 	C:\WINDOWS\System32\cfgmgr32.dll
0x000000005aec0000 - 0x000000005aecf000 	C:\Xilinx\SDK\2015.2\tps\win64\jre\bin\verify.dll
0x000000005ae90000 - 0x000000005aeb8000 	C:\Xilinx\SDK\2015.2\tps\win64\jre\bin\java.dll
0x000000005ae70000 - 0x000000005ae86000 	C:\Xilinx\SDK\2015.2\tps\win64\jre\bin\zip.dll
0x00007ffebd750000 - 0x00007ffebeb86000 	C:\WINDOWS\System32\SHELL32.dll
0x00007ffebef30000 - 0x00007ffebefd6000 	C:\WINDOWS\System32\shcore.dll
0x00007ffebc1f0000 - 0x00007ffebc937000 	C:\WINDOWS\System32\windows.storage.dll
0x00007ffebd190000 - 0x00007ffebd1e1000 	C:\WINDOWS\System32\shlwapi.dll
0x00007ffebbaf0000 - 0x00007ffebbb01000 	C:\WINDOWS\System32\kernel.appcore.dll
0x00007ffebbb10000 - 0x00007ffebbb5c000 	C:\WINDOWS\System32\powrprof.dll
0x00007ffebbb60000 - 0x00007ffebbb7b000 	C:\WINDOWS\System32\profapi.dll
0x00007ffebb520000 - 0x00007ffebb537000 	C:\WINDOWS\SYSTEM32\CRYPTSP.dll
0x00007ffebaf60000 - 0x00007ffebaf93000 	C:\WINDOWS\system32\rsaenh.dll
0x00007ffebb630000 - 0x00007ffebb655000 	C:\WINDOWS\SYSTEM32\bcrypt.dll
0x00007ffebba00000 - 0x00007ffebba29000 	C:\WINDOWS\SYSTEM32\USERENV.dll
0x00007ffebb540000 - 0x00007ffebb54b000 	C:\WINDOWS\SYSTEM32\CRYPTBASE.dll
0x000000005ae50000 - 0x000000005ae6a000 	C:\Xilinx\SDK\2015.2\tps\win64\jre\bin\net.dll
0x00007ffebb360000 - 0x00007ffebb3c6000 	C:\WINDOWS\system32\mswsock.dll
0x00007ffebb0f0000 - 0x00007ffebb129000 	C:\WINDOWS\SYSTEM32\IPHLPAPI.DLL
0x00007ffebee60000 - 0x00007ffebee68000 	C:\WINDOWS\System32\NSI.dll
0x00007ffeb30a0000 - 0x00007ffeb30b6000 	C:\WINDOWS\SYSTEM32\dhcpcsvc6.DLL
0x00007ffeb3e90000 - 0x00007ffeb3eaa000 	C:\WINDOWS\SYSTEM32\dhcpcsvc.DLL
0x000000005ae30000 - 0x000000005ae41000 	C:\Xilinx\SDK\2015.2\tps\win64\jre\bin\nio.dll
0x00007ffeb6600000 - 0x00007ffeb6698000 	C:\WINDOWS\System32\TextInputFramework.dll
0x00007ffeb2cb0000 - 0x00007ffeb2f9e000 	C:\WINDOWS\System32\CoreUIComponents.dll
0x00007ffeb87d0000 - 0x00007ffeb88ac000 	C:\WINDOWS\System32\CoreMessaging.dll
0x00007ffebac00000 - 0x00007ffebac31000 	C:\WINDOWS\SYSTEM32\ntmarta.dll
0x00007ffeb7300000 - 0x00007ffeb7436000 	C:\WINDOWS\SYSTEM32\wintypes.dll
0x00007ffeba350000 - 0x00007ffeba37a000 	C:\WINDOWS\system32\dwmapi.dll
0x00007ffebee90000 - 0x00007ffebef2e000 	C:\WINDOWS\System32\clbcatq.dll
0x00007ffe9e7f0000 - 0x00007ffe9e9f6000 	C:\Windows\System32\uiautomationcore.dll
0x00007ffebb930000 - 0x00007ffebb9ca000 	C:\WINDOWS\SYSTEM32\sxs.dll
0x00007ffeb1900000 - 0x00007ffeb196e000 	C:\Windows\System32\OLEACC.dll
0x00007ffe908f0000 - 0x00007ffe90906000 	C:\WINDOWS\system32\napinsp.dll
0x00007ffe8cce0000 - 0x00007ffe8ccfa000 	C:\WINDOWS\system32\pnrpnsp.dll
0x00007ffeb78d0000 - 0x00007ffeb78e8000 	C:\WINDOWS\system32\NLAapi.dll
0x00007ffebb130000 - 0x00007ffebb1e6000 	C:\WINDOWS\SYSTEM32\DNSAPI.dll
0x00007ffead540000 - 0x00007ffead54e000 	C:\WINDOWS\System32\winrnr.dll
0x00007ffeb5850000 - 0x00007ffeb5865000 	C:\WINDOWS\System32\wshbth.dll
0x000000005d590000 - 0x000000005d59a000 	C:\Program Files\National Instruments\Shared\mDNS Responder\nimdnsNSP.dll
0x000000005d530000 - 0x000000005d540000 	C:\WINDOWS\SYSTEM32\nimdnsResponder.dll
0x00007ffeab270000 - 0x00007ffeab286000 	C:\WINDOWS\SYSTEM32\VCRUNTIME140.dll
0x00007ffead150000 - 0x00007ffead15a000 	C:\Windows\System32\rasadhlp.dll
0x00007ffead830000 - 0x00007ffead8a0000 	C:\WINDOWS\System32\fwpuclnt.dll
0x00007ffebd1f0000 - 0x00007ffebd339000 	C:\WINDOWS\System32\ole32.dll
0x000000001e8e0000 - 0x000000001e988000 	C:\Users\Lauro\.Xilinx\SDK\2015.2\org.eclipse.osgi\bundles\287\1\.cp\swt-win32-4335.dll
0x00007ffebcde0000 - 0x00007ffebceea000 	C:\WINDOWS\System32\comdlg32.dll
0x00007ffebbb80000 - 0x00007ffebbd4e000 	C:\WINDOWS\System32\CRYPT32.dll
0x00007ffebbad0000 - 0x00007ffebbae2000 	C:\WINDOWS\System32\MSASN1.dll
0x00007ffeb41e0000 - 0x00007ffeb4266000 	C:\WINDOWS\SYSTEM32\WINSPOOL.DRV
0x00007ffeb4030000 - 0x00007ffeb4049000 	C:\WINDOWS\SYSTEM32\USP10.dll
0x00007ffeab460000 - 0x00007ffeab794000 	C:\WINDOWS\SYSTEM32\WININET.dll
0x00007ffeb9fd0000 - 0x00007ffeba181000 	C:\WINDOWS\SYSTEM32\propsys.dll
0x000000001d7e0000 - 0x000000001d7fe000 	C:\Users\Lauro\.Xilinx\SDK\2015.2\org.eclipse.osgi\bundles\287\1\.cp\swt-gdip-win32-4335.dll
0x00007ffeb1a60000 - 0x00007ffeb1bfc000 	C:\WINDOWS\WinSxS\amd64_microsoft.windows.gdiplus_6595b64144ccf1df_1.1.16299.309_none_46bac7a9edf0e4df\gdiplus.dll
0x00007ffeb36c0000 - 0x00007ffeb386b000 	C:\WINDOWS\SYSTEM32\WindowsCodecs.dll
0x0000000180000000 - 0x0000000180012000 	C:\Users\Lauro\.Xilinx\SDK\2015.2\org.eclipse.osgi\bundles\113\1\.cp\os\win32\x86_64\localfile_1_0_0.dll
0x00007ffeb8140000 - 0x00007ffeb8151000 	C:\Users\Lauro\.Xilinx\SDK\2015.2\org.eclipse.osgi\bundles\116\1\.cp\jWinHttp-1.0.0.dll
0x00007ffeb6b80000 - 0x00007ffeb6c5e000 	C:\WINDOWS\SYSTEM32\WINHTTP.dll
0x00007ffe9c440000 - 0x00007ffe9c48f000 	C:\WINDOWS\system32\dataexchange.dll
0x00007ffeb8930000 - 0x00007ffeb8a72000 	C:\WINDOWS\system32\dcomp.dll
0x00007ffeb7de0000 - 0x00007ffeb80c2000 	C:\WINDOWS\system32\d3d11.dll
0x00007ffeba930000 - 0x00007ffeba9df000 	C:\WINDOWS\system32\dxgi.dll
0x00007ffeba440000 - 0x00007ffeba5bb000 	C:\WINDOWS\system32\twinapi.appcore.dll
0x00007ffeba630000 - 0x00007ffeba650000 	C:\WINDOWS\system32\RMCLIENT.dll
0x00007ffe95eb0000 - 0x00007ffe95eef000 	C:\WINDOWS\system32\mlang.dll
0x00007ffe9b770000 - 0x00007ffe9b780000 	C:\Xilinx\SDK\2015.2\lib\win64.o\librdi_repo_manager.dll
0x00007ffe8ec20000 - 0x00007ffe8ec4a000 	C:\Xilinx\SDK\2015.2\lib\win64.o\libisl_sysinfo.dll
0x00007ffe8ca90000 - 0x00007ffe8cae4000 	C:\Xilinx\SDK\2015.2\lib\win64.o\librdi_commonxillic.dll
0x00007ffe5c780000 - 0x00007ffe5c968000 	C:\Xilinx\SDK\2015.2\lib\win64.o\librdi_hsm.dll
0x00007ffe5e160000 - 0x00007ffe5eaa3000 	C:\Xilinx\SDK\2015.2\lib\win64.o\librdi_common.dll
0x00007ffeaa4d0000 - 0x00007ffeaa577000 	C:\WINDOWS\SYSTEM32\MSVCP110.dll
0x00007ffeaaae0000 - 0x00007ffeaabb4000 	C:\WINDOWS\SYSTEM32\MSVCR110.dll
0x00007ffe5df40000 - 0x00007ffe5e160000 	C:\Xilinx\SDK\2015.2\lib\win64.o\libXil_lmgr11.dll
0x00007ffeb6c60000 - 0x00007ffeb6c82000 	C:\Xilinx\SDK\2015.2\lib\win64.o\libboost_filesystem.dll
0x00007ffebbfa0000 - 0x00007ffebbff8000 	C:\WINDOWS\System32\WINTRUST.dll
0x00007ffe84800000 - 0x00007ffe848fa000 	C:\Xilinx\SDK\2015.2\lib\win64.o\libboost_regex.dll
0x00007ffeb6520000 - 0x00007ffeb6529000 	C:\Xilinx\SDK\2015.2\lib\win64.o\libboost_system.dll
0x00007ffe8cb90000 - 0x00007ffe8cbd3000 	C:\Xilinx\SDK\2015.2\lib\win64.o\librdi_hdf.dll
0x00007ffe5c5c0000 - 0x00007ffe5c77a000 	C:\Xilinx\SDK\2015.2\lib\win64.o\librdi_ippcw.dll
0x000000005aed0000 - 0x000000005aff7000 	C:\Xilinx\SDK\2015.2\lib\win64.o\tcl85t.dll
0x00007ffeadaf0000 - 0x00007ffeadd98000 	C:\Xilinx\SDK\2015.2\lib\win64.o\libCOIN-all.dll
0x00007ffeb80d0000 - 0x00007ffeb80e0000 	C:\Xilinx\SDK\2015.2\lib\win64.o\libboost_date_time.dll
0x00007ffeb6550000 - 0x00007ffeb6563000 	C:\Xilinx\SDK\2015.2\lib\win64.o\libboost_signals.dll
0x00007ffeada70000 - 0x00007ffeadae4000 	C:\Xilinx\SDK\2015.2\lib\win64.o\libboost_program_options.dll
0x00007ffe9b660000 - 0x00007ffe9b6fa000 	C:\Xilinx\SDK\2015.2\lib\win64.o\libhdxml.dll
0x00007ffe5d930000 - 0x00007ffe5df3a200 	C:\Xilinx\SDK\2015.2\lib\win64.o\libisl_iostreams.dll
0x00007ffeada40000 - 0x00007ffeada63000 	C:\Xilinx\SDK\2015.2\lib\win64.o\libisl_iosutils.dll
0x00007ffeb80e0000 - 0x00007ffeb80f5000 	C:\Xilinx\SDK\2015.2\lib\win64.o\pthreadVC2.dll
0x00007ffe9b780000 - 0x00007ffe9b800000 	C:\Xilinx\SDK\2015.2\lib\win64.o\libhdlpsolve.dll
0x00007ffe81350000 - 0x00007ffe81480000 	C:\Xilinx\SDK\2015.2\lib\win64.o\librdi_curl.dll
0x00007ffe8eae0000 - 0x00007ffe8eb03000 	C:\Xilinx\SDK\2015.2\lib\win64.o\librdizlib.dll
0x00007ffe98c00000 - 0x00007ffe98c18000 	C:\Xilinx\SDK\2015.2\lib\win64.o\librdiconfig.dll
0x00007ffeae1a0000 - 0x00007ffeae36c000 	C:\WINDOWS\SYSTEM32\urlmon.dll
0x00007ffe9a130000 - 0x00007ffe9a153000 	C:\WINDOWS\SYSTEM32\VCOMP110.DLL
0x00007ffebee70000 - 0x00007ffebee8d000 	C:\WINDOWS\System32\imagehlp.dll
0x00007ffeac8e0000 - 0x00007ffeac8f7000 	C:\WINDOWS\SYSTEM32\NETAPI32.dll

VM Arguments:
jvm_args: -Dcom.xilinx.sdk.args.hwspec=C:/Users/Lauro/Desktop/CECS-461/Lab_1/project_1.sdk/system_wrapper.hdf -Xms64m -Xmx512m & 
java_command: <unknown>
java_class_path (initial): C:\Xilinx\SDK\2015.2\eclipse\win64.o\\plugins/org.eclipse.equinox.launcher_1.3.0.v20130327-1440.jar
Launcher Type: generic

Environment Variables:
USERNAME=Lauro
OS=Windows_NT
PROCESSOR_IDENTIFIER=Intel64 Family 6 Model 60 Stepping 3, GenuineIntel



---------------  S Y S T E M  ---------------

OS: Windows 8 , 64 bit Build 9200 

CPU:total 8 (4 cores per cpu, 2 threads per core) family 6 model 60 stepping 3, cmov, cx8, fxsr, mmx, sse, sse2, sse3, ssse3, sse4.1, sse4.2, popcnt, avx, avx2, aes, clmul, erms, lzcnt, ht, tsc, tscinvbit, bmi1, bmi2

Memory: 4k page, physical 16677948k(11019352k free), swap 19168316k(12335232k free)

vm_info: Java HotSpot(TM) 64-Bit Server VM (25.25-b02) for windows-amd64 JRE (1.8.0_25-b18), built on Oct  7 2014 14:25:37 by "java_re" with MS VC++ 10.0 (VS2010)

time: Thu Mar 15 14:03:32 2018
elapsed time: 1738 seconds (0d 0h 28m 58s)

