#-----------------------------------------------------------
# Vivado v2015.2 (64-bit)
# SW Build 1266856 on Fri Jun 26 16:35:25 MDT 2015
# IP Build 1264090 on Wed Jun 24 14:22:01 MDT 2015
# Start of session at: Thu Mar 15 13:25:41 2018
# Process ID: 768
# Log file: C:/Users/Lauro/Desktop/CECS-461/Lab_1/vivado.log
# Journal file: C:/Users/Lauro/Desktop/CECS-461/Lab_1\vivado.jou
#-----------------------------------------------------------
start_gui
open_project C:/Users/Lauro/Desktop/CECS-461/Lab_1/project_1.xpr
INFO: [Project 1-313] Project file moved from 'C:/Xilinx/MyProjects/project_1' since last save.
Scanning sources...
Finished scanning sources
INFO: [IP_Flow 19-234] Refreshing IP repositories
INFO: [IP_Flow 19-1704] No user IP repositories specified
INFO: [IP_Flow 19-2313] Loaded Vivado IP repository 'C:/Xilinx/Vivado/2015.2/data/ip'.
open_project: Time (s): cpu = 00:00:11 ; elapsed = 00:00:07 . Memory (MB): peak = 741.871 ; gain = 173.508
open_bd_design {C:/Users/Lauro/Desktop/CECS-461/Lab_1/project_1.srcs/sources_1/bd/system/system.bd}
Adding component instance block -- xilinx.com:ip:processing_system7:5.5 - processing_system7_0
Successfully read diagram <system> from BD file <C:/Users/Lauro/Desktop/CECS-461/Lab_1/project_1.srcs/sources_1/bd/system/system.bd>
save_project_as lab_3 C:/Users/Lauro/Desktop/CECS-461/Lab_3/lab_3 -force
Wrote  : <C:/Users/Lauro/Desktop/CECS-461/Lab_3/lab_3/lab_3.srcs/sources_1/bd/system/system.bd> 
save_project_as: Time (s): cpu = 00:00:03 ; elapsed = 00:00:07 . Memory (MB): peak = 785.563 ; gain = 0.000
launch_runs impl_1 -to_step write_bitstream -jobs 4
[Thu Mar 15 13:27:26 2018] Launched synth_1...
Run output will be captured here: C:/Users/Lauro/Desktop/CECS-461/Lab_3/lab_3/lab_3.runs/synth_1/runme.log
[Thu Mar 15 13:27:26 2018] Launched impl_1...
Run output will be captured here: C:/Users/Lauro/Desktop/CECS-461/Lab_3/lab_3/lab_3.runs/impl_1/runme.log
file copy -force C:/Users/Lauro/Desktop/CECS-461/Lab_3/lab_3/lab_3.runs/impl_1/system_wrapper.sysdef C:/Users/Lauro/Desktop/CECS-461/Lab_3/lab_3/lab_3.sdk/system_wrapper.hdf

launch_sdk -workspace C:/Users/Lauro/Desktop/CECS-461/Lab_3/lab_3/lab_3.sdk -hwspec C:/Users/Lauro/Desktop/CECS-461/Lab_3/lab_3/lab_3.sdk/system_wrapper.hdf
INFO: [Vivado 12-393] Launching SDK...
INFO: [Vivado 12-417] Running xsdk -workspace C:/Users/Lauro/Desktop/CECS-461/Lab_3/lab_3/lab_3.sdk -hwspec C:/Users/Lauro/Desktop/CECS-461/Lab_3/lab_3/lab_3.sdk/system_wrapper.hdf
INFO: [Vivado 12-3157] SDK launch initiated. Please check console for any further messages.
exit
INFO: [Common 17-206] Exiting Vivado at Thu Mar 15 13:33:52 2018...
