#-----------------------------------------------------------
# Vivado v2015.2 (64-bit)
# SW Build 1266856 on Fri Jun 26 16:35:25 MDT 2015
# IP Build 1264090 on Wed Jun 24 14:22:01 MDT 2015
# Start of session at: Fri Feb 02 01:36:37 2018
# Process ID: 10488
# Log file: C:/Xilinx/CECS-461/Lab_1/vivado.log
# Journal file: C:/Xilinx/CECS-461/Lab_1\vivado.jou
#-----------------------------------------------------------
start_gui
open_project C:/Xilinx/CECS-461/Lab_1/project_1.xpr
INFO: [Project 1-313] Project file moved from 'C:/Xilinx/MyProjects/project_1' since last save.
Scanning sources...
Finished scanning sources
INFO: [IP_Flow 19-234] Refreshing IP repositories
INFO: [IP_Flow 19-1704] No user IP repositories specified
INFO: [IP_Flow 19-2313] Loaded Vivado IP repository 'C:/Xilinx/Vivado/2015.2/data/ip'.
open_project: Time (s): cpu = 00:00:12 ; elapsed = 00:00:07 . Memory (MB): peak = 739.227 ; gain = 177.586
exit
INFO: [Common 17-206] Exiting Vivado at Fri Feb 02 01:47:46 2018...
