23:05:02 INFO  : Launching XSDB server: xsdb.bat -s C:/Xilinx/SDK/2015.2/scripts/xsdb/xsdb/xsdb-server.tcl
23:05:02 INFO  : Processing command line option -hwspec C:/Users/Lauro/Desktop/CECS-461/Lab.
23:05:03 ERROR : Error occurred while creating hardware platform Lab_hw_platform_0 from sysdef
java.io.FileNotFoundException: C:\Users\Lauro\Desktop\CECS-461\Lab (Access is denied)
	at java.io.FileInputStream.open(Native Method)
	at java.io.FileInputStream.<init>(Unknown Source)
	at java.io.FileInputStream.<init>(Unknown Source)
	at com.xilinx.sdk.hw.internal.HwProjectCreator.createHwProjectFromZip(HwProjectCreator.java:100)
	at com.xilinx.sdk.hw.HwProjectUtil.internalCreate(HwProjectUtil.java:214)
	at com.xilinx.sdk.hw.HwProjectUtil.makeNewHardwareProject(HwProjectUtil.java:165)
	at com.xilinx.sdk.hw.HwProjectUtil.makeNewHardwareProject(HwProjectUtil.java:152)
	at com.xilinx.sdk.hw.HwProjectUtil.makeNewHardwareProject(HwProjectUtil.java:127)
	at com.xilinx.sdk.startup.InitSDK.processHwSpecArgumentTask(InitSDK.java:389)
	at com.xilinx.sdk.startup.InitSDK.access$7(InitSDK.java:371)
	at com.xilinx.sdk.startup.InitSDK$9.run(InitSDK.java:322)
	at org.eclipse.core.internal.jobs.Worker.run(Worker.java:53)
23:05:03 INFO  : XSDB server has started successfully.
23:15:35 INFO  : Launching XSDB server: xsdb.bat -s C:/Xilinx/SDK/2015.2/scripts/xsdb/xsdb/xsdb-server.tcl
23:15:36 INFO  : XSDB server has started successfully.
23:15:36 INFO  : Processing command line option -hwspec C:/Xilinx/CECS-461/Lab.
23:15:36 ERROR : Error occurred while creating hardware platform Lab_hw_platform_1 from sysdef
java.io.FileNotFoundException: C:\Xilinx\CECS-461\Lab (Access is denied)
	at java.io.FileInputStream.open(Native Method)
	at java.io.FileInputStream.<init>(Unknown Source)
	at java.io.FileInputStream.<init>(Unknown Source)
	at com.xilinx.sdk.hw.internal.HwProjectCreator.createHwProjectFromZip(HwProjectCreator.java:100)
	at com.xilinx.sdk.hw.HwProjectUtil.internalCreate(HwProjectUtil.java:214)
	at com.xilinx.sdk.hw.HwProjectUtil.makeNewHardwareProject(HwProjectUtil.java:165)
	at com.xilinx.sdk.hw.HwProjectUtil.makeNewHardwareProject(HwProjectUtil.java:152)
	at com.xilinx.sdk.hw.HwProjectUtil.makeNewHardwareProject(HwProjectUtil.java:127)
	at com.xilinx.sdk.startup.InitSDK.processHwSpecArgumentTask(InitSDK.java:389)
	at com.xilinx.sdk.startup.InitSDK.access$7(InitSDK.java:371)
	at com.xilinx.sdk.startup.InitSDK$9.run(InitSDK.java:322)
	at org.eclipse.core.internal.jobs.Worker.run(Worker.java:53)
