#-----------------------------------------------------------
# Vivado v2015.2 (64-bit)
# SW Build 1266856 on Fri Jun 26 16:35:25 MDT 2015
# IP Build 1264090 on Wed Jun 24 14:22:01 MDT 2015
# Start of session at: Thu Mar 15 14:04:38 2018
# Process ID: 6408
# Log file: C:/Users/Lauro/Desktop/CECS-461/Lab_2/project_2/vivado.log
# Journal file: C:/Users/Lauro/Desktop/CECS-461/Lab_2/project_2\vivado.jou
#-----------------------------------------------------------
start_gui
open_project C:/Users/Lauro/Desktop/CECS-461/Lab_2/project_2/project_2.xpr
Scanning sources...
Finished scanning sources
INFO: [IP_Flow 19-234] Refreshing IP repositories
INFO: [IP_Flow 19-1704] No user IP repositories specified
INFO: [IP_Flow 19-2313] Loaded Vivado IP repository 'C:/Xilinx/Vivado/2015.2/data/ip'.
open_project: Time (s): cpu = 00:00:19 ; elapsed = 00:00:08 . Memory (MB): peak = 836.063 ; gain = 243.457
open_bd_design {C:/Users/Lauro/Desktop/CECS-461/Lab_2/project_2/project_2.srcs/sources_1/bd/system/system.bd}
Adding component instance block -- xilinx.com:ip:processing_system7:5.5 - processing_system7_0
Adding component instance block -- xilinx.com:ip:axi_gpio:2.0 - switches
Adding component instance block -- xilinx.com:ip:proc_sys_reset:5.0 - rst_processing_system7_0_100M
Adding component instance block -- xilinx.com:ip:axi_gpio:2.0 - buttons
Adding component instance block -- xilinx.com:ip:axi_crossbar:2.1 - xbar
Adding component instance block -- xilinx.com:ip:axi_protocol_converter:2.1 - auto_pc
Successfully read diagram <system> from BD file <C:/Users/Lauro/Desktop/CECS-461/Lab_2/project_2/project_2.srcs/sources_1/bd/system/system.bd>
save_project_as project_3 C:/Users/Lauro/Desktop/CECS-461/Lab_3/project_3/project_3 -force
Wrote  : <C:/Users/Lauro/Desktop/CECS-461/Lab_3/project_3/project_3/project_3.srcs/sources_1/bd/system/system.bd> 
save_project_as: Time (s): cpu = 00:00:04 ; elapsed = 00:00:08 . Memory (MB): peak = 889.156 ; gain = 0.000
exit
INFO: [Common 17-206] Exiting Vivado at Thu Mar 15 14:06:49 2018...
